{
"contracts\\AFiBase.sol":{"l":{"236":59,"237":59,"238":59,"239":59,"240":59,"241":59,"242":59,"243":59,"244":59,"245":59,"246":59,"247":59,"248":59,"249":59,"250":59,"251":59,"252":59,"257":59,"258":59,"267":59,"268":59,"269":59,"270":59,"271":59,"272":59,"273":59,"274":59,"275":177,"276":177,"279":59,"280":59,"284":178,"285":178,"293":233,"294":231,"302":6,"303":4,"310":91,"319":55,"320":55,"324":2,"325":2,"330":1,"334":90,"343":279,"347":591,"351":570,"355":438,"359":167,"363":809,"370":6,"371":4,"373":2,"375":4,"380":182,"384":2,"386":1,"388":1,"389":1,"394":1,"396":1,"397":0,"400":1,"407":5,"417":5,"418":5,"419":5,"420":5,"421":4,"422":3,"432":4,"433":4,"436":4,"440":191,"444":157,"445":155,"446":155,"447":155,"448":154,"449":153,"450":153,"451":153,"452":153,"453":153,"455":153,"465":153,"466":153,"467":153,"471":195,"482":84,"483":84,"484":84,"485":2,"487":84,"499":321,"500":321,"512":15,"520":48,"521":48,"522":47,"523":44,"527":48,"542":36,"543":36,"544":32,"545":32,"547":32,"562":32,"563":31,"564":31,"565":31,"566":31,"567":31,"569":31,"573":31,"574":31,"575":31,"587":168,"588":168,"600":489,"612":489,"614":489,"615":484,"624":5,"633":488,"644":484,"664":484,"665":484,"671":84,"679":84,"683":84,"685":400,"693":400,"697":400,"699":484,"700":484,"711":5,"713":5,"714":5,"719":5,"720":5,"721":5,"723":5,"724":5,"725":5,"728":5,"730":5,"732":5,"736":5,"738":1,"739":1,"745":0,"749":4,"750":4,"752":4,"754":4,"768":6,"769":6,"779":2,"780":2,"789":2,"790":2,"800":28,"801":28,"805":5,"806":5,"810":1,"811":1,"815":4,"816":4,"820":1,"821":1,"825":40,"827":40,"831":533,"832":533,"833":529,"843":14,"844":14,"848":4,"849":4,"853":1,"855":1,"863":6,"864":5,"865":5,"873":569,"880":1141,"889":180,"893":4,"894":3,"896":3,"902":2,"908":33,"909":11,"914":11,"918":3,"919":1,"927":1,"928":1,"929":1,"930":1,"934":4,"935":2,"936":2,"940":1,"944":2,"945":2,"949":42,"951":42,"955":84,"969":5,"970":4,"971":4,"972":4,"974":4,"989":577,"997":64,"998":64,"1003":64,"1004":64,"1005":64,"1006":232,"1007":232,"1008":232,"1009":232,"1010":232,"1011":232,"1012":232,"1022":64,"1026":31,"1027":31,"1039":31,"1040":31,"1041":31,"1047":70,"1051":410,"1055":68,"1059":62,"1063":12,"1074":3,"1075":2,"1076":1,"1078":1,"1080":2,"1081":2,"1092":19,"1093":19,"1094":3,"1095":2,"1097":1,"1101":19,"1102":13,"1103":13,"1104":0,"1106":13,"1108":19,"1109":4,"1110":4,"1111":4,"1116":3,"1117":3,"1125":4,"1126":3,"1130":6,"1131":6,"1142":6,"1143":5,"1145":5,"1146":5,"1147":5,"1157":45,"1168":10,"1169":9,"1178":1,"1187":87,"1188":2,"1190":85},"path":"C:\\Users\\Rakhi\\afi-audit\\contracts\\AFiBase.sol","s":{"1":59,"2":59,"3":59,"4":59,"5":59,"6":59,"7":59,"8":59,"9":59,"10":59,"11":59,"12":59,"13":59,"14":177,"15":59,"16":178,"17":178,"18":233,"19":6,"20":91,"21":55,"22":2,"23":1,"24":90,"25":279,"26":591,"27":570,"28":438,"29":167,"30":809,"31":6,"32":4,"33":2,"34":182,"35":2,"36":1,"37":1,"38":1,"39":1,"40":1,"41":0,"42":5,"43":5,"44":5,"45":5,"46":4,"47":3,"48":4,"49":157,"50":155,"51":155,"52":155,"53":154,"54":153,"55":153,"56":153,"57":153,"58":153,"59":153,"60":195,"61":84,"62":84,"63":321,"64":15,"65":48,"66":48,"67":47,"68":44,"69":48,"70":36,"71":36,"72":32,"73":32,"74":32,"75":32,"76":31,"77":31,"78":31,"79":31,"80":31,"81":31,"82":31,"83":168,"84":489,"85":489,"86":489,"87":5,"88":488,"89":484,"90":484,"91":484,"92":84,"93":84,"94":400,"95":400,"96":484,"97":484,"98":5,"99":5,"100":5,"101":5,"102":5,"103":5,"104":5,"105":5,"106":5,"107":5,"108":5,"109":1,"110":0,"111":4,"112":4,"113":4,"114":4,"115":6,"116":6,"117":2,"118":2,"119":2,"120":2,"121":28,"122":28,"123":5,"124":5,"125":1,"126":1,"127":4,"128":4,"129":1,"130":1,"131":40,"132":40,"133":533,"134":533,"135":529,"136":14,"137":14,"138":4,"139":4,"140":1,"141":1,"142":6,"143":5,"144":5,"145":569,"146":1141,"147":180,"148":4,"149":3,"150":3,"151":33,"152":11,"153":3,"154":1,"155":1,"156":1,"157":1,"158":1,"159":4,"160":2,"161":2,"162":2,"163":42,"164":84,"165":5,"166":4,"167":4,"168":4,"169":577,"170":64,"171":64,"172":64,"173":64,"174":64,"175":232,"176":232,"177":232,"178":64,"179":31,"180":31,"181":70,"182":410,"183":68,"184":62,"185":12,"186":3,"187":2,"188":1,"189":1,"190":2,"191":2,"192":19,"193":19,"194":3,"195":19,"196":13,"197":0,"198":13,"199":19,"200":4,"201":3,"202":4,"203":6,"204":5,"205":5,"206":5,"207":5,"208":45,"209":10,"210":87,"211":2,"212":85},"b":{"1":[59,0],"2":[59,0],"3":[55,0],"4":[2,0],"5":[584,7],"6":[565,5],"7":[435,3],"8":[204,231],"9":[164,3],"10":[804,5],"11":[6,1],"12":[4,2],"13":[2,1],"14":[1,0],"15":[0,1],"16":[5,0],"17":[4,1],"18":[157,0],"19":[2,82],"20":[36,0],"21":[484,5],"22":[484,0],"23":[5,0],"24":[84,400],"25":[29,55],"26":[55,0],"27":[0,0],"28":[5,0],"29":[1,4],"30":[1,0],"31":[529,4],"32":[6,0],"33":[11,22],"34":[1,0],"35":[42,0],"36":[4,0],"37":[1,1],"38":[3,16],"39":[2,1],"40":[13,6],"41":[0,13],"42":[4,15],"43":[4,1],"44":[1,1],"45":[2,85]},"f":{"1":156,"2":59,"3":59,"4":178,"5":233,"6":6,"7":91,"8":55,"9":2,"10":1,"11":90,"12":279,"13":591,"14":570,"15":438,"16":167,"17":809,"18":6,"19":182,"20":2,"21":5,"22":5,"23":191,"24":157,"25":195,"26":84,"27":321,"28":15,"29":48,"30":48,"31":36,"32":31,"33":168,"34":489,"35":489,"36":484,"37":484,"38":5,"39":6,"40":2,"41":2,"42":28,"43":5,"44":1,"45":4,"46":1,"47":40,"48":533,"49":14,"50":4,"51":1,"52":6,"53":569,"54":1141,"55":180,"56":4,"57":33,"58":11,"59":3,"60":1,"61":4,"62":1,"63":2,"64":42,"65":84,"66":5,"67":577,"68":64,"69":31,"70":31,"71":70,"72":410,"73":68,"74":62,"75":12,"76":3,"77":19,"78":3,"79":4,"80":6,"81":6,"82":45,"83":10,"84":1,"85":87},"fnMap":{"1":{"name":"constructor","line":225,"loc":{"start":{"line":225,"column":2},"end":{"line":225,"column":81}}},"2":{"name":"initialize","line":235,"loc":{"start":{"line":227,"column":2},"end":{"line":259,"column":2}}},"3":{"name":"initializeToken","line":266,"loc":{"start":{"line":261,"column":2},"end":{"line":281,"column":2}}},"4":{"name":"updatetoken","line":283,"loc":{"start":{"line":283,"column":2},"end":{"line":286,"column":2}}},"5":{"name":"pauseUnpauseDeposit","line":292,"loc":{"start":{"line":292,"column":2},"end":{"line":295,"column":2}}},"6":{"name":"pauseWithdraw","line":301,"loc":{"start":{"line":301,"column":2},"end":{"line":304,"column":2}}},"7":{"name":"isPaused","line":309,"loc":{"start":{"line":309,"column":2},"end":{"line":311,"column":2}}},"8":{"name":"setplatformWallet","line":318,"loc":{"start":{"line":318,"column":2},"end":{"line":321,"column":2}}},"9":{"name":"setMinDepLimit","line":323,"loc":{"start":{"line":323,"column":3},"end":{"line":326,"column":2}}},"10":{"name":"getplatformWallet","line":329,"loc":{"start":{"line":329,"column":2},"end":{"line":331,"column":2}}},"11":{"name":"getPreSwapDepositLimit","line":333,"loc":{"start":{"line":333,"column":2},"end":{"line":335,"column":2}}},"12":{"name":"getTVLandRebalContractandType","line":337,"loc":{"start":{"line":337,"column":2},"end":{"line":344,"column":2}}},"13":{"name":"checkFalse","line":346,"loc":{"start":{"line":346,"column":2},"end":{"line":348,"column":2}}},"14":{"name":"addressEqual","line":350,"loc":{"start":{"line":350,"column":2},"end":{"line":352,"column":2}}},"15":{"name":"twoAddressCompare","line":354,"loc":{"start":{"line":354,"column":2},"end":{"line":356,"column":2}}},"16":{"name":"addressCheck","line":358,"loc":{"start":{"line":358,"column":2},"end":{"line":360,"column":2}}},"17":{"name":"greaterEqualComparison","line":362,"loc":{"start":{"line":362,"column":2},"end":{"line":364,"column":2}}},"18":{"name":"togglePauseDepositTokenForWithdrawals","line":369,"loc":{"start":{"line":366,"column":2},"end":{"line":376,"column":2}}},"19":{"name":"safeApproveERC20","line":379,"loc":{"start":{"line":379,"column":2},"end":{"line":381,"column":2}}},"20":{"name":"addToWhitelist","line":383,"loc":{"start":{"line":383,"column":2},"end":{"line":401,"column":2}}},"21":{"name":"getPreDepositTokensBalance","line":403,"loc":{"start":{"line":403,"column":2},"end":{"line":408,"column":2}}},"22":{"name":"removeFromWhitelist","line":416,"loc":{"start":{"line":410,"column":2},"end":{"line":437,"column":2}}},"23":{"name":"updateTVL","line":439,"loc":{"start":{"line":439,"column":2},"end":{"line":441,"column":2}}},"24":{"name":"deposit","line":443,"loc":{"start":{"line":443,"column":2},"end":{"line":468,"column":2}}},"25":{"name":"contractTransfers","line":470,"loc":{"start":{"line":470,"column":2},"end":{"line":472,"column":2}}},"26":{"name":"underlyingTokensStaking","line":479,"loc":{"start":{"line":479,"column":2},"end":{"line":488,"column":2}}},"27":{"name":"swap","line":490,"loc":{"start":{"line":490,"column":2},"end":{"line":509,"column":2}}},"28":{"name":"isOTokenWhitelisted","line":511,"loc":{"start":{"line":511,"column":2},"end":{"line":513,"column":2}}},"29":{"name":"validateWithdraw","line":515,"loc":{"start":{"line":515,"column":2},"end":{"line":524,"column":2}}},"30":{"name":"validateShares","line":526,"loc":{"start":{"line":526,"column":2},"end":{"line":532,"column":2}}},"31":{"name":"withdraw","line":541,"loc":{"start":{"line":534,"column":2},"end":{"line":570,"column":2}}},"32":{"name":"burn","line":572,"loc":{"start":{"line":572,"column":2},"end":{"line":576,"column":2}}},"33":{"name":"swapfromSelectiveDex","line":578,"loc":{"start":{"line":578,"column":2},"end":{"line":597,"column":2}}},"34":{"name":"getDexType","line":599,"loc":{"start":{"line":599,"column":2},"end":{"line":601,"column":2}}},"35":{"name":"_routeSwap","line":603,"loc":{"start":{"line":603,"column":2},"end":{"line":634,"column":2}}},"36":{"name":"getdatastruct","line":636,"loc":{"start":{"line":636,"column":2},"end":{"line":654,"column":2}}},"37":{"name":"_uniswapV3Router","line":656,"loc":{"start":{"line":656,"column":2},"end":{"line":701,"column":2}}},"38":{"name":"_oneInchRouter","line":703,"loc":{"start":{"line":703,"column":2},"end":{"line":755,"column":2}}},"39":{"name":"sendProfitOrFeeToManager","line":763,"loc":{"start":{"line":763,"column":2},"end":{"line":770,"column":2}}},"40":{"name":"_supplyCompV3","line":778,"loc":{"start":{"line":778,"column":2},"end":{"line":781,"column":2}}},"41":{"name":"_withdrawCompoundV3","line":788,"loc":{"start":{"line":788,"column":2},"end":{"line":791,"column":2}}},"42":{"name":"_supplyAave","line":799,"loc":{"start":{"line":799,"column":2},"end":{"line":802,"column":2}}},"43":{"name":"_supplydForce","line":804,"loc":{"start":{"line":804,"column":2},"end":{"line":807,"column":2}}},"44":{"name":"_supplyDolomite","line":809,"loc":{"start":{"line":809,"column":2},"end":{"line":812,"column":2}}},"45":{"name":"_supplySilo","line":814,"loc":{"start":{"line":814,"column":2},"end":{"line":817,"column":2}}},"46":{"name":"_withdrawSilo","line":819,"loc":{"start":{"line":819,"column":2},"end":{"line":822,"column":2}}},"47":{"name":"checkstorageAndApproval","line":824,"loc":{"start":{"line":824,"column":2},"end":{"line":828,"column":2}}},"48":{"name":"approval","line":830,"loc":{"start":{"line":830,"column":2},"end":{"line":835,"column":2}}},"49":{"name":"_withdrawAave","line":842,"loc":{"start":{"line":842,"column":2},"end":{"line":845,"column":2}}},"50":{"name":"_withdrawdForce","line":847,"loc":{"start":{"line":847,"column":2},"end":{"line":850,"column":2}}},"51":{"name":"_withdrawDolomite","line":852,"loc":{"start":{"line":852,"column":2},"end":{"line":856,"column":2}}},"52":{"name":"updatePoolData","line":862,"loc":{"start":{"line":862,"column":2},"end":{"line":866,"column":2}}},"53":{"name":"getUTokens","line":872,"loc":{"start":{"line":872,"column":2},"end":{"line":874,"column":2}}},"54":{"name":"getcSwapCounter","line":879,"loc":{"start":{"line":879,"column":2},"end":{"line":881,"column":2}}},"55":{"name":"getProportions","line":883,"loc":{"start":{"line":883,"column":2},"end":{"line":890,"column":2}}},"56":{"name":"transferValidationAndSet","line":892,"loc":{"start":{"line":892,"column":2},"end":{"line":905,"column":2}}},"57":{"name":"checkNav","line":907,"loc":{"start":{"line":907,"column":2},"end":{"line":911,"column":2}}},"58":{"name":"deleteUserNAV","line":913,"loc":{"start":{"line":913,"column":2},"end":{"line":915,"column":2}}},"59":{"name":"transfer","line":917,"loc":{"start":{"line":917,"column":2},"end":{"line":920,"column":2}}},"60":{"name":"transferFrom","line":922,"loc":{"start":{"line":922,"column":2},"end":{"line":931,"column":2}}},"61":{"name":"transferInternal","line":933,"loc":{"start":{"line":933,"column":2},"end":{"line":937,"column":2}}},"62":{"name":"setAfiTransferability","line":939,"loc":{"start":{"line":939,"column":2},"end":{"line":941,"column":2}}},"63":{"name":"reinitializeHappened","line":943,"loc":{"start":{"line":943,"column":2},"end":{"line":946,"column":2}}},"64":{"name":"setRebalanceController","line":948,"loc":{"start":{"line":948,"column":2},"end":{"line":952,"column":2}}},"65":{"name":"getPauseDepositController","line":954,"loc":{"start":{"line":954,"column":2},"end":{"line":956,"column":2}}},"66":{"name":"setUnstakeData","line":966,"loc":{"start":{"line":966,"column":3},"end":{"line":975,"column":2}}},"67":{"name":"getInputToken","line":983,"loc":{"start":{"line":983,"column":2},"end":{"line":990,"column":2}}},"68":{"name":"setInitialValues","line":996,"loc":{"start":{"line":996,"column":2},"end":{"line":1023,"column":2}}},"69":{"name":"updateuTokAndProp","line":1025,"loc":{"start":{"line":1025,"column":2},"end":{"line":1028,"column":2}}},"70":{"name":"updateDp","line":1035,"loc":{"start":{"line":1035,"column":2},"end":{"line":1042,"column":2}}},"71":{"name":"_lendingPool","line":1046,"loc":{"start":{"line":1046,"column":2},"end":{"line":1048,"column":2}}},"72":{"name":"checkOracle","line":1050,"loc":{"start":{"line":1050,"column":2},"end":{"line":1052,"column":2}}},"73":{"name":"checkManager","line":1054,"loc":{"start":{"line":1054,"column":2},"end":{"line":1056,"column":2}}},"74":{"name":"checkStorage","line":1058,"loc":{"start":{"line":1058,"column":2},"end":{"line":1060,"column":2}}},"75":{"name":"checkDelayModule","line":1062,"loc":{"start":{"line":1062,"column":2},"end":{"line":1064,"column":2}}},"76":{"name":"stakeShares","line":1073,"loc":{"start":{"line":1073,"column":2},"end":{"line":1082,"column":2}}},"77":{"name":"updateLockedTokens","line":1084,"loc":{"start":{"line":1084,"column":2},"end":{"line":1113,"column":2}}},"78":{"name":"updateCp","line":1115,"loc":{"start":{"line":1115,"column":2},"end":{"line":1118,"column":2}}},"79":{"name":"updateTimeLockContract","line":1124,"loc":{"start":{"line":1124,"column":2},"end":{"line":1127,"column":2}}},"80":{"name":"checkTokInList","line":1129,"loc":{"start":{"line":1129,"column":2},"end":{"line":1132,"column":2}}},"81":{"name":"emergencyWithdraw","line":1141,"loc":{"start":{"line":1141,"column":2},"end":{"line":1148,"column":2}}},"82":{"name":"balance","line":1156,"loc":{"start":{"line":1156,"column":2},"end":{"line":1158,"column":2}}},"83":{"name":"updateInputTokens","line":1165,"loc":{"start":{"line":1165,"column":2},"end":{"line":1170,"column":2}}},"84":{"name":"updatePreSwapDepositLimit","line":1177,"loc":{"start":{"line":1177,"column":2},"end":{"line":1179,"column":2}}},"85":{"name":"depositUserNav","line":1186,"loc":{"start":{"line":1186,"column":2},"end":{"line":1192,"column":2}}}},"statementMap":{"1":{"start":{"line":236,"column":4},"end":{"line":236,"column":21}},"2":{"start":{"line":237,"column":4},"end":{"line":237,"column":37}},"3":{"start":{"line":240,"column":4},"end":{"line":240,"column":31}},"4":{"start":{"line":245,"column":4},"end":{"line":245,"column":71}},"5":{"start":{"line":249,"column":4},"end":{"line":249,"column":25}},"6":{"start":{"line":251,"column":4},"end":{"line":251,"column":61}},"7":{"start":{"line":252,"column":4},"end":{"line":252,"column":10371}},"8":{"start":{"line":257,"column":4},"end":{"line":257,"column":63}},"9":{"start":{"line":258,"column":4},"end":{"line":258,"column":35}},"10":{"start":{"line":267,"column":4},"end":{"line":267,"column":21}},"11":{"start":{"line":271,"column":4},"end":{"line":271,"column":57}},"12":{"start":{"line":272,"column":4},"end":{"line":272,"column":29}},"13":{"start":{"line":274,"column":6},"end":{"line":274,"column":11019}},"14":{"start":{"line":275,"column":8},"end":{"line":275,"column":29}},"15":{"start":{"line":280,"column":4},"end":{"line":280,"column":63}},"16":{"start":{"line":284,"column":4},"end":{"line":284,"column":18}},"17":{"start":{"line":285,"column":4},"end":{"line":285,"column":45}},"18":{"start":{"line":293,"column":4},"end":{"line":293,"column":55}},"19":{"start":{"line":302,"column":4},"end":{"line":302,"column":21}},"20":{"start":{"line":310,"column":4},"end":{"line":310,"column":42}},"21":{"start":{"line":319,"column":4},"end":{"line":319,"column":44}},"22":{"start":{"line":324,"column":4},"end":{"line":324,"column":37}},"23":{"start":{"line":330,"column":4},"end":{"line":330,"column":25}},"24":{"start":{"line":334,"column":4},"end":{"line":334,"column":30}},"25":{"start":{"line":343,"column":4},"end":{"line":343,"column":56}},"26":{"start":{"line":347,"column":4},"end":{"line":347,"column":25}},"27":{"start":{"line":351,"column":4},"end":{"line":351,"column":32}},"28":{"start":{"line":355,"column":4},"end":{"line":355,"column":60}},"29":{"start":{"line":359,"column":4},"end":{"line":359,"column":32}},"30":{"start":{"line":363,"column":4},"end":{"line":363,"column":32}},"31":{"start":{"line":370,"column":4},"end":{"line":370,"column":13814}},"32":{"start":{"line":371,"column":6},"end":{"line":371,"column":40}},"33":{"start":{"line":373,"column":6},"end":{"line":373,"column":45}},"34":{"start":{"line":380,"column":4},"end":{"line":380,"column":43}},"35":{"start":{"line":384,"column":4},"end":{"line":384,"column":37}},"36":{"start":{"line":386,"column":3},"end":{"line":386,"column":67}},"37":{"start":{"line":388,"column":4},"end":{"line":388,"column":14312}},"38":{"start":{"line":389,"column":6},"end":{"line":389,"column":21}},"39":{"start":{"line":394,"column":4},"end":{"line":394,"column":75}},"40":{"start":{"line":396,"column":4},"end":{"line":396,"column":14504}},"41":{"start":{"line":397,"column":6},"end":{"line":397,"column":36}},"42":{"start":{"line":407,"column":4},"end":{"line":407,"column":81}},"43":{"start":{"line":417,"column":4},"end":{"line":417,"column":38}},"44":{"start":{"line":418,"column":4},"end":{"line":418,"column":42}},"45":{"start":{"line":420,"column":4},"end":{"line":420,"column":15170}},"46":{"start":{"line":421,"column":6},"end":{"line":421,"column":31}},"47":{"start":{"line":422,"column":6},"end":{"line":422,"column":15271}},"48":{"start":{"line":433,"column":4},"end":{"line":433,"column":38}},"49":{"start":{"line":444,"column":4},"end":{"line":444,"column":94}},"50":{"start":{"line":445,"column":4},"end":{"line":445,"column":14}},"51":{"start":{"line":446,"column":4},"end":{"line":446,"column":27}},"52":{"start":{"line":447,"column":4},"end":{"line":447,"column":41}},"53":{"start":{"line":448,"column":4},"end":{"line":448,"column":28}},"54":{"start":{"line":449,"column":4},"end":{"line":449,"column":69}},"55":{"start":{"line":450,"column":4},"end":{"line":450,"column":38}},"56":{"start":{"line":451,"column":4},"end":{"line":451,"column":49}},"57":{"start":{"line":453,"column":4},"end":{"line":453,"column":69}},"58":{"start":{"line":455,"column":4},"end":{"line":455,"column":16453}},"59":{"start":{"line":466,"column":4},"end":{"line":466,"column":28}},"60":{"start":{"line":471,"column":4},"end":{"line":471,"column":39}},"61":{"start":{"line":482,"column":4},"end":{"line":482,"column":16}},"62":{"start":{"line":484,"column":4},"end":{"line":484,"column":17550}},"63":{"start":{"line":499,"column":4},"end":{"line":499,"column":16}},"64":{"start":{"line":512,"column":4},"end":{"line":512,"column":36}},"65":{"start":{"line":520,"column":4},"end":{"line":520,"column":41}},"66":{"start":{"line":521,"column":4},"end":{"line":521,"column":45}},"67":{"start":{"line":522,"column":4},"end":{"line":522,"column":32}},"68":{"start":{"line":523,"column":4},"end":{"line":523,"column":40}},"69":{"start":{"line":527,"column":4},"end":{"line":527,"column":18694}},"70":{"start":{"line":542,"column":4},"end":{"line":542,"column":29}},"71":{"start":{"line":543,"column":4},"end":{"line":543,"column":48}},"72":{"start":{"line":544,"column":4},"end":{"line":544,"column":14}},"73":{"start":{"line":545,"column":4},"end":{"line":545,"column":48}},"74":{"start":{"line":547,"column":4},"end":{"line":547,"column":19211}},"75":{"start":{"line":562,"column":4},"end":{"line":562,"column":130}},"76":{"start":{"line":563,"column":4},"end":{"line":563,"column":28}},"77":{"start":{"line":564,"column":4},"end":{"line":564,"column":74}},"78":{"start":{"line":565,"column":4},"end":{"line":565,"column":56}},"79":{"start":{"line":566,"column":4},"end":{"line":566,"column":23}},"80":{"start":{"line":567,"column":4},"end":{"line":567,"column":57}},"81":{"start":{"line":569,"column":4},"end":{"line":569,"column":46}},"82":{"start":{"line":575,"column":4},"end":{"line":575,"column":46}},"83":{"start":{"line":587,"column":4},"end":{"line":587,"column":53}},"84":{"start":{"line":600,"column":4},"end":{"line":600,"column":67}},"85":{"start":{"line":612,"column":4},"end":{"line":612,"column":60}},"86":{"start":{"line":614,"column":4},"end":{"line":614,"column":21257}},"87":{"start":{"line":623,"column":11},"end":{"line":623,"column":21522}},"88":{"start":{"line":633,"column":4},"end":{"line":633,"column":22}},"89":{"start":{"line":644,"column":4},"end":{"line":644,"column":22105}},"90":{"start":{"line":664,"column":4},"end":{"line":664,"column":59}},"91":{"start":{"line":665,"column":4},"end":{"line":665,"column":22603}},"92":{"start":{"line":671,"column":6},"end":{"line":671,"column":22748}},"93":{"start":{"line":679,"column":6},"end":{"line":679,"column":22935}},"94":{"start":{"line":685,"column":6},"end":{"line":685,"column":23158}},"95":{"start":{"line":693,"column":6},"end":{"line":693,"column":23345}},"96":{"start":{"line":699,"column":4},"end":{"line":699,"column":57}},"97":{"start":{"line":700,"column":4},"end":{"line":700,"column":22}},"98":{"start":{"line":711,"column":4},"end":{"line":711,"column":45}},"99":{"start":{"line":713,"column":4},"end":{"line":713,"column":48}},"100":{"start":{"line":714,"column":4},"end":{"line":714,"column":24060}},"101":{"start":{"line":719,"column":4},"end":{"line":719,"column":49}},"102":{"start":{"line":720,"column":4},"end":{"line":720,"column":49}},"103":{"start":{"line":721,"column":4},"end":{"line":721,"column":53}},"104":{"start":{"line":723,"column":4},"end":{"line":723,"column":24385}},"105":{"start":{"line":728,"column":4},"end":{"line":728,"column":50}},"106":{"start":{"line":730,"column":4},"end":{"line":730,"column":60}},"107":{"start":{"line":732,"column":4},"end":{"line":732,"column":24684}},"108":{"start":{"line":736,"column":4},"end":{"line":736,"column":24868}},"109":{"start":{"line":738,"column":8},"end":{"line":738,"column":24938}},"110":{"start":{"line":745,"column":12},"end":{"line":745,"column":47}},"111":{"start":{"line":749,"column":4},"end":{"line":749,"column":59}},"112":{"start":{"line":750,"column":4},"end":{"line":750,"column":74}},"113":{"start":{"line":752,"column":4},"end":{"line":752,"column":40}},"114":{"start":{"line":754,"column":4},"end":{"line":754,"column":41}},"115":{"start":{"line":768,"column":4},"end":{"line":768,"column":53}},"116":{"start":{"line":769,"column":4},"end":{"line":769,"column":49}},"117":{"start":{"line":779,"column":4},"end":{"line":779,"column":61}},"118":{"start":{"line":780,"column":4},"end":{"line":780,"column":55}},"119":{"start":{"line":789,"column":4},"end":{"line":789,"column":17}},"120":{"start":{"line":790,"column":4},"end":{"line":790,"column":57}},"121":{"start":{"line":800,"column":4},"end":{"line":800,"column":64}},"122":{"start":{"line":801,"column":4},"end":{"line":801,"column":56}},"123":{"start":{"line":805,"column":4},"end":{"line":805,"column":57}},"124":{"start":{"line":806,"column":4},"end":{"line":806,"column":56}},"125":{"start":{"line":810,"column":4},"end":{"line":810,"column":64}},"126":{"start":{"line":811,"column":4},"end":{"line":811,"column":57}},"127":{"start":{"line":815,"column":4},"end":{"line":815,"column":59}},"128":{"start":{"line":816,"column":4},"end":{"line":816,"column":66}},"129":{"start":{"line":820,"column":4},"end":{"line":820,"column":17}},"130":{"start":{"line":821,"column":4},"end":{"line":821,"column":67}},"131":{"start":{"line":825,"column":4},"end":{"line":825,"column":17}},"132":{"start":{"line":827,"column":4},"end":{"line":827,"column":29}},"133":{"start":{"line":831,"column":4},"end":{"line":831,"column":68}},"134":{"start":{"line":832,"column":4},"end":{"line":832,"column":28602}},"135":{"start":{"line":833,"column":6},"end":{"line":833,"column":68}},"136":{"start":{"line":843,"column":4},"end":{"line":843,"column":17}},"137":{"start":{"line":844,"column":4},"end":{"line":844,"column":54}},"138":{"start":{"line":848,"column":4},"end":{"line":848,"column":17}},"139":{"start":{"line":849,"column":4},"end":{"line":849,"column":68}},"140":{"start":{"line":853,"column":4},"end":{"line":853,"column":17}},"141":{"start":{"line":855,"column":4},"end":{"line":855,"column":61}},"142":{"start":{"line":863,"column":4},"end":{"line":863,"column":17}},"143":{"start":{"line":864,"column":4},"end":{"line":864,"column":25}},"144":{"start":{"line":865,"column":4},"end":{"line":865,"column":44}},"145":{"start":{"line":873,"column":4},"end":{"line":873,"column":18}},"146":{"start":{"line":880,"column":4},"end":{"line":880,"column":23}},"147":{"start":{"line":889,"column":4},"end":{"line":889,"column":49}},"148":{"start":{"line":893,"column":4},"end":{"line":893,"column":34}},"149":{"start":{"line":894,"column":4},"end":{"line":894,"column":24}},"150":{"start":{"line":896,"column":4},"end":{"line":896,"column":30572}},"151":{"start":{"line":908,"column":4},"end":{"line":908,"column":30919}},"152":{"start":{"line":909,"column":6},"end":{"line":909,"column":26}},"153":{"start":{"line":918,"column":4},"end":{"line":918,"column":45}},"154":{"start":{"line":919,"column":4},"end":{"line":919,"column":15}},"155":{"start":{"line":927,"column":4},"end":{"line":927,"column":34}},"156":{"start":{"line":928,"column":4},"end":{"line":928,"column":41}},"157":{"start":{"line":929,"column":4},"end":{"line":929,"column":37}},"158":{"start":{"line":930,"column":4},"end":{"line":930,"column":15}},"159":{"start":{"line":934,"column":4},"end":{"line":934,"column":45}},"160":{"start":{"line":935,"column":4},"end":{"line":935,"column":30}},"161":{"start":{"line":936,"column":4},"end":{"line":936,"column":17}},"162":{"start":{"line":944,"column":4},"end":{"line":944,"column":43}},"163":{"start":{"line":949,"column":4},"end":{"line":949,"column":52}},"164":{"start":{"line":955,"column":4},"end":{"line":955,"column":33}},"165":{"start":{"line":969,"column":4},"end":{"line":969,"column":16}},"166":{"start":{"line":970,"column":4},"end":{"line":970,"column":34}},"167":{"start":{"line":971,"column":4},"end":{"line":971,"column":33009}},"168":{"start":{"line":974,"column":4},"end":{"line":974,"column":42}},"169":{"start":{"line":989,"column":4},"end":{"line":989,"column":41}},"170":{"start":{"line":997,"column":4},"end":{"line":997,"column":71}},"171":{"start":{"line":998,"column":4},"end":{"line":998,"column":33937}},"172":{"start":{"line":1003,"column":4},"end":{"line":1003,"column":15}},"173":{"start":{"line":1004,"column":4},"end":{"line":1004,"column":46}},"174":{"start":{"line":1005,"column":4},"end":{"line":1005,"column":34126}},"175":{"start":{"line":1007,"column":6},"end":{"line":1007,"column":45}},"176":{"start":{"line":1008,"column":6},"end":{"line":1008,"column":68}},"177":{"start":{"line":1012,"column":6},"end":{"line":1012,"column":34491}},"178":{"start":{"line":1022,"column":4},"end":{"line":1022,"column":40}},"179":{"start":{"line":1026,"column":4},"end":{"line":1026,"column":17}},"180":{"start":{"line":1039,"column":4},"end":{"line":1039,"column":17}},"181":{"start":{"line":1047,"column":4},"end":{"line":1047,"column":80}},"182":{"start":{"line":1051,"column":4},"end":{"line":1051,"column":38}},"183":{"start":{"line":1055,"column":4},"end":{"line":1055,"column":39}},"184":{"start":{"line":1059,"column":4},"end":{"line":1059,"column":48}},"185":{"start":{"line":1063,"column":4},"end":{"line":1063,"column":40}},"186":{"start":{"line":1074,"column":4},"end":{"line":1074,"column":33}},"187":{"start":{"line":1075,"column":4},"end":{"line":1075,"column":36432}},"188":{"start":{"line":1076,"column":6},"end":{"line":1076,"column":33}},"189":{"start":{"line":1078,"column":6},"end":{"line":1078,"column":59}},"190":{"start":{"line":1080,"column":4},"end":{"line":1080,"column":58}},"191":{"start":{"line":1081,"column":4},"end":{"line":1081,"column":41}},"192":{"start":{"line":1092,"column":4},"end":{"line":1092,"column":43}},"193":{"start":{"line":1093,"column":4},"end":{"line":1093,"column":36897}},"194":{"start":{"line":1094,"column":6},"end":{"line":1094,"column":36938}},"195":{"start":{"line":1101,"column":4},"end":{"line":1101,"column":37125}},"196":{"start":{"line":1103,"column":6},"end":{"line":1103,"column":37181}},"197":{"start":{"line":1104,"column":8},"end":{"line":1104,"column":26}},"198":{"start":{"line":1106,"column":6},"end":{"line":1106,"column":45}},"199":{"start":{"line":1108,"column":4},"end":{"line":1108,"column":37337}},"200":{"start":{"line":1111,"column":6},"end":{"line":1111,"column":45}},"201":{"start":{"line":1116,"column":4},"end":{"line":1116,"column":51}},"202":{"start":{"line":1125,"column":4},"end":{"line":1125,"column":34}},"203":{"start":{"line":1142,"column":4},"end":{"line":1142,"column":21}},"204":{"start":{"line":1143,"column":4},"end":{"line":1143,"column":56}},"205":{"start":{"line":1145,"column":4},"end":{"line":1145,"column":22}},"206":{"start":{"line":1146,"column":4},"end":{"line":1146,"column":23}},"207":{"start":{"line":1147,"column":4},"end":{"line":1147,"column":62}},"208":{"start":{"line":1157,"column":4},"end":{"line":1157,"column":45}},"209":{"start":{"line":1168,"column":4},"end":{"line":1168,"column":41}},"210":{"start":{"line":1187,"column":4},"end":{"line":1187,"column":40081}},"211":{"start":{"line":1188,"column":6},"end":{"line":1188,"column":14}},"212":{"start":{"line":1190,"column":6},"end":{"line":1190,"column":29}}},"branchMap":{"1":{"line":235,"type":"if","locations":[{"start":{"line":235,"column":22},"end":{"line":235,"column":22}},{"start":{"line":235,"column":22},"end":{"line":235,"column":22}}]},"2":{"line":266,"type":"if","locations":[{"start":{"line":266,"column":22},"end":{"line":266,"column":22}},{"start":{"line":266,"column":22},"end":{"line":266,"column":22}}]},"3":{"line":318,"type":"if","locations":[{"start":{"line":318,"column":71},"end":{"line":318,"column":71}},{"start":{"line":318,"column":71},"end":{"line":318,"column":71}}]},"4":{"line":323,"type":"if","locations":[{"start":{"line":323,"column":51},"end":{"line":323,"column":51}},{"start":{"line":323,"column":51},"end":{"line":323,"column":51}}]},"5":{"line":347,"type":"if","locations":[{"start":{"line":347,"column":4},"end":{"line":347,"column":4}},{"start":{"line":347,"column":4},"end":{"line":347,"column":4}}]},"6":{"line":351,"type":"if","locations":[{"start":{"line":351,"column":4},"end":{"line":351,"column":4}},{"start":{"line":351,"column":4},"end":{"line":351,"column":4}}]},"7":{"line":355,"type":"if","locations":[{"start":{"line":355,"column":4},"end":{"line":355,"column":4}},{"start":{"line":355,"column":4},"end":{"line":355,"column":4}}]},"8":{"line":355,"type":"cond-expr","locations":[{"start":{"line":355,"column":12},"end":{"line":355,"column":29}},{"start":{"line":355,"column":34},"end":{"line":355,"column":51}}]},"9":{"line":359,"type":"if","locations":[{"start":{"line":359,"column":4},"end":{"line":359,"column":4}},{"start":{"line":359,"column":4},"end":{"line":359,"column":4}}]},"10":{"line":363,"type":"if","locations":[{"start":{"line":363,"column":4},"end":{"line":363,"column":4}},{"start":{"line":363,"column":4},"end":{"line":363,"column":4}}]},"11":{"line":369,"type":"if","locations":[{"start":{"line":369,"column":13},"end":{"line":369,"column":13}},{"start":{"line":369,"column":13},"end":{"line":369,"column":13}}]},"12":{"line":370,"type":"if","locations":[{"start":{"line":370,"column":4},"end":{"line":370,"column":4}},{"start":{"line":370,"column":4},"end":{"line":370,"column":4}}]},"13":{"line":383,"type":"if","locations":[{"start":{"line":383,"column":48},"end":{"line":383,"column":48}},{"start":{"line":383,"column":48},"end":{"line":383,"column":48}}]},"14":{"line":388,"type":"if","locations":[{"start":{"line":388,"column":4},"end":{"line":388,"column":4}},{"start":{"line":388,"column":4},"end":{"line":388,"column":4}}]},"15":{"line":396,"type":"if","locations":[{"start":{"line":396,"column":4},"end":{"line":396,"column":4}},{"start":{"line":396,"column":4},"end":{"line":396,"column":4}}]},"16":{"line":416,"type":"if","locations":[{"start":{"line":416,"column":13},"end":{"line":416,"column":13}},{"start":{"line":416,"column":13},"end":{"line":416,"column":13}}]},"17":{"line":420,"type":"if","locations":[{"start":{"line":420,"column":4},"end":{"line":420,"column":4}},{"start":{"line":420,"column":4},"end":{"line":420,"column":4}}]},"18":{"line":443,"type":"if","locations":[{"start":{"line":443,"column":57},"end":{"line":443,"column":57}},{"start":{"line":443,"column":57},"end":{"line":443,"column":57}}]},"19":{"line":484,"type":"if","locations":[{"start":{"line":484,"column":4},"end":{"line":484,"column":4}},{"start":{"line":484,"column":4},"end":{"line":484,"column":4}}]},"20":{"line":541,"type":"if","locations":[{"start":{"line":541,"column":13},"end":{"line":541,"column":13}},{"start":{"line":541,"column":13},"end":{"line":541,"column":13}}]},"21":{"line":614,"type":"if","locations":[{"start":{"line":614,"column":4},"end":{"line":614,"column":4}},{"start":{"line":614,"column":4},"end":{"line":614,"column":4}}]},"22":{"line":614,"type":"cond-expr","locations":[{"start":{"line":614,"column":8},"end":{"line":614,"column":43}},{"start":{"line":614,"column":48},"end":{"line":614,"column":74}}]},"23":{"line":623,"type":"if","locations":[{"start":{"line":623,"column":11},"end":{"line":623,"column":11}},{"start":{"line":623,"column":11},"end":{"line":623,"column":11}}]},"24":{"line":665,"type":"if","locations":[{"start":{"line":665,"column":4},"end":{"line":665,"column":4}},{"start":{"line":665,"column":4},"end":{"line":665,"column":4}}]},"25":{"line":666,"type":"cond-expr","locations":[{"start":{"line":666,"column":6},"end":{"line":666,"column":21}},{"start":{"line":667,"column":6},"end":{"line":667,"column":22}}]},"26":{"line":666,"type":"cond-expr","locations":[{"start":{"line":666,"column":6},"end":{"line":667,"column":22}},{"start":{"line":668,"column":6},"end":{"line":668,"column":28}}]},"27":{"line":666,"type":"cond-expr","locations":[{"start":{"line":666,"column":6},"end":{"line":668,"column":28}},{"start":{"line":669,"column":6},"end":{"line":669,"column":29}}]},"28":{"line":723,"type":"if","locations":[{"start":{"line":723,"column":4},"end":{"line":723,"column":4}},{"start":{"line":723,"column":4},"end":{"line":723,"column":4}}]},"29":{"line":736,"type":"if","locations":[{"start":{"line":736,"column":4},"end":{"line":736,"column":4}},{"start":{"line":736,"column":4},"end":{"line":736,"column":4}}]},"30":{"line":738,"type":"if","locations":[{"start":{"line":738,"column":8},"end":{"line":738,"column":8}},{"start":{"line":738,"column":8},"end":{"line":738,"column":8}}]},"31":{"line":832,"type":"if","locations":[{"start":{"line":832,"column":4},"end":{"line":832,"column":4}},{"start":{"line":832,"column":4},"end":{"line":832,"column":4}}]},"32":{"line":862,"type":"if","locations":[{"start":{"line":862,"column":63},"end":{"line":862,"column":63}},{"start":{"line":862,"column":63},"end":{"line":862,"column":63}}]},"33":{"line":908,"type":"if","locations":[{"start":{"line":908,"column":4},"end":{"line":908,"column":4}},{"start":{"line":908,"column":4},"end":{"line":908,"column":4}}]},"34":{"line":939,"type":"if","locations":[{"start":{"line":939,"column":66},"end":{"line":939,"column":66}},{"start":{"line":939,"column":66},"end":{"line":939,"column":66}}]},"35":{"line":948,"type":"if","locations":[{"start":{"line":948,"column":76},"end":{"line":948,"column":76}},{"start":{"line":948,"column":76},"end":{"line":948,"column":76}}]},"36":{"line":971,"type":"if","locations":[{"start":{"line":971,"column":4},"end":{"line":971,"column":4}},{"start":{"line":971,"column":4},"end":{"line":971,"column":4}}]},"37":{"line":1075,"type":"if","locations":[{"start":{"line":1075,"column":4},"end":{"line":1075,"column":4}},{"start":{"line":1075,"column":4},"end":{"line":1075,"column":4}}]},"38":{"line":1093,"type":"if","locations":[{"start":{"line":1093,"column":4},"end":{"line":1093,"column":4}},{"start":{"line":1093,"column":4},"end":{"line":1093,"column":4}}]},"39":{"line":1094,"type":"if","locations":[{"start":{"line":1094,"column":6},"end":{"line":1094,"column":6}},{"start":{"line":1094,"column":6},"end":{"line":1094,"column":6}}]},"40":{"line":1101,"type":"if","locations":[{"start":{"line":1101,"column":4},"end":{"line":1101,"column":4}},{"start":{"line":1101,"column":4},"end":{"line":1101,"column":4}}]},"41":{"line":1103,"type":"if","locations":[{"start":{"line":1103,"column":6},"end":{"line":1103,"column":6}},{"start":{"line":1103,"column":6},"end":{"line":1103,"column":6}}]},"42":{"line":1108,"type":"if","locations":[{"start":{"line":1108,"column":4},"end":{"line":1108,"column":4}},{"start":{"line":1108,"column":4},"end":{"line":1108,"column":4}}]},"43":{"line":1124,"type":"if","locations":[{"start":{"line":1124,"column":58},"end":{"line":1124,"column":58}},{"start":{"line":1124,"column":58},"end":{"line":1124,"column":58}}]},"44":{"line":1177,"type":"if","locations":[{"start":{"line":1177,"column":76},"end":{"line":1177,"column":76}},{"start":{"line":1177,"column":76},"end":{"line":1177,"column":76}}]},"45":{"line":1187,"type":"if","locations":[{"start":{"line":1187,"column":4},"end":{"line":1187,"column":4}},{"start":{"line":1187,"column":4},"end":{"line":1187,"column":4}}]}}},
"contracts\\AFiFactory.sol":{"l":{"29":156,"30":156,"38":1,"65":65,"66":65,"72":64,"73":64,"74":64,"76":64,"77":63,"78":62,"79":61,"80":60,"81":59,"82":59,"83":59,"84":59,"93":59,"99":59,"105":61,"106":61,"107":119,"108":1,"111":60,"118":82,"125":83,"132":159,"133":159,"134":159,"136":159,"137":2,"139":157,"144":118,"145":118,"146":59,"147":59,"149":59,"150":59,"156":1,"160":128},"path":"C:\\Users\\Rakhi\\afi-audit\\contracts\\AFiFactory.sol","s":{"1":156,"2":1,"3":65,"4":65,"5":64,"6":64,"7":64,"8":63,"9":62,"10":61,"11":60,"12":59,"13":59,"14":59,"15":59,"16":61,"17":61,"18":119,"19":1,"20":60,"21":82,"22":83,"23":159,"24":159,"25":159,"26":2,"27":157,"28":118,"29":118,"30":59,"31":59,"32":59,"33":1,"34":128},"b":{"1":[156,0],"2":[65,1],"3":[64,1],"4":[63,1],"5":[62,1],"6":[61,1],"7":[60,1],"8":[59,1],"9":[1,118],"10":[2,157],"11":[118,0],"12":[59,59],"13":[59,0],"14":[59,0],"15":[59,0]},"f":{"1":156,"2":1,"3":65,"4":61,"5":82,"6":83,"7":159,"8":118,"9":1,"10":128},"fnMap":{"1":{"name":"constructor","line":27,"loc":{"start":{"line":27,"column":2},"end":{"line":31,"column":2}}},"2":{"name":"afiProductsCount","line":37,"loc":{"start":{"line":37,"column":2},"end":{"line":39,"column":2}}},"3":{"name":"createAToken","line":64,"loc":{"start":{"line":54,"column":2},"end":{"line":100,"column":2}}},"4":{"name":"checkForZeroAddress","line":102,"loc":{"start":{"line":102,"column":2},"end":{"line":112,"column":2}}},"5":{"name":"encodePoolData","line":115,"loc":{"start":{"line":115,"column":2},"end":{"line":119,"column":2}}},"6":{"name":"encodeUnderlyingData","line":122,"loc":{"start":{"line":122,"column":2},"end":{"line":126,"column":2}}},"7":{"name":"getPricePerFullShare","line":128,"loc":{"start":{"line":128,"column":2},"end":{"line":140,"column":2}}},"8":{"name":"afiContractInitUpdate","line":143,"loc":{"start":{"line":143,"column":2},"end":{"line":152,"column":2}}},"9":{"name":"getAFiInitStatus","line":155,"loc":{"start":{"line":155,"column":2},"end":{"line":157,"column":2}}},"10":{"name":"getAFiTokenStatus","line":159,"loc":{"start":{"line":159,"column":2},"end":{"line":161,"column":2}}}},"statementMap":{"1":{"start":{"line":29,"column":4},"end":{"line":29,"column":55}},"2":{"start":{"line":38,"column":4},"end":{"line":38,"column":29}},"3":{"start":{"line":65,"column":4},"end":{"line":65,"column":71}},"4":{"start":{"line":66,"column":4},"end":{"line":66,"column":2528}},"5":{"start":{"line":72,"column":4},"end":{"line":72,"column":27}},"6":{"start":{"line":73,"column":4},"end":{"line":73,"column":2827}},"7":{"start":{"line":76,"column":4},"end":{"line":76,"column":47}},"8":{"start":{"line":77,"column":4},"end":{"line":77,"column":54}},"9":{"start":{"line":78,"column":4},"end":{"line":78,"column":63}},"10":{"start":{"line":79,"column":4},"end":{"line":79,"column":63}},"11":{"start":{"line":80,"column":4},"end":{"line":80,"column":55}},"12":{"start":{"line":83,"column":4},"end":{"line":83,"column":34}},"13":{"start":{"line":84,"column":4},"end":{"line":84,"column":3423}},"14":{"start":{"line":93,"column":4},"end":{"line":93,"column":3608}},"15":{"start":{"line":99,"column":4},"end":{"line":99,"column":52}},"16":{"start":{"line":105,"column":4},"end":{"line":105,"column":36}},"17":{"start":{"line":106,"column":4},"end":{"line":106,"column":3980}},"18":{"start":{"line":107,"column":6},"end":{"line":107,"column":4022}},"19":{"start":{"line":108,"column":8},"end":{"line":108,"column":19}},"20":{"start":{"line":111,"column":4},"end":{"line":111,"column":16}},"21":{"start":{"line":118,"column":4},"end":{"line":118,"column":33}},"22":{"start":{"line":125,"column":4},"end":{"line":125,"column":30}},"23":{"start":{"line":132,"column":4},"end":{"line":132,"column":18}},"24":{"start":{"line":133,"column":4},"end":{"line":133,"column":60}},"25":{"start":{"line":136,"column":4},"end":{"line":136,"column":4927}},"26":{"start":{"line":137,"column":6},"end":{"line":137,"column":20}},"27":{"start":{"line":139,"column":4},"end":{"line":139,"column":45}},"28":{"start":{"line":144,"column":4},"end":{"line":144,"column":43}},"29":{"start":{"line":145,"column":4},"end":{"line":145,"column":5259}},"30":{"start":{"line":146,"column":6},"end":{"line":146,"column":51}},"31":{"start":{"line":148,"column":11},"end":{"line":148,"column":5388}},"32":{"start":{"line":149,"column":6},"end":{"line":149,"column":57}},"33":{"start":{"line":156,"column":4},"end":{"line":156,"column":77}},"34":{"start":{"line":160,"column":4},"end":{"line":160,"column":40}}},"branchMap":{"1":{"line":29,"type":"if","locations":[{"start":{"line":29,"column":4},"end":{"line":29,"column":4}},{"start":{"line":29,"column":4},"end":{"line":29,"column":4}}]},"2":{"line":64,"type":"if","locations":[{"start":{"line":64,"column":13},"end":{"line":64,"column":13}},{"start":{"line":64,"column":13},"end":{"line":64,"column":13}}]},"3":{"line":66,"type":"if","locations":[{"start":{"line":66,"column":4},"end":{"line":66,"column":4}},{"start":{"line":66,"column":4},"end":{"line":66,"column":4}}]},"4":{"line":76,"type":"if","locations":[{"start":{"line":76,"column":4},"end":{"line":76,"column":4}},{"start":{"line":76,"column":4},"end":{"line":76,"column":4}}]},"5":{"line":77,"type":"if","locations":[{"start":{"line":77,"column":4},"end":{"line":77,"column":4}},{"start":{"line":77,"column":4},"end":{"line":77,"column":4}}]},"6":{"line":78,"type":"if","locations":[{"start":{"line":78,"column":4},"end":{"line":78,"column":4}},{"start":{"line":78,"column":4},"end":{"line":78,"column":4}}]},"7":{"line":79,"type":"if","locations":[{"start":{"line":79,"column":4},"end":{"line":79,"column":4}},{"start":{"line":79,"column":4},"end":{"line":79,"column":4}}]},"8":{"line":80,"type":"if","locations":[{"start":{"line":80,"column":4},"end":{"line":80,"column":4}},{"start":{"line":80,"column":4},"end":{"line":80,"column":4}}]},"9":{"line":107,"type":"if","locations":[{"start":{"line":107,"column":6},"end":{"line":107,"column":6}},{"start":{"line":107,"column":6},"end":{"line":107,"column":6}}]},"10":{"line":136,"type":"if","locations":[{"start":{"line":136,"column":4},"end":{"line":136,"column":4}},{"start":{"line":136,"column":4},"end":{"line":136,"column":4}}]},"11":{"line":144,"type":"if","locations":[{"start":{"line":144,"column":4},"end":{"line":144,"column":4}},{"start":{"line":144,"column":4},"end":{"line":144,"column":4}}]},"12":{"line":145,"type":"if","locations":[{"start":{"line":145,"column":4},"end":{"line":145,"column":4}},{"start":{"line":145,"column":4},"end":{"line":145,"column":4}}]},"13":{"line":146,"type":"if","locations":[{"start":{"line":146,"column":6},"end":{"line":146,"column":6}},{"start":{"line":146,"column":6},"end":{"line":146,"column":6}}]},"14":{"line":148,"type":"if","locations":[{"start":{"line":148,"column":11},"end":{"line":148,"column":11}},{"start":{"line":148,"column":11},"end":{"line":148,"column":11}}]},"15":{"line":149,"type":"if","locations":[{"start":{"line":149,"column":6},"end":{"line":149,"column":6}},{"start":{"line":149,"column":6},"end":{"line":149,"column":6}}]}}},
"contracts\\AFiManager.sol":{"l":{"100":64,"101":58,"105":3,"106":2,"110":40,"114":150,"122":9,"123":9,"131":1,"132":1,"136":39,"140":106,"148":1,"152":104,"156":17,"157":17,"172":4,"173":3,"174":3,"175":2,"176":2,"200":17,"201":17,"203":16,"204":13,"206":13,"207":13,"209":12,"210":12,"213":12,"214":12,"215":8,"216":8,"217":8,"219":4,"222":9,"223":9,"229":9,"238":9,"245":9,"247":9,"248":9,"250":9,"258":9,"259":9,"261":9,"262":9,"263":4,"267":0,"273":4,"276":4,"285":3,"287":5,"289":5,"290":5,"295":5,"296":1,"302":5,"304":5,"316":5,"321":5,"330":8,"342":28,"343":28,"354":14,"356":14,"358":3,"364":3,"369":3,"377":3,"378":3,"379":3,"380":3,"381":2,"383":3,"384":3,"386":0,"393":1,"394":1,"395":1,"397":0,"421":4,"422":4,"423":4,"426":4,"427":12,"428":8,"429":8,"434":4,"435":12,"436":8,"438":8,"439":4,"440":4,"442":4,"443":4,"446":8,"448":8,"452":8,"465":4,"471":3,"472":3,"474":3,"496":5,"497":5,"499":5,"500":13,"501":8,"502":3,"504":5,"509":5,"510":5,"511":5,"523":5,"543":47,"545":47,"555":47,"559":8,"560":8,"564":8,"569":7,"570":7,"571":6,"586":2,"587":2,"606":113,"624":3,"625":3,"627":3,"628":3,"629":3,"630":3,"631":3,"633":3,"635":3,"639":3,"643":3,"650":3,"651":3,"658":3,"661":3,"667":3,"673":3,"674":3,"687":136,"691":3,"692":3,"693":3,"697":47,"703":26,"721":5,"722":5,"723":5,"724":15,"731":5,"732":2,"735":5,"742":72,"743":72,"752":1,"753":1,"762":3,"763":3,"765":3,"767":3,"772":3,"773":3,"776":3,"777":7,"778":2,"782":2,"783":1,"784":1,"785":1,"788":7,"793":3,"798":3,"802":5,"814":3,"815":3,"816":3,"817":3,"818":1,"819":2,"820":1,"824":1,"829":1,"842":1,"845":1,"847":1,"854":1,"855":1,"857":1,"858":2,"859":1,"862":1,"873":1,"878":2,"879":5,"883":5,"888":5,"900":2,"903":2,"905":2,"912":2,"913":2,"916":2,"917":5,"919":5,"932":3,"933":3,"940":55,"949":14,"950":4,"951":4,"952":4,"953":4,"954":4,"964":1,"965":1,"969":28,"983":15,"984":15,"985":39,"988":15,"991":15,"992":15,"993":38,"997":37,"1000":14,"1008":92,"1009":92,"1011":92,"1012":92,"1019":92,"1020":92,"1021":92,"1025":96,"1037":2,"1043":1,"1044":1,"1045":1,"1062":4,"1081":32,"1082":32,"1083":32,"1084":32,"1085":32,"1087":32,"1088":111,"1094":111,"1095":26,"1096":26,"1098":26,"1099":26,"1100":26,"1107":122,"1111":203,"1120":26,"1137":6,"1146":19,"1148":19,"1150":19,"1151":48,"1152":13,"1155":48,"1156":19,"1162":19,"1164":18,"1167":18,"1172":18,"1173":18,"1174":5,"1183":18,"1187":5,"1188":5,"1212":13,"1214":13,"1215":13,"1216":13,"1218":13,"1220":13,"1229":13,"1230":0,"1238":13,"1240":13,"1247":13,"1252":13,"1256":84,"1257":84,"1272":2,"1273":2,"1274":2,"1275":2,"1277":2,"1279":2,"1280":2,"1281":2,"1285":2,"1289":2,"1290":2,"1291":2,"1292":2,"1293":2,"1298":2,"1299":4,"1307":2,"1308":2,"1309":2,"1310":2,"1316":2,"1327":22,"1331":22,"1333":22,"1335":22,"1336":22,"1350":87},"path":"C:\\Users\\Rakhi\\afi-audit\\contracts\\AFiManager.sol","s":{"1":64,"2":3,"3":40,"4":150,"5":9,"6":1,"7":39,"8":106,"9":1,"10":104,"11":9,"12":17,"13":4,"14":3,"15":3,"16":2,"17":2,"18":17,"19":17,"20":16,"21":13,"22":13,"23":13,"24":12,"25":12,"26":8,"27":8,"28":8,"29":4,"30":9,"31":9,"32":9,"33":9,"34":9,"35":9,"36":4,"37":3,"38":5,"39":5,"40":5,"41":5,"42":8,"43":28,"44":28,"45":14,"46":14,"47":3,"48":3,"49":3,"50":3,"51":3,"52":3,"53":3,"54":0,"55":1,"56":1,"57":1,"58":0,"59":4,"60":4,"61":12,"62":4,"63":12,"64":8,"65":8,"66":3,"67":3,"68":3,"69":5,"70":13,"71":8,"72":5,"73":5,"74":5,"75":47,"76":47,"77":8,"78":8,"79":8,"80":7,"81":7,"82":6,"83":2,"84":2,"85":113,"86":3,"87":3,"88":3,"89":3,"90":3,"91":3,"92":3,"93":3,"94":3,"95":3,"96":3,"97":3,"98":3,"99":3,"100":136,"101":47,"102":26,"103":5,"104":5,"105":5,"106":5,"107":2,"108":5,"109":72,"110":1,"111":3,"112":3,"113":3,"114":3,"115":3,"116":7,"117":2,"118":7,"119":3,"120":3,"121":5,"122":3,"123":3,"124":3,"125":3,"126":1,"127":2,"128":1,"129":1,"130":1,"131":1,"132":2,"133":1,"134":2,"135":5,"136":2,"137":2,"138":2,"139":5,"140":3,"141":55,"142":14,"143":4,"144":4,"145":4,"146":4,"147":4,"148":1,"149":1,"150":28,"151":15,"152":15,"153":15,"154":14,"155":92,"156":92,"157":92,"158":96,"159":2,"160":1,"161":1,"162":32,"163":32,"164":32,"165":32,"166":32,"167":32,"168":111,"169":26,"170":203,"171":26,"172":6,"173":19,"174":19,"175":19,"176":48,"177":48,"178":19,"179":18,"180":18,"181":18,"182":18,"183":5,"184":18,"185":5,"186":5,"187":13,"188":13,"189":13,"190":13,"191":13,"192":13,"193":13,"194":13,"195":13,"196":84,"197":2,"198":2,"199":2,"200":2,"201":2,"202":2,"203":2,"204":2,"205":2,"206":2,"207":2,"208":2,"209":2,"210":4,"211":2,"212":2,"213":2,"214":2,"215":22,"216":22,"217":22,"218":22},"b":{"1":[38,2],"2":[148,2],"3":[10,1],"4":[9,1],"5":[2,1],"6":[1,1],"7":[39,0],"8":[105,1],"9":[9,95],"10":[17,0],"11":[6,0],"12":[5,1],"13":[4,1],"14":[18,0],"15":[17,1],"16":[8,4],"17":[4,5],"18":[0,4],"19":[1,4],"20":[3,11],"21":[3,0],"22":[1,0],"23":[8,4],"24":[8,4],"25":[4,4],"26":[8,5],"27":[3,5],"28":[7,1],"29":[4,0],"30":[3,1],"31":[2,1],"32":[3,0],"33":[2,3],"34":[72,0],"35":[1,0],"36":[2,5],"37":[1,1],"38":[1,2],"39":[1,1],"40":[1,1],"41":[52,3],"42":[4,10],"43":[3,0],"44":[2,1],"45":[1,1],"46":[26,85],"47":[8,0],"48":[7,1],"49":[6,1],"50":[13,35],"51":[19,29],"52":[5,13],"53":[13,0],"54":[13,0],"55":[0,13],"56":[2,0],"57":[22,0]},"f":{"1":64,"2":3,"3":40,"4":150,"5":9,"6":1,"7":39,"8":106,"9":1,"10":104,"11":17,"12":4,"13":17,"14":28,"15":14,"16":3,"17":1,"18":4,"19":5,"20":47,"21":8,"22":2,"23":113,"24":3,"25":136,"26":3,"27":47,"28":26,"29":5,"30":72,"31":1,"32":3,"33":5,"34":3,"35":55,"36":14,"37":1,"38":28,"39":15,"40":92,"41":96,"42":2,"43":1,"44":4,"45":32,"46":122,"47":203,"48":26,"49":6,"50":19,"51":5,"52":13,"53":84,"54":2,"55":2,"56":2,"57":22,"58":87},"fnMap":{"1":{"name":"contractUnpaused","line":99,"loc":{"start":{"line":99,"column":2},"end":{"line":102,"column":2}}},"2":{"name":"contractPaused","line":104,"loc":{"start":{"line":104,"column":2},"end":{"line":107,"column":2}}},"3":{"name":"compareInt","line":109,"loc":{"start":{"line":109,"column":2},"end":{"line":111,"column":2}}},"4":{"name":"compareAddress","line":113,"loc":{"start":{"line":113,"column":2},"end":{"line":115,"column":2}}},"5":{"name":"pause","line":121,"loc":{"start":{"line":121,"column":2},"end":{"line":124,"column":2}}},"6":{"name":"unPause","line":130,"loc":{"start":{"line":130,"column":2},"end":{"line":133,"column":2}}},"7":{"name":"validateGreaterEqual","line":135,"loc":{"start":{"line":135,"column":2},"end":{"line":137,"column":2}}},"8":{"name":"addressCheck","line":139,"loc":{"start":{"line":139,"column":2},"end":{"line":141,"column":2}}},"9":{"name":"getPauseStatus","line":147,"loc":{"start":{"line":147,"column":2},"end":{"line":149,"column":2}}},"10":{"name":"checkStatus","line":151,"loc":{"start":{"line":151,"column":2},"end":{"line":153,"column":2}}},"11":{"name":"setRebalanceController","line":155,"loc":{"start":{"line":155,"column":2},"end":{"line":158,"column":2}}},"12":{"name":"addTeamWalletInAFi","line":171,"loc":{"start":{"line":167,"column":2},"end":{"line":177,"column":2}}},"13":{"name":"rebalance","line":199,"loc":{"start":{"line":190,"column":2},"end":{"line":334,"column":2}}},"14":{"name":"updateAFiData","line":336,"loc":{"start":{"line":336,"column":2},"end":{"line":344,"column":2}}},"15":{"name":"updateInputTokenData","line":346,"loc":{"start":{"line":346,"column":2},"end":{"line":371,"column":2}}},"16":{"name":"addToNonOverlappingITokens","line":373,"loc":{"start":{"line":373,"column":2},"end":{"line":387,"column":2}}},"17":{"name":"removeFromNonOverlappingITokens","line":389,"loc":{"start":{"line":389,"column":2},"end":{"line":398,"column":2}}},"18":{"name":"scenario1Investments","line":413,"loc":{"start":{"line":413,"column":2},"end":{"line":475,"column":0}}},"19":{"name":"scenario2Investments","line":485,"loc":{"start":{"line":485,"column":2},"end":{"line":524,"column":2}}},"20":{"name":"aFiManagerSwap","line":533,"loc":{"start":{"line":533,"column":2},"end":{"line":556,"column":2}}},"21":{"name":"validateNewUTokenData","line":558,"loc":{"start":{"line":558,"column":2},"end":{"line":572,"column":2}}},"22":{"name":"setActiveRebalStatus","line":585,"loc":{"start":{"line":581,"column":2},"end":{"line":588,"column":2}}},"23":{"name":"balance","line":605,"loc":{"start":{"line":605,"column":2},"end":{"line":607,"column":2}}},"24":{"name":"rebalanceUnderlyingTokens","line":623,"loc":{"start":{"line":614,"column":2},"end":{"line":684,"column":2}}},"25":{"name":"getCsCounter","line":686,"loc":{"start":{"line":686,"column":2},"end":{"line":688,"column":2}}},"26":{"name":"updateTempData","line":690,"loc":{"start":{"line":690,"column":2},"end":{"line":694,"column":2}}},"27":{"name":"getMidToken","line":696,"loc":{"start":{"line":696,"column":2},"end":{"line":700,"column":2}}},"28":{"name":"setUntrackedTokToPredep","line":702,"loc":{"start":{"line":702,"column":2},"end":{"line":709,"column":2}}},"29":{"name":"doCswap","line":711,"loc":{"start":{"line":711,"column":2},"end":{"line":739,"column":2}}},"30":{"name":"setafiOracleContract","line":741,"loc":{"start":{"line":741,"column":2},"end":{"line":744,"column":2}}},"31":{"name":"setRebalFee","line":751,"loc":{"start":{"line":751,"column":2},"end":{"line":754,"column":2}}},"32":{"name":"rebalanceAlgo","line":756,"loc":{"start":{"line":756,"column":2},"end":{"line":799,"column":2}}},"33":{"name":"updateMidTok","line":801,"loc":{"start":{"line":801,"column":2},"end":{"line":806,"column":2}}},"34":{"name":"swapUnderlying","line":808,"loc":{"start":{"line":808,"column":2},"end":{"line":937,"column":2}}},"35":{"name":"validateGreater","line":939,"loc":{"start":{"line":939,"column":2},"end":{"line":941,"column":2}}},"36":{"name":"checkRebalFeesandDeduct","line":943,"loc":{"start":{"line":943,"column":2},"end":{"line":956,"column":2}}},"37":{"name":"withdrawFromPool","line":963,"loc":{"start":{"line":959,"column":2},"end":{"line":966,"column":2}}},"38":{"name":"withdrawAllFromPools","line":968,"loc":{"start":{"line":968,"column":2},"end":{"line":970,"column":2}}},"39":{"name":"updateProportion","line":978,"loc":{"start":{"line":978,"column":2},"end":{"line":1001,"column":2}}},"40":{"name":"getPredepBalInUSDC","line":1003,"loc":{"start":{"line":1003,"column":2},"end":{"line":1022,"column":2}}},"41":{"name":"validateDecimalsFromStorage","line":1024,"loc":{"start":{"line":1024,"column":2},"end":{"line":1026,"column":2}}},"42":{"name":"checkIfUTokenExist","line":1033,"loc":{"start":{"line":1033,"column":2},"end":{"line":1038,"column":2}}},"43":{"name":"updateStableUnitsInUSD","line":1040,"loc":{"start":{"line":1040,"column":2},"end":{"line":1046,"column":2}}},"44":{"name":"getUTokenProportion","line":1054,"loc":{"start":{"line":1054,"column":2},"end":{"line":1067,"column":2}}},"45":{"name":"inputTokenUSD","line":1076,"loc":{"start":{"line":1076,"column":2},"end":{"line":1104,"column":2}}},"46":{"name":"getPriceInUSD","line":1106,"loc":{"start":{"line":1106,"column":2},"end":{"line":1108,"column":2}}},"47":{"name":"getPreSwapDepositFromStorage","line":1110,"loc":{"start":{"line":1110,"column":2},"end":{"line":1116,"column":2}}},"48":{"name":"getDecimals","line":1119,"loc":{"start":{"line":1119,"column":2},"end":{"line":1121,"column":2}}},"49":{"name":"emergencyRebalance","line":1136,"loc":{"start":{"line":1131,"column":2},"end":{"line":1138,"column":2}}},"50":{"name":"rebalanceInternal","line":1140,"loc":{"start":{"line":1140,"column":2},"end":{"line":1184,"column":2}}},"51":{"name":"checkProductType","line":1186,"loc":{"start":{"line":1186,"column":2},"end":{"line":1189,"column":2}}},"52":{"name":"algoRebalance2","line":1211,"loc":{"start":{"line":1202,"column":2},"end":{"line":1253,"column":2}}},"53":{"name":"pauseQueueWithdrawUnstaking","line":1255,"loc":{"start":{"line":1255,"column":2},"end":{"line":1258,"column":2}}},"54":{"name":"reInitializeVault","line":1271,"loc":{"start":{"line":1260,"column":2},"end":{"line":1282,"column":2}}},"55":{"name":"reinitUpdateData","line":1284,"loc":{"start":{"line":1284,"column":2},"end":{"line":1304,"column":2}}},"56":{"name":"reinitializeInternal","line":1306,"loc":{"start":{"line":1306,"column":2},"end":{"line":1317,"column":2}}},"57":{"name":"convertToStable","line":1319,"loc":{"start":{"line":1319,"column":2},"end":{"line":1347,"column":2}}},"58":{"name":"getInputToken","line":1349,"loc":{"start":{"line":1349,"column":2},"end":{"line":1353,"column":2}}}},"statementMap":{"1":{"start":{"line":100,"column":4},"end":{"line":100,"column":22}},"2":{"start":{"line":105,"column":4},"end":{"line":105,"column":23}},"3":{"start":{"line":110,"column":4},"end":{"line":110,"column":32}},"4":{"start":{"line":114,"column":4},"end":{"line":114,"column":33}},"5":{"start":{"line":123,"column":4},"end":{"line":123,"column":27}},"6":{"start":{"line":132,"column":4},"end":{"line":132,"column":29}},"7":{"start":{"line":136,"column":4},"end":{"line":136,"column":33}},"8":{"start":{"line":140,"column":4},"end":{"line":140,"column":32}},"9":{"start":{"line":148,"column":4},"end":{"line":148,"column":17}},"10":{"start":{"line":152,"column":4},"end":{"line":152,"column":32}},"11":{"start":{"line":152,"column":17},"end":{"line":152,"column":31}},"12":{"start":{"line":156,"column":4},"end":{"line":156,"column":49}},"13":{"start":{"line":172,"column":4},"end":{"line":172,"column":36}},"14":{"start":{"line":173,"column":4},"end":{"line":173,"column":79}},"15":{"start":{"line":174,"column":4},"end":{"line":174,"column":25}},"16":{"start":{"line":175,"column":4},"end":{"line":175,"column":62}},"17":{"start":{"line":176,"column":4},"end":{"line":176,"column":49}},"18":{"start":{"line":200,"column":4},"end":{"line":200,"column":34}},"19":{"start":{"line":201,"column":4},"end":{"line":201,"column":50}},"20":{"start":{"line":203,"column":4},"end":{"line":203,"column":41}},"21":{"start":{"line":204,"column":4},"end":{"line":204,"column":41}},"22":{"start":{"line":206,"column":4},"end":{"line":206,"column":74}},"23":{"start":{"line":207,"column":4},"end":{"line":207,"column":92}},"24":{"start":{"line":213,"column":4},"end":{"line":213,"column":88}},"25":{"start":{"line":214,"column":4},"end":{"line":214,"column":6930}},"26":{"start":{"line":215,"column":6},"end":{"line":215,"column":78}},"27":{"start":{"line":216,"column":6},"end":{"line":216,"column":25}},"28":{"start":{"line":217,"column":6},"end":{"line":217,"column":53}},"29":{"start":{"line":219,"column":6},"end":{"line":219,"column":44}},"30":{"start":{"line":223,"column":4},"end":{"line":223,"column":7315}},"31":{"start":{"line":229,"column":4},"end":{"line":229,"column":7453}},"32":{"start":{"line":238,"column":4},"end":{"line":238,"column":7665}},"33":{"start":{"line":248,"column":4},"end":{"line":248,"column":98}},"34":{"start":{"line":250,"column":4},"end":{"line":250,"column":8181}},"35":{"start":{"line":262,"column":6},"end":{"line":262,"column":8539}},"36":{"start":{"line":263,"column":8},"end":{"line":263,"column":8581}},"37":{"start":{"line":285,"column":8},"end":{"line":285,"column":72}},"38":{"start":{"line":289,"column":8},"end":{"line":289,"column":49}},"39":{"start":{"line":295,"column":8},"end":{"line":295,"column":9668}},"40":{"start":{"line":302,"column":8},"end":{"line":302,"column":80}},"41":{"start":{"line":321,"column":8},"end":{"line":321,"column":10561}},"42":{"start":{"line":330,"column":4},"end":{"line":330,"column":10735}},"43":{"start":{"line":342,"column":4},"end":{"line":342,"column":31}},"44":{"start":{"line":343,"column":4},"end":{"line":343,"column":41}},"45":{"start":{"line":354,"column":4},"end":{"line":354,"column":77}},"46":{"start":{"line":356,"column":4},"end":{"line":356,"column":11428}},"47":{"start":{"line":358,"column":6},"end":{"line":358,"column":11546}},"48":{"start":{"line":369,"column":6},"end":{"line":369,"column":63}},"49":{"start":{"line":377,"column":4},"end":{"line":377,"column":74}},"50":{"start":{"line":378,"column":4},"end":{"line":378,"column":12259}},"51":{"start":{"line":379,"column":6},"end":{"line":379,"column":83}},"52":{"start":{"line":380,"column":6},"end":{"line":380,"column":12372}},"53":{"start":{"line":384,"column":6},"end":{"line":384,"column":22}},"54":{"start":{"line":386,"column":4},"end":{"line":386,"column":33}},"55":{"start":{"line":393,"column":4},"end":{"line":393,"column":74}},"56":{"start":{"line":394,"column":4},"end":{"line":394,"column":12861}},"57":{"start":{"line":395,"column":6},"end":{"line":395,"column":61}},"58":{"start":{"line":397,"column":4},"end":{"line":397,"column":33}},"59":{"start":{"line":421,"column":4},"end":{"line":421,"column":34}},"60":{"start":{"line":426,"column":4},"end":{"line":426,"column":13838}},"61":{"start":{"line":427,"column":8},"end":{"line":427,"column":13895}},"62":{"start":{"line":434,"column":4},"end":{"line":434,"column":14158}},"63":{"start":{"line":435,"column":8},"end":{"line":435,"column":14215}},"64":{"start":{"line":438,"column":12},"end":{"line":438,"column":14371}},"65":{"start":{"line":452,"column":12},"end":{"line":452,"column":14895}},"66":{"start":{"line":471,"column":4},"end":{"line":471,"column":82}},"67":{"start":{"line":472,"column":4},"end":{"line":472,"column":44}},"68":{"start":{"line":474,"column":4},"end":{"line":474,"column":27}},"69":{"start":{"line":499,"column":6},"end":{"line":499,"column":16416}},"70":{"start":{"line":500,"column":8},"end":{"line":500,"column":16471}},"71":{"start":{"line":501,"column":10},"end":{"line":501,"column":16516}},"72":{"start":{"line":510,"column":6},"end":{"line":510,"column":45}},"73":{"start":{"line":511,"column":6},"end":{"line":511,"column":16797}},"74":{"start":{"line":523,"column":4},"end":{"line":523,"column":34}},"75":{"start":{"line":545,"column":6},"end":{"line":545,"column":17791}},"76":{"start":{"line":555,"column":4},"end":{"line":555,"column":54}},"77":{"start":{"line":559,"column":6},"end":{"line":559,"column":74}},"78":{"start":{"line":560,"column":4},"end":{"line":560,"column":18226}},"79":{"start":{"line":564,"column":4},"end":{"line":564,"column":18348}},"80":{"start":{"line":569,"column":4},"end":{"line":569,"column":50}},"81":{"start":{"line":570,"column":4},"end":{"line":570,"column":57}},"82":{"start":{"line":571,"column":4},"end":{"line":571,"column":58}},"83":{"start":{"line":586,"column":4},"end":{"line":586,"column":61}},"84":{"start":{"line":587,"column":4},"end":{"line":587,"column":50}},"85":{"start":{"line":606,"column":4},"end":{"line":606,"column":40}},"86":{"start":{"line":624,"column":4},"end":{"line":624,"column":50}},"87":{"start":{"line":625,"column":4},"end":{"line":625,"column":69}},"88":{"start":{"line":628,"column":4},"end":{"line":628,"column":46}},"89":{"start":{"line":630,"column":4},"end":{"line":630,"column":74}},"90":{"start":{"line":631,"column":4},"end":{"line":631,"column":82}},"91":{"start":{"line":633,"column":4},"end":{"line":633,"column":78}},"92":{"start":{"line":635,"column":4},"end":{"line":635,"column":21045}},"93":{"start":{"line":639,"column":4},"end":{"line":639,"column":21183}},"94":{"start":{"line":643,"column":4},"end":{"line":643,"column":21305}},"95":{"start":{"line":650,"column":4},"end":{"line":650,"column":140}},"96":{"start":{"line":651,"column":4},"end":{"line":651,"column":21654}},"97":{"start":{"line":658,"column":4},"end":{"line":658,"column":21788}},"98":{"start":{"line":667,"column":4},"end":{"line":667,"column":22059}},"99":{"start":{"line":674,"column":4},"end":{"line":674,"column":22224}},"100":{"start":{"line":687,"column":4},"end":{"line":687,"column":46}},"101":{"start":{"line":697,"column":4},"end":{"line":697,"column":22877}},"102":{"start":{"line":703,"column":4},"end":{"line":703,"column":23049}},"103":{"start":{"line":721,"column":4},"end":{"line":721,"column":61}},"104":{"start":{"line":722,"column":4},"end":{"line":722,"column":30}},"105":{"start":{"line":723,"column":4},"end":{"line":723,"column":23653}},"106":{"start":{"line":731,"column":4},"end":{"line":731,"column":23842}},"107":{"start":{"line":732,"column":6},"end":{"line":732,"column":134}},"108":{"start":{"line":735,"column":4},"end":{"line":735,"column":24060}},"109":{"start":{"line":742,"column":4},"end":{"line":742,"column":39}},"110":{"start":{"line":752,"column":4},"end":{"line":752,"column":54}},"111":{"start":{"line":762,"column":4},"end":{"line":762,"column":14}},"112":{"start":{"line":763,"column":4},"end":{"line":763,"column":28}},"113":{"start":{"line":767,"column":4},"end":{"line":767,"column":24920}},"114":{"start":{"line":772,"column":4},"end":{"line":772,"column":25038}},"115":{"start":{"line":776,"column":4},"end":{"line":776,"column":25176}},"116":{"start":{"line":777,"column":6},"end":{"line":777,"column":25257}},"117":{"start":{"line":782,"column":8},"end":{"line":782,"column":25475}},"118":{"start":{"line":788,"column":6},"end":{"line":788,"column":25650}},"119":{"start":{"line":793,"column":4},"end":{"line":793,"column":25790}},"120":{"start":{"line":798,"column":4},"end":{"line":798,"column":30}},"121":{"start":{"line":802,"column":4},"end":{"line":802,"column":26064}},"122":{"start":{"line":814,"column":4},"end":{"line":814,"column":18}},"123":{"start":{"line":815,"column":4},"end":{"line":815,"column":24}},"124":{"start":{"line":816,"column":4},"end":{"line":816,"column":26}},"125":{"start":{"line":817,"column":4},"end":{"line":817,"column":26422}},"126":{"start":{"line":818,"column":6},"end":{"line":818,"column":26452}},"127":{"start":{"line":819,"column":8},"end":{"line":819,"column":26528}},"128":{"start":{"line":829,"column":10},"end":{"line":829,"column":26925}},"129":{"start":{"line":845,"column":6},"end":{"line":845,"column":58}},"130":{"start":{"line":847,"column":6},"end":{"line":847,"column":27496}},"131":{"start":{"line":857,"column":6},"end":{"line":857,"column":27825}},"132":{"start":{"line":858,"column":8},"end":{"line":858,"column":27885}},"133":{"start":{"line":862,"column":10},"end":{"line":862,"column":28078}},"134":{"start":{"line":878,"column":6},"end":{"line":878,"column":28621}},"135":{"start":{"line":888,"column":8},"end":{"line":888,"column":29005}},"136":{"start":{"line":903,"column":6},"end":{"line":903,"column":58}},"137":{"start":{"line":905,"column":6},"end":{"line":905,"column":29549}},"138":{"start":{"line":916,"column":6},"end":{"line":916,"column":29913}},"139":{"start":{"line":919,"column":8},"end":{"line":919,"column":30077}},"140":{"start":{"line":932,"column":4},"end":{"line":932,"column":30414}},"141":{"start":{"line":940,"column":4},"end":{"line":940,"column":31}},"142":{"start":{"line":949,"column":4},"end":{"line":949,"column":30882}},"143":{"start":{"line":950,"column":6},"end":{"line":950,"column":79}},"144":{"start":{"line":951,"column":6},"end":{"line":951,"column":79}},"145":{"start":{"line":952,"column":6},"end":{"line":952,"column":82}},"146":{"start":{"line":953,"column":6},"end":{"line":953,"column":43}},"147":{"start":{"line":954,"column":6},"end":{"line":954,"column":70}},"148":{"start":{"line":964,"column":4},"end":{"line":964,"column":74}},"149":{"start":{"line":965,"column":4},"end":{"line":965,"column":63}},"150":{"start":{"line":969,"column":4},"end":{"line":969,"column":44}},"151":{"start":{"line":983,"column":4},"end":{"line":983,"column":24}},"152":{"start":{"line":984,"column":4},"end":{"line":984,"column":32274}},"153":{"start":{"line":992,"column":6},"end":{"line":992,"column":32555}},"154":{"start":{"line":1000,"column":4},"end":{"line":1000,"column":28}},"155":{"start":{"line":1008,"column":4},"end":{"line":1008,"column":16}},"156":{"start":{"line":1009,"column":4},"end":{"line":1009,"column":22}},"157":{"start":{"line":1012,"column":4},"end":{"line":1012,"column":33153}},"158":{"start":{"line":1025,"column":4},"end":{"line":1025,"column":50}},"159":{"start":{"line":1037,"column":4},"end":{"line":1037,"column":46}},"160":{"start":{"line":1043,"column":4},"end":{"line":1043,"column":50}},"161":{"start":{"line":1045,"column":4},"end":{"line":1045,"column":35}},"162":{"start":{"line":1081,"column":4},"end":{"line":1081,"column":61}},"163":{"start":{"line":1082,"column":4},"end":{"line":1082,"column":18}},"164":{"start":{"line":1083,"column":4},"end":{"line":1083,"column":23}},"165":{"start":{"line":1084,"column":4},"end":{"line":1084,"column":17}},"166":{"start":{"line":1085,"column":4},"end":{"line":1085,"column":22}},"167":{"start":{"line":1087,"column":4},"end":{"line":1087,"column":35654}},"168":{"start":{"line":1094,"column":6},"end":{"line":1094,"column":35870}},"169":{"start":{"line":1098,"column":8},"end":{"line":1098,"column":47}},"170":{"start":{"line":1111,"column":4},"end":{"line":1111,"column":36592}},"171":{"start":{"line":1120,"column":4},"end":{"line":1120,"column":33}},"172":{"start":{"line":1137,"column":4},"end":{"line":1137,"column":71}},"173":{"start":{"line":1146,"column":4},"end":{"line":1146,"column":52}},"174":{"start":{"line":1148,"column":4},"end":{"line":1148,"column":61}},"175":{"start":{"line":1150,"column":4},"end":{"line":1150,"column":37809}},"176":{"start":{"line":1151,"column":6},"end":{"line":1151,"column":37859}},"177":{"start":{"line":1155,"column":6},"end":{"line":1155,"column":37953}},"178":{"start":{"line":1162,"column":4},"end":{"line":1162,"column":42}},"179":{"start":{"line":1164,"column":4},"end":{"line":1164,"column":74}},"180":{"start":{"line":1167,"column":4},"end":{"line":1167,"column":38296}},"181":{"start":{"line":1172,"column":4},"end":{"line":1172,"column":75}},"182":{"start":{"line":1173,"column":4},"end":{"line":1173,"column":38475}},"183":{"start":{"line":1174,"column":6},"end":{"line":1174,"column":38506}},"184":{"start":{"line":1183,"column":4},"end":{"line":1183,"column":53}},"185":{"start":{"line":1187,"column":4},"end":{"line":1187,"column":75}},"186":{"start":{"line":1188,"column":4},"end":{"line":1188,"column":29}},"187":{"start":{"line":1212,"column":4},"end":{"line":1212,"column":50}},"188":{"start":{"line":1214,"column":4},"end":{"line":1214,"column":66}},"189":{"start":{"line":1215,"column":4},"end":{"line":1215,"column":67}},"190":{"start":{"line":1216,"column":4},"end":{"line":1216,"column":24}},"191":{"start":{"line":1218,"column":4},"end":{"line":1218,"column":71}},"192":{"start":{"line":1220,"column":4},"end":{"line":1220,"column":40160}},"193":{"start":{"line":1229,"column":4},"end":{"line":1229,"column":40354}},"194":{"start":{"line":1240,"column":4},"end":{"line":1240,"column":40669}},"195":{"start":{"line":1247,"column":4},"end":{"line":1247,"column":40846}},"196":{"start":{"line":1256,"column":4},"end":{"line":1256,"column":40}},"197":{"start":{"line":1272,"column":4},"end":{"line":1272,"column":50}},"198":{"start":{"line":1273,"column":4},"end":{"line":1273,"column":49}},"199":{"start":{"line":1274,"column":4},"end":{"line":1274,"column":55}},"200":{"start":{"line":1275,"column":4},"end":{"line":1275,"column":34}},"201":{"start":{"line":1277,"column":4},"end":{"line":1277,"column":54}},"202":{"start":{"line":1279,"column":4},"end":{"line":1279,"column":72}},"203":{"start":{"line":1281,"column":4},"end":{"line":1281,"column":134}},"204":{"start":{"line":1285,"column":4},"end":{"line":1285,"column":42208}},"205":{"start":{"line":1289,"column":4},"end":{"line":1289,"column":100}},"206":{"start":{"line":1291,"column":4},"end":{"line":1291,"column":60}},"207":{"start":{"line":1292,"column":4},"end":{"line":1292,"column":57}},"208":{"start":{"line":1293,"column":4},"end":{"line":1293,"column":42622}},"209":{"start":{"line":1298,"column":4},"end":{"line":1298,"column":42757}},"210":{"start":{"line":1299,"column":6},"end":{"line":1299,"column":42821}},"211":{"start":{"line":1307,"column":4},"end":{"line":1307,"column":67}},"212":{"start":{"line":1308,"column":4},"end":{"line":1308,"column":76}},"213":{"start":{"line":1310,"column":4},"end":{"line":1310,"column":43321}},"214":{"start":{"line":1316,"column":4},"end":{"line":1316,"column":41}},"215":{"start":{"line":1327,"column":4},"end":{"line":1327,"column":68}},"216":{"start":{"line":1331,"column":4},"end":{"line":1331,"column":48}},"217":{"start":{"line":1335,"column":4},"end":{"line":1335,"column":44128}},"218":{"start":{"line":1336,"column":6},"end":{"line":1336,"column":44171}}},"branchMap":{"1":{"line":110,"type":"if","locations":[{"start":{"line":110,"column":4},"end":{"line":110,"column":4}},{"start":{"line":110,"column":4},"end":{"line":110,"column":4}}]},"2":{"line":114,"type":"if","locations":[{"start":{"line":114,"column":4},"end":{"line":114,"column":4}},{"start":{"line":114,"column":4},"end":{"line":114,"column":4}}]},"3":{"line":121,"type":"if","locations":[{"start":{"line":121,"column":28},"end":{"line":121,"column":28}},{"start":{"line":121,"column":28},"end":{"line":121,"column":28}}]},"4":{"line":121,"type":"if","locations":[{"start":{"line":121,"column":45},"end":{"line":121,"column":45}},{"start":{"line":121,"column":45},"end":{"line":121,"column":45}}]},"5":{"line":130,"type":"if","locations":[{"start":{"line":130,"column":30},"end":{"line":130,"column":30}},{"start":{"line":130,"column":30},"end":{"line":130,"column":30}}]},"6":{"line":130,"type":"if","locations":[{"start":{"line":130,"column":45},"end":{"line":130,"column":45}},{"start":{"line":130,"column":45},"end":{"line":130,"column":45}}]},"7":{"line":136,"type":"if","locations":[{"start":{"line":136,"column":4},"end":{"line":136,"column":4}},{"start":{"line":136,"column":4},"end":{"line":136,"column":4}}]},"8":{"line":140,"type":"if","locations":[{"start":{"line":140,"column":4},"end":{"line":140,"column":4}},{"start":{"line":140,"column":4},"end":{"line":140,"column":4}}]},"9":{"line":152,"type":"if","locations":[{"start":{"line":152,"column":4},"end":{"line":152,"column":4}},{"start":{"line":152,"column":4},"end":{"line":152,"column":4}}]},"10":{"line":155,"type":"if","locations":[{"start":{"line":155,"column":73},"end":{"line":155,"column":73}},{"start":{"line":155,"column":73},"end":{"line":155,"column":73}}]},"11":{"line":171,"type":"if","locations":[{"start":{"line":171,"column":13},"end":{"line":171,"column":13}},{"start":{"line":171,"column":13},"end":{"line":171,"column":13}}]},"12":{"line":171,"type":"if","locations":[{"start":{"line":171,"column":26},"end":{"line":171,"column":26}},{"start":{"line":171,"column":26},"end":{"line":171,"column":26}}]},"13":{"line":171,"type":"if","locations":[{"start":{"line":171,"column":36},"end":{"line":171,"column":36}},{"start":{"line":171,"column":36},"end":{"line":171,"column":36}}]},"14":{"line":199,"type":"if","locations":[{"start":{"line":199,"column":13},"end":{"line":199,"column":13}},{"start":{"line":199,"column":13},"end":{"line":199,"column":13}}]},"15":{"line":199,"type":"if","locations":[{"start":{"line":199,"column":26},"end":{"line":199,"column":26}},{"start":{"line":199,"column":26},"end":{"line":199,"column":26}}]},"16":{"line":214,"type":"if","locations":[{"start":{"line":214,"column":4},"end":{"line":214,"column":4}},{"start":{"line":214,"column":4},"end":{"line":214,"column":4}}]},"17":{"line":262,"type":"if","locations":[{"start":{"line":262,"column":6},"end":{"line":262,"column":6}},{"start":{"line":262,"column":6},"end":{"line":262,"column":6}}]},"18":{"line":263,"type":"if","locations":[{"start":{"line":263,"column":8},"end":{"line":263,"column":8}},{"start":{"line":263,"column":8},"end":{"line":263,"column":8}}]},"19":{"line":295,"type":"if","locations":[{"start":{"line":295,"column":8},"end":{"line":295,"column":8}},{"start":{"line":295,"column":8},"end":{"line":295,"column":8}}]},"20":{"line":356,"type":"if","locations":[{"start":{"line":356,"column":4},"end":{"line":356,"column":4}},{"start":{"line":356,"column":4},"end":{"line":356,"column":4}}]},"21":{"line":378,"type":"if","locations":[{"start":{"line":378,"column":4},"end":{"line":378,"column":4}},{"start":{"line":378,"column":4},"end":{"line":378,"column":4}}]},"22":{"line":394,"type":"if","locations":[{"start":{"line":394,"column":4},"end":{"line":394,"column":4}},{"start":{"line":394,"column":4},"end":{"line":394,"column":4}}]},"23":{"line":427,"type":"if","locations":[{"start":{"line":427,"column":8},"end":{"line":427,"column":8}},{"start":{"line":427,"column":8},"end":{"line":427,"column":8}}]},"24":{"line":435,"type":"if","locations":[{"start":{"line":435,"column":8},"end":{"line":435,"column":8}},{"start":{"line":435,"column":8},"end":{"line":435,"column":8}}]},"25":{"line":438,"type":"if","locations":[{"start":{"line":438,"column":12},"end":{"line":438,"column":12}},{"start":{"line":438,"column":12},"end":{"line":438,"column":12}}]},"26":{"line":500,"type":"if","locations":[{"start":{"line":500,"column":8},"end":{"line":500,"column":8}},{"start":{"line":500,"column":8},"end":{"line":500,"column":8}}]},"27":{"line":501,"type":"if","locations":[{"start":{"line":501,"column":10},"end":{"line":501,"column":10}},{"start":{"line":501,"column":10},"end":{"line":501,"column":10}}]},"28":{"line":564,"type":"if","locations":[{"start":{"line":564,"column":4},"end":{"line":564,"column":4}},{"start":{"line":564,"column":4},"end":{"line":564,"column":4}}]},"29":{"line":585,"type":"if","locations":[{"start":{"line":585,"column":13},"end":{"line":585,"column":13}},{"start":{"line":585,"column":13},"end":{"line":585,"column":13}}]},"30":{"line":585,"type":"if","locations":[{"start":{"line":585,"column":26},"end":{"line":585,"column":26}},{"start":{"line":585,"column":26},"end":{"line":585,"column":26}}]},"31":{"line":585,"type":"if","locations":[{"start":{"line":585,"column":36},"end":{"line":585,"column":36}},{"start":{"line":585,"column":36},"end":{"line":585,"column":36}}]},"32":{"line":623,"type":"if","locations":[{"start":{"line":623,"column":13},"end":{"line":623,"column":13}},{"start":{"line":623,"column":13},"end":{"line":623,"column":13}}]},"33":{"line":731,"type":"if","locations":[{"start":{"line":731,"column":4},"end":{"line":731,"column":4}},{"start":{"line":731,"column":4},"end":{"line":731,"column":4}}]},"34":{"line":741,"type":"if","locations":[{"start":{"line":741,"column":61},"end":{"line":741,"column":61}},{"start":{"line":741,"column":61},"end":{"line":741,"column":61}}]},"35":{"line":751,"type":"if","locations":[{"start":{"line":751,"column":51},"end":{"line":751,"column":51}},{"start":{"line":751,"column":51},"end":{"line":751,"column":51}}]},"36":{"line":777,"type":"if","locations":[{"start":{"line":777,"column":6},"end":{"line":777,"column":6}},{"start":{"line":777,"column":6},"end":{"line":777,"column":6}}]},"37":{"line":782,"type":"if","locations":[{"start":{"line":782,"column":8},"end":{"line":782,"column":8}},{"start":{"line":782,"column":8},"end":{"line":782,"column":8}}]},"38":{"line":817,"type":"if","locations":[{"start":{"line":817,"column":4},"end":{"line":817,"
[...]
":57}},"55":{"start":{"line":207,"column":4},"end":{"line":207,"column":34}},"56":{"start":{"line":221,"column":4},"end":{"line":221,"column":57}},"57":{"start":{"line":222,"column":4},"end":{"line":222,"column":34}},"58":{"start":{"line":233,"column":4},"end":{"line":233,"column":57}},"59":{"start":{"line":234,"column":4},"end":{"line":234,"column":34}},"60":{"start":{"line":243,"column":4},"end":{"line":243,"column":52}},"61":{"start":{"line":244,"column":4},"end":{"line":244,"column":58}}},"branchMap":{"1":{"line":14,"type":"if","locations":[{"start":{"line":14,"column":4},"end":{"line":14,"column":4}},{"start":{"line":14,"column":4},"end":{"line":14,"column":4}}]},"2":{"line":27,"type":"if","locations":[{"start":{"line":27,"column":4},"end":{"line":27,"column":4}},{"start":{"line":27,"column":4},"end":{"line":27,"column":4}}]},"3":{"line":58,"type":"if","locations":[{"start":{"line":58,"column":6},"end":{"line":58,"column":6}},{"start":{"line":58,"column":6},"end":{"line":58,"column":6}}]},"4":{"line":82,"type":"if","locations":[{"start":{"line":82,"column":4},"end":{"line":82,"column":4}},{"start":{"line":82,"column":4},"end":{"line":82,"column":4}}]},"5":{"line":87,"type":"if","locations":[{"start":{"line":87,"column":8},"end":{"line":87,"column":8}},{"start":{"line":87,"column":8},"end":{"line":87,"column":8}}]},"6":{"line":105,"type":"if","locations":[{"start":{"line":105,"column":4},"end":{"line":105,"column":4}},{"start":{"line":105,"column":4},"end":{"line":105,"column":4}}]},"7":{"line":119,"type":"if","locations":[{"start":{"line":119,"column":4},"end":{"line":119,"column":4}},{"start":{"line":119,"column":4},"end":{"line":119,"column":4}}]},"8":{"line":123,"type":"if","locations":[{"start":{"line":123,"column":6},"end":{"line":123,"column":6}},{"start":{"line":123,"column":6},"end":{"line":123,"column":6}}]},"9":{"line":141,"type":"if","locations":[{"start":{"line":141,"column":4},"end":{"line":141,"column":4}},{"start":{"line":141,"column":4},"end":{"line":141,"column":4}}]},"10":{"line":182,"type":"if","locations":[{"start":{"line":182,"column":4},"end":{"line":182,"column":4}},{"start":{"line":182,"column":4},"end":{"line":182,"column":4}}]},"11":{"line":194,"type":"if","locations":[{"start":{"line":194,"column":4},"end":{"line":194,"column":4}},{"start":{"line":194,"column":4},"end":{"line":194,"column":4}}]},"12":{"line":206,"type":"if","locations":[{"start":{"line":206,"column":4},"end":{"line":206,"column":4}},{"start":{"line":206,"column":4},"end":{"line":206,"column":4}}]},"13":{"line":221,"type":"if","locations":[{"start":{"line":221,"column":4},"end":{"line":221,"column":4}},{"start":{"line":221,"column":4},"end":{"line":221,"column":4}}]},"14":{"line":233,"type":"if","locations":[{"start":{"line":233,"column":4},"end":{"line":233,"column":4}},{"start":{"line":233,"column":4},"end":{"line":233,"column":4}}]},"15":{"line":243,"type":"if","locations":[{"start":{"line":243,"column":4},"end":{"line":243,"column":4}},{"start":{"line":243,"column":4},"end":{"line":243,"column":4}}]},"16":{"line":244,"type":"if","locations":[{"start":{"line":244,"column":4},"end":{"line":244,"column":4}},{"start":{"line":244,"column":4},"end":{"line":244,"column":4}}]}}},
"contracts\\Libraries\\FullMath.sol":{"l":{"19":452,"25":452,"26":452,"27":452,"34":452,"35":382,"36":382,"39":382,"44":70,"52":70,"53":70,"57":70,"65":70,"67":70,"72":70,"78":70,"81":70,"88":70,"92":70,"93":70,"94":70,"95":70,"96":70,"97":70,"105":70,"106":70,"120":0,"121":0,"122":0,"123":0,"124":0},"path":"C:\\Users\\Rakhi\\afi-audit\\contracts\\Libraries\\FullMath.sol","s":{"1":452,"2":452,"3":452,"4":382,"5":382,"6":70,"7":70,"8":70,"9":70,"10":70,"11":0,"12":0},"b":{"1":[382,70],"2":[382,0],"3":[70,0],"4":[0,0],"5":[0,0]},"f":{"1":452,"2":0},"fnMap":{"1":{"name":"mulDiv","line":14,"loc":{"start":{"line":14,"column":4},"end":{"line":108,"column":4}}},"2":{"name":"mulDivRoundingUp","line":115,"loc":{"start":{"line":115,"column":4},"end":{"line":127,"column":4}}}},"statementMap":{"1":{"start":{"line":25,"column":12},"end":{"line":25,"column":25}},"2":{"start":{"line":26,"column":12},"end":{"line":26,"column":25}},"3":{"start":{"line":34,"column":12},"end":{"line":34,"column":1655}},"4":{"start":{"line":35,"column":16},"end":{"line":35,"column":39}},"5":{"start":{"line":39,"column":16},"end":{"line":39,"column":29}},"6":{"start":{"line":44,"column":12},"end":{"line":44,"column":39}},"7":{"start":{"line":52,"column":12},"end":{"line":52,"column":29}},"8":{"start":{"line":65,"column":12},"end":{"line":65,"column":58}},"9":{"start":{"line":88,"column":12},"end":{"line":88,"column":47}},"10":{"start":{"line":106,"column":12},"end":{"line":106,"column":25}},"11":{"start":{"line":122,"column":12},"end":{"line":122,"column":5500}},"12":{"start":{"line":123,"column":16},"end":{"line":123,"column":50}}},"branchMap":{"1":{"line":34,"type":"if","locations":[{"start":{"line":34,"column":12},"end":{"line":34,"column":12}},{"start":{"line":34,"column":12},"end":{"line":34,"column":12}}]},"2":{"line":35,"type":"if","locations":[{"start":{"line":35,"column":16},"end":{"line":35,"column":16}},{"start":{"line":35,"column":16},"end":{"line":35,"column":16}}]},"3":{"line":44,"type":"if","locations":[{"start":{"line":44,"column":12},"end":{"line":44,"column":12}},{"start":{"line":44,"column":12},"end":{"line":44,"column":12}}]},"4":{"line":122,"type":"if","locations":[{"start":{"line":122,"column":12},"end":{"line":122,"column":12}},{"start":{"line":122,"column":12},"end":{"line":122,"column":12}}]},"5":{"line":123,"type":"if","locations":[{"start":{"line":123,"column":16},"end":{"line":123,"column":16}},{"start":{"line":123,"column":16},"end":{"line":123,"column":16}}]}}},
"contracts\\Libraries\\OracleLibrary.sol":{"l":{"21":452,"24":452,"25":452,"26":452,"30":0,"31":0},"path":"C:\\Users\\Rakhi\\afi-audit\\contracts\\Libraries\\OracleLibrary.sol","s":{"1":452,"2":452,"3":452,"4":0},"b":{"1":[452,0],"2":[226,226],"3":[0,0]},"f":{"1":452},"fnMap":{"1":{"name":"getQuoteAtTick","line":15,"loc":{"start":{"line":15,"column":2},"end":{"line":35,"column":2}}}},"statementMap":{"1":{"start":{"line":21,"column":4},"end":{"line":21,"column":60}},"2":{"start":{"line":24,"column":4},"end":{"line":24,"column":984}},"3":{"start":{"line":25,"column":6},"end":{"line":25,"column":62}},"4":{"start":{"line":30,"column":6},"end":{"line":30,"column":78}}},"branchMap":{"1":{"line":24,"type":"if","locations":[{"start":{"line":24,"column":4},"end":{"line":24,"column":4}},{"start":{"line":24,"column":4},"end":{"line":24,"column":4}}]},"2":{"line":27,"type":"if","locations":[{"start":{"line":27,"column":10},"end":{"line":27,"column":57}},{"start":{"line":28,"column":10},"end":{"line":28,"column":57}}]},"3":{"line":32,"type":"if","locations":[{"start":{"line":32,"column":10},"end":{"line":32,"column":57}},{"start":{"line":33,"column":10},"end":{"line":33,"column":57}}]}}},
"contracts\\Libraries\\TickMath.sol":{"l":{"27":452,"28":452,"29":452,"31":452,"34":452,"35":452,"36":452,"37":452,"38":452,"39":452,"40":452,"41":452,"42":452,"43":452,"44":452,"45":452,"46":452,"47":452,"48":452,"49":452,"50":452,"51":452,"52":452,"54":452,"59":452,"69":0,"71":0,"72":0,"74":0,"75":0,"77":0,"82":0,"87":0,"92":0,"97":0,"102":0,"107":0,"112":0,"117":0,"120":0,"122":0,"128":0,"134":0,"140":0,"146":0,"152":0,"158":0,"164":0,"170":0,"176":0,"182":0,"188":0,"194":0,"200":0,"206":0,"208":0,"209":0,"211":0},"path":"C:\\Users\\Rakhi\\afi-audit\\contracts\\Libraries\\TickMath.sol","s":{"1":452,"2":452,"3":452,"4":452,"5":452,"6":452,"7":452,"8":452,"9":452,"10":452,"11":452,"12":452,"13":452,"14":452,"15":452,"16":452,"17":452,"18":452,"19":452,"20":452,"21":452,"22":452,"23":452,"24":0,"25":0,"26":0,"27":0,"28":0,"29":0,"30":0,"31":0,"32":0},"b":{"1":[0,452],"2":[0,452],"3":[172,280],"4":[188,264],"5":[118,334],"6":[172,280],"7":[190,262],"8":[115,337],"9":[128,324],"10":[74,378],"11":[122,330],"12":[305,147],"13":[166,286],"14":[90,362],"15":[160,292],"16":[136,316],"17":[226,226],"18":[226,226],"19":[226,226],"20":[0,452],"21":[0,452],"22":[0,452],"23":[452,0],"24":[0,0],"25":[0,0],"26":[0,0],"27":[0,0]},"f":{"1":452,"2":0},"fnMap":{"1":{"name":"getSqrtRatioAtTick","line":26,"loc":{"start":{"line":26,"column":4},"end":{"line":61,"column":4}}},"2":{"name":"getTickAtSqrtRatio","line":68,"loc":{"start":{"line":68,"column":4},"end":{"line":213,"column":4}}}},"statementMap":{"1":{"start":{"line":28,"column":12},"end":{"line":28,"column":87}},"2":{"start":{"line":29,"column":12},"end":{"line":29,"column":63}},"3":{"start":{"line":31,"column":12},"end":{"line":31,"column":1743}},"4":{"start":{"line":34,"column":12},"end":{"line":34,"column":95}},"5":{"start":{"line":35,"column":12},"end":{"line":35,"column":95}},"6":{"start":{"line":36,"column":12},"end":{"line":36,"column":95}},"7":{"start":{"line":37,"column":12},"end":{"line":37,"column":96}},"8":{"start":{"line":38,"column":12},"end":{"line":38,"column":96}},"9":{"start":{"line":39,"column":12},"end":{"line":39,"column":96}},"10":{"start":{"line":40,"column":12},"end":{"line":40,"column":96}},"11":{"start":{"line":41,"column":12},"end":{"line":41,"column":97}},"12":{"start":{"line":42,"column":12},"end":{"line":42,"column":97}},"13":{"start":{"line":43,"column":12},"end":{"line":43,"column":97}},"14":{"start":{"line":44,"column":12},"end":{"line":44,"column":97}},"15":{"start":{"line":45,"column":12},"end":{"line":45,"column":98}},"16":{"start":{"line":46,"column":12},"end":{"line":46,"column":98}},"17":{"start":{"line":47,"column":12},"end":{"line":47,"column":98}},"18":{"start":{"line":48,"column":12},"end":{"line":48,"column":98}},"19":{"start":{"line":49,"column":12},"end":{"line":49,"column":98}},"20":{"start":{"line":50,"column":12},"end":{"line":50,"column":97}},"21":{"start":{"line":51,"column":12},"end":{"line":51,"column":95}},"22":{"start":{"line":52,"column":12},"end":{"line":52,"column":90}},"23":{"start":{"line":54,"column":12},"end":{"line":54,"column":59}},"24":{"start":{"line":71,"column":12},"end":{"line":71,"column":94}},"25":{"start":{"line":72,"column":12},"end":{"line":72,"column":55}},"26":{"start":{"line":74,"column":12},"end":{"line":74,"column":29}},"27":{"start":{"line":75,"column":12},"end":{"line":75,"column":27}},"28":{"start":{"line":117,"column":12},"end":{"line":117,"column":6345}},"29":{"start":{"line":120,"column":12},"end":{"line":120,"column":52}},"30":{"start":{"line":206,"column":12},"end":{"line":206,"column":67}},"31":{"start":{"line":208,"column":12},"end":{"line":208,"column":97}},"32":{"start":{"line":209,"column":12},"end":{"line":209,"column":98}}},"branchMap":{"1":{"line":28,"type":"if","locations":[{"start":{"line":28,"column":41},"end":{"line":28,"column":62}},{"start":{"line":28,"column":66},"end":{"line":28,"column":86}}]},"2":{"line":29,"type":"if","locations":[{"start":{"line":29,"column":12},"end":{"line":29,"column":12}},{"start":{"line":29,"column":12},"end":{"line":29,"column":12}}]},"3":{"line":32,"type":"if","locations":[{"start":{"line":32,"column":18},"end":{"line":32,"column":51}},{"start":{"line":33,"column":18},"end":{"line":33,"column":52}}]},"4":{"line":34,"type":"if","locations":[{"start":{"line":34,"column":12},"end":{"line":34,"column":12}},{"start":{"line":34,"column":12},"end":{"line":34,"column":12}}]},"5":{"line":35,"type":"if","locations":[{"start":{"line":35,"column":12},"end":{"line":35,"column":12}},{"start":{"line":35,"column":12},"end":{"line":35,"column":12}}]},"6":{"line":36,"type":"if","locations":[{"start":{"line":36,"column":12},"end":{"line":36,"column":12}},{"start":{"line":36,"column":12},"end":{"line":36,"column":12}}]},"7":{"line":37,"type":"if","locations":[{"start":{"line":37,"column":12},"end":{"line":37,"column":12}},{"start":{"line":37,"column":12},"end":{"line":37,"column":12}}]},"8":{"line":38,"type":"if","locations":[{"start":{"line":38,"column":12},"end":{"line":38,"column":12}},{"start":{"line":38,"column":12},"end":{"line":38,"column":12}}]},"9":{"line":39,"type":"if","locations":[{"start":{"line":39,"column":12},"end":{"line":39,"column":12}},{"start":{"line":39,"column":12},"end":{"line":39,"column":12}}]},"10":{"line":40,"type":"if","locations":[{"start":{"line":40,"column":12},"end":{"line":40,"column":12}},{"start":{"line":40,"column":12},"end":{"line":40,"column":12}}]},"11":{"line":41,"type":"if","locations":[{"start":{"line":41,"column":12},"end":{"line":41,"column":12}},{"start":{"line":41,"column":12},"end":{"line":41,"column":12}}]},"12":{"line":42,"type":"if","locations":[{"start":{"line":42,"column":12},"end":{"line":42,"column":12}},{"start":{"line":42,"column":12},"end":{"line":42,"column":12}}]},"13":{"line":43,"type":"if","locations":[{"start":{"line":43,"column":12},"end":{"line":43,"column":12}},{"start":{"line":43,"column":12},"end":{"line":43,"column":12}}]},"14":{"line":44,"type":"if","locations":[{"start":{"line":44,"column":12},"end":{"line":44,"column":12}},{"start":{"line":44,"column":12},"end":{"line":44,"column":12}}]},"15":{"line":45,"type":"if","locations":[{"start":{"line":45,"column":12},"end":{"line":45,"column":12}},{"start":{"line":45,"column":12},"end":{"line":45,"column":12}}]},"16":{"line":46,"type":"if","locations":[{"start":{"line":46,"column":12},"end":{"line":46,"column":12}},{"start":{"line":46,"column":12},"end":{"line":46,"column":12}}]},"17":{"line":47,"type":"if","locations":[{"start":{"line":47,"column":12},"end":{"line":47,"column":12}},{"start":{"line":47,"column":12},"end":{"line":47,"column":12}}]},"18":{"line":48,"type":"if","locations":[{"start":{"line":48,"column":12},"end":{"line":48,"column":12}},{"start":{"line":48,"column":12},"end":{"line":48,"column":12}}]},"19":{"line":49,"type":"if","locations":[{"start":{"line":49,"column":12},"end":{"line":49,"column":12}},{"start":{"line":49,"column":12},"end":{"line":49,"column":12}}]},"20":{"line":50,"type":"if","locations":[{"start":{"line":50,"column":12},"end":{"line":50,"column":12}},{"start":{"line":50,"column":12},"end":{"line":50,"column":12}}]},"21":{"line":51,"type":"if","locations":[{"start":{"line":51,"column":12},"end":{"line":51,"column":12}},{"start":{"line":51,"column":12},"end":{"line":51,"column":12}}]},"22":{"line":52,"type":"if","locations":[{"start":{"line":52,"column":12},"end":{"line":52,"column":12}},{"start":{"line":52,"column":12},"end":{"line":52,"column":12}}]},"23":{"line":54,"type":"if","locations":[{"start":{"line":54,"column":12},"end":{"line":54,"column":12}},{"start":{"line":54,"column":12},"end":{"line":54,"column":12}}]},"24":{"line":71,"type":"if","locations":[{"start":{"line":71,"column":12},"end":{"line":71,"column":12}},{"start":{"line":71,"column":12},"end":{"line":71,"column":12}}]},"25":{"line":117,"type":"if","locations":[{"start":{"line":117,"column":12},"end":{"line":117,"column":12}},{"start":{"line":117,"column":12},"end":{"line":117,"column":12}}]},"26":{"line":211,"type":"if","locations":[{"start":{"line":211,"column":94},"end":{"line":211,"column":99}},{"start":{"line":211,"column":103},"end":{"line":211,"column":109}}]},"27":{"line":211,"type":"if","locations":[{"start":{"line":211,"column":39},"end":{"line":211,"column":45}},{"start":{"line":211,"column":49},"end":{"line":211,"column":109}}]}}},
"contracts\\mockcontracts\\AFiExchangeMock.sol":{"l":{"15":0,"16":0,"21":0,"24":0,"26":0,"28":0,"33":0,"34":0},"path":"C:\\Users\\Rakhi\\afi-audit\\contracts\\mockcontracts\\AFiExchangeMock.sol","s":{"1":0,"2":0,"3":0,"4":0,"5":0},"b":{"1":[0,0],"2":[0,0],"3":[0,0],"4":[0,0]},"f":{"1":0,"2":0,"3":0},"fnMap":{"1":{"name":"constructor","line":14,"loc":{"start":{"line":14,"column":4},"end":{"line":17,"column":4}}},"2":{"name":"swapUSDTForAFi","line":20,"loc":{"start":{"line":20,"column":4},"end":{"line":30,"column":4}}},"3":{"name":"depositAFiToken","line":32,"loc":{"start":{"line":32,"column":4},"end":{"line":35,"column":4}}}},"statementMap":{"1":{"start":{"line":21,"column":8},"end":{"line":21,"column":53}},"2":{"start":{"line":24,"column":8},"end":{"line":24,"column":57}},"3":{"start":{"line":26,"column":8},"end":{"line":26,"column":101}},"4":{"start":{"line":28,"column":8},"end":{"line":28,"column":79}},"5":{"start":{"line":33,"column":8},"end":{"line":33,"column":98}}},"branchMap":{"1":{"line":21,"type":"if","locations":[{"start":{"line":21,"column":8},"end":{"line":21,"column":8}},{"start":{"line":21,"column":8},"end":{"line":21,"column":8}}]},"2":{"line":26,"type":"if","locations":[{"start":{"line":26,"column":8},"end":{"line":26,"column":8}},{"start":{"line":26,"column":8},"end":{"line":26,"column":8}}]},"3":{"line":28,"type":"if","locations":[{"start":{"line":28,"column":8},"end":{"line":28,"column":8}},{"start":{"line":28,"column":8},"end":{"line":28,"column":8}}]},"4":{"line":33,"type":"if","locations":[{"start":{"line":33,"column":8},"end":{"line":33,"column":8}},{"start":{"line":33,"column":8},"end":{"line":33,"column":8}}]}}},
"contracts\\mockcontracts\\OneInch.sol":{"l":{"40":0,"41":0,"49":0,"51":0,"52":0,"54":0,"55":0,"59":0,"60":0,"62":0,"63":0,"66":0,"67":0,"69":0},"path":"C:\\Users\\Rakhi\\afi-audit\\contracts\\mockcontracts\\OneInch.sol","s":{"1":0,"2":0,"3":0,"4":0,"5":0,"6":0,"7":0,"8":0,"9":0,"10":0,"11":0,"12":0},"b":{"1":[0,0],"2":[0,0],"3":[0,0],"4":[0,0],"5":[0,0],"6":[0,0]},"f":{"1":0,"2":0,"3":0},"fnMap":{"1":{"name":"constructor","line":39,"loc":{"start":{"line":39,"column":4},"end":{"line":42,"column":4}}},"2":{"name":"swapTokensOneInchV6","line":44,"loc":{"start":{"line":44,"column":4},"end":{"line":70,"column":4}}},"3":{"name":null,"line":73,"loc":{"start":{"line":73,"column":4},"end":{"line":73,"column":33}}}},"statementMap":{"1":{"start":{"line":40,"column":8},"end":{"line":40,"column":63}},"2":{"start":{"line":49,"column":8},"end":{"line":49,"column":64}},"3":{"start":{"line":51,"column":8},"end":{"line":51,"column":1541}},"4":{"start":{"line":52,"column":12},"end":{"line":52,"column":82}},"5":{"start":{"line":54,"column":12},"end":{"line":54,"column":68}},"6":{"start":{"line":55,"column":12},"end":{"line":55,"column":76}},"7":{"start":{"line":59,"column":8},"end":{"line":59,"column":97}},"8":{"start":{"line":60,"column":8},"end":{"line":60,"column":38}},"9":{"start":{"line":62,"column":8},"end":{"line":62,"column":2109}},"10":{"start":{"line":66,"column":8},"end":{"line":66,"column":2247}},"11":{"start":{"line":67,"column":12},"end":{"line":67,"column":68}},"12":{"start":{"line":69,"column":8},"end":{"line":69,"column":24}}},"branchMap":{"1":{"line":40,"type":"if","locations":[{"start":{"line":40,"column":8},"end":{"line":40,"column":8}},{"start":{"line":40,"column":8},"end":{"line":40,"column":8}}]},"2":{"line":49,"type":"if","locations":[{"start":{"line":49,"column":8},"end":{"line":49,"column":8}},{"start":{"line":49,"column":8},"end":{"line":49,"column":8}}]},"3":{"line":51,"type":"if","locations":[{"start":{"line":51,"column":8},"end":{"line":51,"column":8}},{"start":{"line":51,"column":8},"end":{"line":51,"column":8}}]},"4":{"line":60,"type":"if","locations":[{"start":{"line":60,"column":8},"end":{"line":60,"column":8}},{"start":{"line":60,"column":8},"end":{"line":60,"column":8}}]},"5":{"line":62,"type":"if","locations":[{"start":{"line":62,"column":8},"end":{"line":62,"column":8}},{"start":{"line":62,"column":8},"end":{"line":62,"column":8}}]},"6":{"line":66,"type":"if","locations":[{"start":{"line":66,"column":8},"end":{"line":66,"column":8}},{"start":{"line":66,"column":8},"end":{"line":66,"column":8}}]}}},
"contracts\\mockcontracts\\TestToken.sol":{"l":{"13":0},"path":"C:\\Users\\Rakhi\\afi-audit\\contracts\\mockcontracts\\TestToken.sol","s":{"1":0},"b":{},"f":{"1":0,"2":0},"fnMap":{"1":{"name":"constructor","line":9,"loc":{"start":{"line":7,"column":4},"end":{"line":10,"column":5}}},"2":{"name":"mint","line":12,"loc":{"start":{"line":12,"column":4},"end":{"line":14,"column":4}}}},"statementMap":{"1":{"start":{"line":13,"column":8},"end":{"line":13,"column":24}}},"branchMap":{}}}
