TN:
SF:C:\Users\Rakhi\afi-audit\contracts\AFiBase.sol
FN:225,constructor
FN:235,initialize
FN:266,initializeToken
FN:283,updatetoken
FN:292,pauseUnpauseDeposit
FN:301,pauseWithdraw
FN:309,isPaused
FN:318,setplatformWallet
FN:323,setMinDepLimit
FN:329,getplatformWallet
FN:333,getPreSwapDepositLimit
FN:337,getTVLandRebalContractandType
FN:346,checkFalse
FN:350,addressEqual
FN:354,twoAddressCompare
FN:358,addressCheck
FN:362,greaterEqualComparison
FN:369,togglePauseDepositTokenForWithdrawals
FN:379,safeApproveERC20
FN:383,addToWhitelist
FN:403,getPreDepositTokensBalance
FN:416,removeFromWhitelist
FN:439,updateTVL
FN:443,deposit
FN:470,contractTransfers
FN:479,underlyingTokensStaking
FN:490,swap
FN:511,isOTokenWhitelisted
FN:515,validateWithdraw
FN:526,validateShares
FN:541,withdraw
FN:572,burn
FN:578,swapfromSelectiveDex
FN:599,getDexType
FN:603,_routeSwap
FN:636,getdatastruct
FN:656,_uniswapV3Router
FN:703,_oneInchRouter
FN:763,sendProfitOrFeeToManager
FN:778,_supplyCompV3
FN:788,_withdrawCompoundV3
FN:799,_supplyAave
FN:804,_supplydForce
FN:809,_supplyDolomite
FN:814,_supplySilo
FN:819,_withdrawSilo
FN:824,checkstorageAndApproval
FN:830,approval
FN:842,_withdrawAave
FN:847,_withdrawdForce
FN:852,_withdrawDolomite
FN:862,updatePoolData
FN:872,getUTokens
FN:879,getcSwapCounter
FN:883,getProportions
FN:892,transferValidationAndSet
FN:907,checkNav
FN:913,deleteUserNAV
FN:917,transfer
FN:922,transferFrom
FN:933,transferInternal
FN:939,setAfiTransferability
FN:943,reinitializeHappened
FN:948,setRebalanceController
FN:954,getPauseDepositController
FN:966,setUnstakeData
FN:983,getInputToken
FN:996,setInitialValues
FN:1025,updateuTokAndProp
FN:1035,updateDp
FN:1046,_lendingPool
FN:1050,checkOracle
FN:1054,checkManager
FN:1058,checkStorage
FN:1062,checkDelayModule
FN:1073,stakeShares
FN:1084,updateLockedTokens
FN:1115,updateCp
FN:1124,updateTimeLockContract
FN:1129,checkTokInList
FN:1141,emergencyWithdraw
FN:1156,balance
FN:1165,updateInputTokens
FN:1177,updatePreSwapDepositLimit
FN:1186,depositUserNav
FNF:85
FNH:85
FNDA:156,constructor
FNDA:59,initialize
FNDA:59,initializeToken
FNDA:178,updatetoken
FNDA:233,pauseUnpauseDeposit
FNDA:6,pauseWithdraw
FNDA:91,isPaused
FNDA:55,setplatformWallet
FNDA:2,setMinDepLimit
FNDA:1,getplatformWallet
FNDA:90,getPreSwapDepositLimit
FNDA:279,getTVLandRebalContractandType
FNDA:591,checkFalse
FNDA:570,addressEqual
FNDA:438,twoAddressCompare
FNDA:167,addressCheck
FNDA:809,greaterEqualComparison
FNDA:6,togglePauseDepositTokenForWithdrawals
FNDA:182,safeApproveERC20
FNDA:2,addToWhitelist
FNDA:5,getPreDepositTokensBalance
FNDA:5,removeFromWhitelist
FNDA:191,updateTVL
FNDA:157,deposit
FNDA:195,contractTransfers
FNDA:84,underlyingTokensStaking
FNDA:321,swap
FNDA:15,isOTokenWhitelisted
FNDA:48,validateWithdraw
FNDA:48,validateShares
FNDA:36,withdraw
FNDA:31,burn
FNDA:168,swapfromSelectiveDex
FNDA:489,getDexType
FNDA:489,_routeSwap
FNDA:484,getdatastruct
FNDA:484,_uniswapV3Router
FNDA:5,_oneInchRouter
FNDA:6,sendProfitOrFeeToManager
FNDA:2,_supplyCompV3
FNDA:2,_withdrawCompoundV3
FNDA:28,_supplyAave
FNDA:5,_supplydForce
FNDA:1,_supplyDolomite
FNDA:4,_supplySilo
FNDA:1,_withdrawSilo
FNDA:40,checkstorageAndApproval
FNDA:533,approval
FNDA:14,_withdrawAave
FNDA:4,_withdrawdForce
FNDA:1,_withdrawDolomite
FNDA:6,updatePoolData
FNDA:569,getUTokens
FNDA:1141,getcSwapCounter
FNDA:180,getProportions
FNDA:4,transferValidationAndSet
FNDA:33,checkNav
FNDA:11,deleteUserNAV
FNDA:3,transfer
FNDA:1,transferFrom
FNDA:4,transferInternal
FNDA:1,setAfiTransferability
FNDA:2,reinitializeHappened
FNDA:42,setRebalanceController
FNDA:84,getPauseDepositController
FNDA:5,setUnstakeData
FNDA:577,getInputToken
FNDA:64,setInitialValues
FNDA:31,updateuTokAndProp
FNDA:31,updateDp
FNDA:70,_lendingPool
FNDA:410,checkOracle
FNDA:68,checkManager
FNDA:62,checkStorage
FNDA:12,checkDelayModule
FNDA:3,stakeShares
FNDA:19,updateLockedTokens
FNDA:3,updateCp
FNDA:4,updateTimeLockContract
FNDA:6,checkTokInList
FNDA:6,emergencyWithdraw
FNDA:45,balance
FNDA:10,updateInputTokens
FNDA:1,updatePreSwapDepositLimit
FNDA:87,depositUserNav
DA:236,59
DA:237,59
DA:238,59
DA:239,59
DA:240,59
DA:241,59
DA:242,59
DA:243,59
DA:244,59
DA:245,59
DA:246,59
DA:247,59
DA:248,59
DA:249,59
DA:250,59
DA:251,59
DA:252,59
DA:257,59
DA:258,59
DA:267,59
DA:268,59
DA:269,59
DA:270,59
DA:271,59
DA:272,59
DA:273,59
DA:274,59
DA:275,177
DA:276,177
DA:279,59
DA:280,59
DA:284,178
DA:285,178
DA:293,233
DA:294,231
DA:302,6
DA:303,4
DA:310,91
DA:319,55
DA:320,55
DA:324,2
DA:325,2
DA:330,1
DA:334,90
DA:343,279
DA:347,591
DA:351,570
DA:355,438
DA:359,167
DA:363,809
DA:370,6
DA:371,4
DA:373,2
DA:375,4
DA:380,182
DA:384,2
DA:386,1
DA:388,1
DA:389,1
DA:394,1
DA:396,1
DA:397,0
DA:400,1
DA:407,5
DA:417,5
DA:418,5
DA:419,5
DA:420,5
DA:421,4
DA:422,3
DA:432,4
DA:433,4
DA:436,4
DA:440,191
DA:444,157
DA:445,155
DA:446,155
DA:447,155
DA:448,154
DA:449,153
DA:450,153
DA:451,153
DA:452,153
DA:453,153
DA:455,153
DA:465,153
DA:466,153
DA:467,153
DA:471,195
DA:482,84
DA:483,84
DA:484,84
DA:485,2
DA:487,84
DA:499,321
DA:500,321
DA:512,15
DA:520,48
DA:521,48
DA:522,47
DA:523,44
DA:527,48
DA:542,36
DA:543,36
DA:544,32
DA:545,32
DA:547,32
DA:562,32
DA:563,31
DA:564,31
DA:565,31
DA:566,31
DA:567,31
DA:569,31
DA:573,31
DA:574,31
DA:575,31
DA:587,168
DA:588,168
DA:600,489
DA:612,489
DA:614,489
DA:615,484
DA:624,5
DA:633,488
DA:644,484
DA:664,484
DA:665,484
DA:671,84
DA:679,84
DA:683,84
DA:685,400
DA:693,400
DA:697,400
DA:699,484
DA:700,484
DA:711,5
DA:713,5
DA:714,5
DA:719,5
DA:720,5
DA:721,5
DA:723,5
DA:724,5
DA:725,5
DA:728,5
DA:730,5
DA:732,5
DA:736,5
DA:738,1
DA:739,1
DA:745,0
DA:749,4
DA:750,4
DA:752,4
DA:754,4
DA:768,6
DA:769,6
DA:779,2
DA:780,2
DA:789,2
DA:790,2
DA:800,28
DA:801,28
DA:805,5
DA:806,5
DA:810,1
DA:811,1
DA:815,4
DA:816,4
DA:820,1
DA:821,1
DA:825,40
DA:827,40
DA:831,533
DA:832,533
DA:833,529
DA:843,14
DA:844,14
DA:848,4
DA:849,4
DA:853,1
DA:855,1
DA:863,6
DA:864,5
DA:865,5
DA:873,569
DA:880,1141
DA:889,180
DA:893,4
DA:894,3
DA:896,3
DA:902,2
DA:908,33
DA:909,11
DA:914,11
DA:918,3
DA:919,1
DA:927,1
DA:928,1
DA:929,1
DA:930,1
DA:934,4
DA:935,2
DA:936,2
DA:940,1
DA:944,2
DA:945,2
DA:949,42
DA:951,42
DA:955,84
DA:969,5
DA:970,4
DA:971,4
DA:972,4
DA:974,4
DA:989,577
DA:997,64
DA:998,64
DA:1003,64
DA:1004,64
DA:1005,64
DA:1006,232
DA:1007,232
DA:1008,232
DA:1009,232
DA:1010,232
DA:1011,232
DA:1012,232
DA:1022,64
DA:1026,31
DA:1027,31
DA:1039,31
DA:1040,31
DA:1041,31
DA:1047,70
DA:1051,410
DA:1055,68
DA:1059,62
DA:1063,12
DA:1074,3
DA:1075,2
DA:1076,1
DA:1078,1
DA:1080,2
DA:1081,2
DA:1092,19
DA:1093,19
DA:1094,3
DA:1095,2
DA:1097,1
DA:1101,19
DA:1102,13
DA:1103,13
DA:1104,0
DA:1106,13
DA:1108,19
DA:1109,4
DA:1110,4
DA:1111,4
DA:1116,3
DA:1117,3
DA:1125,4
DA:1126,3
DA:1130,6
DA:1131,6
DA:1142,6
DA:1143,5
DA:1145,5
DA:1146,5
DA:1147,5
DA:1157,45
DA:1168,10
DA:1169,9
DA:1178,1
DA:1187,87
DA:1188,2
DA:1190,85
LF:278
LH:275
BRDA:235,1,0,59
BRDA:235,1,1,0
BRDA:266,2,0,59
BRDA:266,2,1,0
BRDA:318,3,0,55
BRDA:318,3,1,0
BRDA:323,4,0,2
BRDA:323,4,1,0
BRDA:347,5,0,584
BRDA:347,5,1,7
BRDA:351,6,0,565
BRDA:351,6,1,5
BRDA:355,7,0,435
BRDA:355,7,1,3
BRDA:355,8,0,204
BRDA:355,8,1,231
BRDA:359,9,0,164
BRDA:359,9,1,3
BRDA:363,10,0,804
BRDA:363,10,1,5
BRDA:369,11,0,6
BRDA:369,11,1,1
BRDA:370,12,0,4
BRDA:370,12,1,2
BRDA:383,13,0,2
BRDA:383,13,1,1
BRDA:388,14,0,1
BRDA:388,14,1,0
BRDA:396,15,0,0
BRDA:396,15,1,1
BRDA:416,16,0,5
BRDA:416,16,1,0
BRDA:420,17,0,4
BRDA:420,17,1,1
BRDA:443,18,0,157
BRDA:443,18,1,0
BRDA:484,19,0,2
BRDA:484,19,1,82
BRDA:541,20,0,36
BRDA:541,20,1,0
BRDA:614,21,0,484
BRDA:614,21,1,5
BRDA:614,22,0,484
BRDA:614,22,1,0
BRDA:623,23,0,5
BRDA:623,23,1,0
BRDA:665,24,0,84
BRDA:665,24,1,400
BRDA:666,25,0,29
BRDA:666,25,1,55
BRDA:666,26,0,55
BRDA:666,26,1,0
BRDA:666,27,0,0
BRDA:666,27,1,0
BRDA:723,28,0,5
BRDA:723,28,1,0
BRDA:736,29,0,1
BRDA:736,29,1,4
BRDA:738,30,0,1
BRDA:738,30,1,0
BRDA:832,31,0,529
BRDA:832,31,1,4
BRDA:862,32,0,6
BRDA:862,32,1,0
BRDA:908,33,0,11
BRDA:908,33,1,22
BRDA:939,34,0,1
BRDA:939,34,1,0
BRDA:948,35,0,42
BRDA:948,35,1,0
BRDA:971,36,0,4
BRDA:971,36,1,0
BRDA:1075,37,0,1
BRDA:1075,37,1,1
BRDA:1093,38,0,3
BRDA:1093,38,1,16
BRDA:1094,39,0,2
BRDA:1094,39,1,1
BRDA:1101,40,0,13
BRDA:1101,40,1,6
BRDA:1103,41,0,0
BRDA:1103,41,1,13
BRDA:1108,42,0,4
BRDA:1108,42,1,15
BRDA:1124,43,0,4
BRDA:1124,43,1,1
BRDA:1177,44,0,1
BRDA:1177,44,1,1
BRDA:1187,45,0,2
BRDA:1187,45,1,85
BRF:90
BRH:69
end_of_record
TN:
SF:C:\Users\Rakhi\afi-audit\contracts\AFiFactory.sol
FN:27,constructor
FN:37,afiProductsCount
FN:64,createAToken
FN:102,checkForZeroAddress
FN:115,encodePoolData
FN:122,encodeUnderlyingData
FN:128,getPricePerFullShare
FN:143,afiContractInitUpdate
FN:155,getAFiInitStatus
FN:159,getAFiTokenStatus
FNF:10
FNH:10
FNDA:156,constructor
FNDA:1,afiProductsCount
FNDA:65,createAToken
FNDA:61,checkForZeroAddress
FNDA:82,encodePoolData
FNDA:83,encodeUnderlyingData
FNDA:159,getPricePerFullShare
FNDA:118,afiContractInitUpdate
FNDA:1,getAFiInitStatus
FNDA:128,getAFiTokenStatus
DA:29,156
DA:30,156
DA:38,1
DA:65,65
DA:66,65
DA:72,64
DA:73,64
DA:74,64
DA:76,64
DA:77,63
DA:78,62
DA:79,61
DA:80,60
DA:81,59
DA:82,59
DA:83,59
DA:84,59
DA:93,59
DA:99,59
DA:105,61
DA:106,61
DA:107,119
DA:108,1
DA:111,60
DA:118,82
DA:125,83
DA:132,159
DA:133,159
DA:134,159
DA:136,159
DA:137,2
DA:139,157
DA:144,118
DA:145,118
DA:146,59
DA:147,59
DA:149,59
DA:150,59
DA:156,1
DA:160,128
LF:40
LH:40
BRDA:29,1,0,156
BRDA:29,1,1,0
BRDA:64,2,0,65
BRDA:64,2,1,1
BRDA:66,3,0,64
BRDA:66,3,1,1
BRDA:76,4,0,63
BRDA:76,4,1,1
BRDA:77,5,0,62
BRDA:77,5,1,1
BRDA:78,6,0,61
BRDA:78,6,1,1
BRDA:79,7,0,60
BRDA:79,7,1,1
BRDA:80,8,0,59
BRDA:80,8,1,1
BRDA:107,9,0,1
BRDA:107,9,1,118
BRDA:136,10,0,2
BRDA:136,10,1,157
BRDA:144,11,0,118
BRDA:144,11,1,0
BRDA:145,12,0,59
BRDA:145,12,1,59
BRDA:146,13,0,59
BRDA:146,13,1,0
BRDA:148,14,0,59
BRDA:148,14,1,0
BRDA:149,15,0,59
BRDA:149,15,1,0
BRF:30
BRH:25
end_of_record
TN:
SF:C:\Users\Rakhi\afi-audit\contracts\AFiManager.sol
FN:99,contractUnpaused
FN:104,contractPaused
FN:109,compareInt
FN:113,compareAddress
FN:121,pause
FN:130,unPause
FN:135,validateGreaterEqual
FN:139,addressCheck
FN:147,getPauseStatus
FN:151,checkStatus
FN:155,setRebalanceController
FN:171,addTeamWalletInAFi
FN:199,rebalance
FN:336,updateAFiData
FN:346,updateInputTokenData
FN:373,addToNonOverlappingITokens
FN:389,removeFromNonOverlappingITokens
FN:413,scenario1Investments
FN:485,scenario2Investments
FN:533,aFiManagerSwap
FN:558,validateNewUTokenData
FN:585,setActiveRebalStatus
FN:605,balance
FN:623,rebalanceUnderlyingTokens
FN:686,getCsCounter
FN:690,updateTempData
FN:696,getMidToken
FN:702,setUntrackedTokToPredep
FN:711,doCswap
FN:741,setafiOracleContract
FN:751,setRebalFee
FN:756,rebalanceAlgo
FN:801,updateMidTok
FN:808,swapUnderlying
FN:939,validateGreater
FN:943,checkRebalFeesandDeduct
FN:963,withdrawFromPool
FN:968,withdrawAllFromPools
FN:978,updateProportion
FN:1003,getPredepBalInUSDC
FN:1024,validateDecimalsFromStorage
FN:1033,checkIfUTokenExist
FN:1040,updateStableUnitsInUSD
FN:1054,getUTokenProportion
FN:1076,inputTokenUSD
FN:1106,getPriceInUSD
FN:1110,getPreSwapDepositFromStorage
FN:1119,getDecimals
FN:1136,emergencyRebalance
FN:1140,rebalanceInternal
FN:1186,checkProductType
FN:1211,algoRebalance2
FN:1255,pauseQueueWithdrawUnstaking
FN:1271,reInitializeVault
FN:1284,reinitUpdateData
FN:1306,reinitializeInternal
FN:1319,convertToStable
FN:1349,getInputToken
FNF:58
FNH:58
FNDA:64,contractUnpaused
FNDA:3,contractPaused
FNDA:40,compareInt
FNDA:150,compareAddress
FNDA:9,pause
FNDA:1,unPause
FNDA:39,validateGreaterEqual
FNDA:106,addressCheck
FNDA:1,getPauseStatus
FNDA:104,checkStatus
FNDA:17,setRebalanceController
FNDA:4,addTeamWalletInAFi
FNDA:17,rebalance
FNDA:28,updateAFiData
FNDA:14,updateInputTokenData
FNDA:3,addToNonOverlappingITokens
FNDA:1,removeFromNonOverlappingITokens
FNDA:4,scenario1Investments
FNDA:5,scenario2Investments
FNDA:47,aFiManagerSwap
FNDA:8,validateNewUTokenData
FNDA:2,setActiveRebalStatus
FNDA:113,balance
FNDA:3,rebalanceUnderlyingTokens
FNDA:136,getCsCounter
FNDA:3,updateTempData
FNDA:47,getMidToken
FNDA:26,setUntrackedTokToPredep
FNDA:5,doCswap
FNDA:72,setafiOracleContract
FNDA:1,setRebalFee
FNDA:3,rebalanceAlgo
FNDA:5,updateMidTok
FNDA:3,swapUnderlying
FNDA:55,validateGreater
FNDA:14,checkRebalFeesandDeduct
FNDA:1,withdrawFromPool
FNDA:28,withdrawAllFromPools
FNDA:15,updateProportion
FNDA:92,getPredepBalInUSDC
FNDA:96,validateDecimalsFromStorage
FNDA:2,checkIfUTokenExist
FNDA:1,updateStableUnitsInUSD
FNDA:4,getUTokenProportion
FNDA:32,inputTokenUSD
FNDA:122,getPriceInUSD
FNDA:203,getPreSwapDepositFromStorage
FNDA:26,getDecimals
FNDA:6,emergencyRebalance
FNDA:19,rebalanceInternal
FNDA:5,checkProductType
FNDA:13,algoRebalance2
FNDA:84,pauseQueueWithdrawUnstaking
FNDA:2,reInitializeVault
FNDA:2,reinitUpdateData
FNDA:2,reinitializeInternal
FNDA:22,convertToStable
FNDA:87,getInputToken
DA:100,64
DA:101,58
DA:105,3
DA:106,2
DA:110,40
DA:114,150
DA:122,9
DA:123,9
DA:131,1
DA:132,1
DA:136,39
DA:140,106
DA:148,1
DA:152,104
DA:156,17
DA:157,17
DA:172,4
DA:173,3
DA:174,3
DA:175,2
DA:176,2
DA:200,17
DA:201,17
DA:203,16
DA:204,13
DA:206,13
DA:207,13
DA:209,12
DA:210,12
DA:213,12
DA:214,12
DA:215,8
DA:216,8
DA:217,8
DA:219,4
DA:222,9
DA:223,9
DA:229,9
DA:238,9
DA:245,9
DA:247,9
DA:248,9
DA:250,9
DA:258,9
DA:259,9
DA:261,9
DA:262,9
DA:263,4
DA:267,0
DA:273,4
DA:276,4
DA:285,3
DA:287,5
DA:289,5
DA:290,5
DA:295,5
DA:296,1
DA:302,5
DA:304,5
DA:316,5
DA:321,5
DA:330,8
DA:342,28
DA:343,28
DA:354,14
DA:356,14
DA:358,3
DA:364,3
DA:369,3
DA:377,3
DA:378,3
DA:379,3
DA:380,3
DA:381,2
DA:383,3
DA:384,3
DA:386,0
DA:393,1
DA:394,1
DA:395,1
DA:397,0
DA:421,4
DA:422,4
DA:423,4
DA:426,4
DA:427,12
DA:428,8
DA:429,8
DA:434,4
DA:435,12
DA:436,8
DA:438,8
DA:439,4
DA:440,4
DA:442,4
DA:443,4
DA:446,8
DA:448,8
DA:452,8
DA:465,4
DA:471,3
DA:472,3
DA:474,3
DA:496,5
DA:497,5
DA:499,5
DA:500,13
DA:501,8
DA:502,3
DA:504,5
DA:509,5
DA:510,5
DA:511,5
DA:523,5
DA:543,47
DA:545,47
DA:555,47
DA:559,8
DA:560,8
DA:564,8
DA:569,7
DA:570,7
DA:571,6
DA:586,2
DA:587,2
DA:606,113
DA:624,3
DA:625,3
DA:627,3
DA:628,3
DA:629,3
DA:630,3
DA:631,3
DA:633,3
DA:635,3
DA:639,3
DA:643,3
DA:650,3
DA:651,3
DA:658,3
DA:661,3
DA:667,3
DA:673,3
DA:674,3
DA:687,136
DA:691,3
DA:692,3
DA:693,3
DA:697,47
DA:703,26
DA:721,5
DA:722,5
DA:723,5
DA:724,15
DA:731,5
DA:732,2
DA:735,5
DA:742,72
DA:743,72
DA:752,1
DA:753,1
DA:762,3
DA:763,3
DA:765,3
DA:767,3
DA:772,3
DA:773,3
DA:776,3
DA:777,7
DA:778,2
DA:782,2
DA:783,1
DA:784,1
DA:785,1
DA:788,7
DA:793,3
DA:798,3
DA:802,5
DA:814,3
DA:815,3
DA:816,3
DA:817,3
DA:818,1
DA:819,2
DA:820,1
DA:824,1
DA:829,1
DA:842,1
DA:845,1
DA:847,1
DA:854,1
DA:855,1
DA:857,1
DA:858,2
DA:859,1
DA:862,1
DA:873,1
DA:878,2
DA:879,5
DA:883,5
DA:888,5
DA:900,2
DA:903,2
DA:905,2
DA:912,2
DA:913,2
DA:916,2
DA:917,5
DA:919,5
DA:932,3
DA:933,3
DA:940,55
DA:949,14
DA:950,4
DA:951,4
DA:952,4
DA:953,4
DA:954,4
DA:964,1
DA:965,1
DA:969,28
DA:983,15
DA:984,15
DA:985,39
DA:988,15
DA:991,15
DA:992,15
DA:993,38
DA:997,37
DA:1000,14
DA:1008,92
DA:1009,92
DA:1011,92
DA:1012,92
DA:1019,92
DA:1020,92
DA:1021,92
DA:1025,96
DA:1037,2
DA:1043,1
DA:1044,1
DA:1045,1
DA:1062,4
DA:1081,32
DA:1082,32
DA:1083,32
DA:1084,32
DA:1085,32
DA:1087,32
DA:1088,111
DA:1094,111
DA:1095,26
DA:1096,26
DA:1098,26
DA:1099,26
DA:1100,26
DA:1107,122
DA:1111,203
DA:1120,26
DA:1137,6
DA:1146,19
DA:1148,19
DA:1150,19
DA:1151,48
DA:1152,13
DA:1155,48
DA:1156,19
DA:1162,19
DA:1164,18
DA:1167,18
DA:1172,18
DA:1173,18
DA:1174,5
DA:1183,18
DA:1187,5
DA:1188,5
DA:1212,13
DA:1214,13
DA:1215,13
DA:1216,13
DA:1218,13
DA:1220,13
DA:1229,13
DA:1230,0
DA:1238,13
DA:1240,13
DA:1247,13
DA:1252,13
DA:1256,84
DA:1257,84
DA:1272,2
DA:1273,2
DA:1274,2
DA:1275,2
DA:1277,2
DA:1279,2
DA:1280,2
DA:1281,2
DA:1285,2
DA:1289,2
DA:1290,2
DA:1291,2
DA:1292,2
DA:1293,2
DA:1298,2
DA:1299,4
DA:1307,2
DA:1308,2
DA:1309,2
DA:1310,2
DA:1316,2
DA:1327,22
DA:1331,22
DA:1333,22
DA:1335,22
DA:1336,22
DA:1350,87
LF:317
LH:313
BRDA:110,1,0,38
BRDA:110,1,1,2
BRDA:114,2,0,148
BRDA:114,2,1,2
BRDA:121,3,0,10
BRDA:121,3,1,1
BRDA:121,4,0,9
BRDA:121,4,1,1
BRDA:130,5,0,2
BRDA:130,5,1,1
BRDA:130,6,0,1
BRDA:130,6,1,1
BRDA:136,7,0,39
BRDA:136,7,1,0
BRDA:140,8,0,105
BRDA:140,8,1,1
BRDA:152,9,0,9
BRDA:152,9,1,95
BRDA:155,10,0,17
BRDA:155,10,1,0
BRDA:171,11,0,6
BRDA:171,11,1,0
BRDA:171,12,0,5
BRDA:171,12,1,1
BRDA:171,13,0,4
BRDA:171,13,1,1
BRDA:199,14,0,18
BRDA:199,14,1,0
BRDA:199,15,0,17
BRDA:199,15,1,1
BRDA:214,16,0,8
BRDA:214,16,1,4
BRDA:262,17,0,4
BRDA:262,17,1,5
BRDA:263,18,0,0
BRDA:263,18,1,4
BRDA:295,19,0,1
BRDA:295,19,1,4
BRDA:356,20,0,3
BRDA:356,20,1,11
BRDA:378,21,0,3
BRDA:378,21,1,0
BRDA:394,22,0,1
BRDA:394,22,1,0
BRDA:427,23,0,8
BRDA:427,23,1,4
BRDA:435,24,0,8
BRDA:435,24,1,4
BRDA:438,25,0,4
BRDA:438,25,1,4
BRDA:500,26,0,8
BRDA:500,26,1,5
BRDA:501,27,0,3
BRDA:501,27,1,5
BRDA:564,28,0,7
BRDA:564,28,1,1
BRDA:585,29,0,4
BRDA:585,29,1,0
BRDA:585,30,0,3
BRDA:585,30,1,1
BRDA:585,31,0,2
BRDA:585,31,1,1
BRDA:623,32,0,3
BRDA:623,32,1,0
BRDA:731,33,0,2
BRDA:731,33,1,3
BRDA:741,34,0,72
BRDA:741,34,1,0
BRDA:751,35,0,1
BRDA:751,35,1,0
BRDA:777,36,0,2
BRDA:777,36,1,5
BRDA:782,37,0,1
BRDA:782,37,1,1
BRDA:817,38,0,1
BRDA:817,38,1,2
BRDA:819,39,0,1
BRDA:819,39,1,1
BRDA:858,40,0,1
BRDA:858,40,1,1
BRDA:940,41,0,52
BRDA:940,41,1,3
BRDA:949,42,0,4
BRDA:949,42,1,10
BRDA:963,43,0,3
BRDA:963,43,1,0
BRDA:963,44,0,2
BRDA:963,44,1,1
BRDA:963,45,0,1
BRDA:963,45,1,1
BRDA:1094,46,0,26
BRDA:1094,46,1,85
BRDA:1136,47,0,8
BRDA:1136,47,1,0
BRDA:1136,48,0,7
BRDA:1136,48,1,1
BRDA:1136,49,0,6
BRDA:1136,49,1,1
BRDA:1151,50,0,13
BRDA:1151,50,1,35
BRDA:1155,51,0,19
BRDA:1155,51,1,29
BRDA:1173,52,0,5
BRDA:1173,52,1,13
BRDA:1211,53,0,13
BRDA:1211,53,1,0
BRDA:1211,54,0,13
BRDA:1211,54,1,0
BRDA:1229,55,0,0
BRDA:1229,55,1,13
BRDA:1271,56,0,2
BRDA:1271,56,1,0
BRDA:1335,57,0,22
BRDA:1335,57,1,0
BRF:114
BRH:96
end_of_record
TN:
SF:C:\Users\Rakhi\afi-audit\contracts\AFiOracle.sol
FN:169,constructor
FN:183,getFeeDetails
FN:187,getMidToken
FN:191,getTotalProfit
FN:195,getDaoProfit
FN:199,addressZero
FN:203,updateAFiManager
FN:208,contractUnpaused
FN:214,contractPaused
FN:219,checkStatus
FN:223,greaterEqualComparison
FN:227,greatercomparison
FN:235,pause
FN:244,unPause
FN:249,setAFiStorage
FN:254,toggleTheOtoken
FN:269,updateVaultControllers
FN:274,getControllers
FN:284,cumulativeSwap
FN:329,untrackedTokenSetByManager
FN:339,untrackedTokenSet
FN:364,fetchRewards
FN:383,rearrange
FN:395,checkIfVaultDepositPaused
FN:401,claimRewardsilo
FN:442,fetchPreDep
FN:450,performTokenSwaps
FN:498,swapIntoUnderlying
FN:536,balance
FN:540,claimCompV3Rewards
FN:567,takeFee
FN:591,queueWithdraw
FN:623,getuserNAV
FN:630,updateLockedTokensInVault
FN:655,getUserQueuedShares
FN:665,getqueueShare
FN:674,getTotalShares
FN:687,unqueueWithdraw
FN:721,getNAV
FN:730,deleteUserOTokenLiability
FN:742,unstakeForQueuedWithdrawals
FN:804,feeDeductAndTokenTransfer
FN:830,swapAndTransfer
FN:896,doSwap
FN:935,redeem
FN:985,getSwapPeriod
FN:998,updateSwapPeriod
FN:1007,getLastSwapTime
FN:1016,settxFee
FN:1021,getSecAgo
FN:1030,updateSecAgo
FN:1034,setOracleSequencer
FN:1045,getPriceAndDecimals
FN:1075,getPriceInUSD
FN:1099,getERCDecimal
FN:1103,getPriceOracleFromStorage
FN:1107,updateRebalContract
FN:1121,updateProfitShare
FN:1129,teamProfitshares
FN:1153,unstakingProfitDistribution
FN:1198,addressEqual
FN:1206,pauseUnpauseQueue
FNF:62
FNH:62
FNDA:156,constructor
FNDA:1,getFeeDetails
FNDA:49,getMidToken
FNDA:2,getTotalProfit
FNDA:2,getDaoProfit
FNDA:335,addressZero
FNDA:47,updateAFiManager
FNDA:9,contractUnpaused
FNDA:3,contractPaused
FNDA:134,checkStatus
FNDA:7225,greaterEqualComparison
FNDA:94,greatercomparison
FNDA:4,pause
FNDA:1,unPause
FNDA:76,setAFiStorage
FNDA:2,toggleTheOtoken
FNDA:137,updateVaultControllers
FNDA:1,getControllers
FNDA:92,cumulativeSwap
FNDA:26,untrackedTokenSetByManager
FNDA:113,untrackedTokenSet
FNDA:84,fetchRewards
FNDA:84,rearrange
FNDA:84,checkIfVaultDepositPaused
FNDA:1,claimRewardsilo
FNDA:637,fetchPreDep
FNDA:84,performTokenSwaps
FNDA:84,swapIntoUnderlying
FNDA:630,balance
FNDA:5,claimCompV3Rewards
FNDA:172,takeFee
FNDA:13,queueWithdraw
FNDA:16,getuserNAV
FNDA:16,updateLockedTokensInVault
FNDA:12,getUserQueuedShares
FNDA:31,getqueueShare
FNDA:14,getTotalShares
FNDA:4,unqueueWithdraw
FNDA:16,getNAV
FNDA:7,deleteUserOTokenLiability
FNDA:4,unstakeForQueuedWithdrawals
FNDA:4,feeDeductAndTokenTransfer
FNDA:4,swapAndTransfer
FNDA:324,doSwap
FNDA:6,redeem
FNDA:1,getSwapPeriod
FNDA:1,updateSwapPeriod
FNDA:1,getLastSwapTime
FNDA:1,settxFee
FNDA:1,getSecAgo
FNDA:2,updateSecAgo
FNDA:52,setOracleSequencer
FNDA:3481,getPriceAndDecimals
FNDA:3481,getPriceInUSD
FNDA:301,getERCDecimal
FNDA:3481,getPriceOracleFromStorage
FNDA:4,updateRebalContract
FNDA:2,updateProfitShare
FNDA:3,teamProfitshares
FNDA:3,unstakingProfitDistribution
FNDA:40,addressEqual
FNDA:10,pauseUnpauseQueue
DA:170,156
DA:171,156
DA:184,1
DA:188,49
DA:192,2
DA:196,2
DA:200,335
DA:204,47
DA:205,47
DA:209,9
DA:211,7
DA:215,3
DA:216,2
DA:220,134
DA:224,7225
DA:228,94
DA:236,4
DA:237,4
DA:245,1
DA:246,1
DA:250,76
DA:251,76
DA:255,2
DA:270,137
DA:271,137
DA:277,1
DA:294,92
DA:299,84
DA:304,84
DA:305,84
DA:306,84
DA:307,84
DA:308,84
DA:309,84
DA:310,84
DA:312,84
DA:315,84
DA:318,84
DA:319,84
DA:321,84
DA:335,26
DA:336,26
DA:345,113
DA:346,362
DA:348,362
DA:350,362
DA:351,362
DA:353,362
DA:354,52
DA:371,84
DA:373,84
DA:374,1
DA:384,84
DA:390,84
DA:391,84
DA:392,84
DA:397,84
DA:398,84
DA:408,1
DA:409,1
DA:420,1
DA:421,1
DA:423,1
DA:424,1
DA:425,1
DA:426,1
DA:427,0
DA:428,0
DA:447,637
DA:458,84
DA:459,84
DA:460,84
DA:461,275
DA:466,275
DA:467,29
DA:479,84
DA:480,84
DA:481,84
DA:486,84
DA:495,84
DA:504,84
DA:506,84
DA:509,84
DA:510,75
DA:511,75
DA:513,75
DA:514,75
DA:518,84
DA:519,84
DA:521,294
DA:522,294
DA:537,630
DA:544,5
DA:545,5
DA:546,5
DA:547,5
DA:548,5
DA:550,5
DA:551,5
DA:552,0
DA:553,0
DA:573,172
DA:574,72
DA:575,72
DA:576,72
DA:577,72
DA:592,13
DA:593,13
DA:594,12
DA:596,12
DA:602,12
DA:604,12
DA:608,12
DA:612,12
DA:616,12
DA:617,12
DA:619,12
DA:620,12
DA:627,16
DA:638,16
DA:661,12
DA:662,12
DA:671,31
DA:679,14
DA:688,4
DA:690,4
DA:696,4
DA:698,4
DA:699,4
DA:700,4
DA:702,4
DA:703,4
DA:706,4
DA:710,4
DA:717,4
DA:718,4
DA:727,16
DA:735,7
DA:749,4
DA:750,4
DA:751,4
DA:753,4
DA:755,4
DA:756,4
DA:757,4
DA:760,4
DA:761,4
DA:765,4
DA:766,3
DA:777,1
DA:788,0
DA:790,4
DA:791,4
DA:801,3
DA:813,4
DA:818,4
DA:826,3
DA:827,3
DA:838,4
DA:839,4
DA:840,4
DA:841,10
DA:845,1
DA:851,1
DA:852,1
DA:853,1
DA:864,0
DA:865,0
DA:871,0
DA:877,3
DA:878,3
DA:882,3
DA:883,3
DA:888,3
DA:891,3
DA:906,324
DA:907,291
DA:917,30
DA:940,6
DA:941,3
DA:942,3
DA:943,3
DA:944,3
DA:945,3
DA:946,3
DA:952,3
DA:955,3
DA:956,3
DA:960,3
DA:961,3
DA:962,3
DA:966,3
DA:967,3
DA:970,3
DA:974,3
DA:975,3
DA:986,1
DA:999,1
DA:1008,1
DA:1017,1
DA:1018,1
DA:1022,1
DA:1031,2
DA:1035,52
DA:1036,52
DA:1049,3481
DA:1050,3480
DA:1052,3480
DA:1054,3480
DA:1056,3480
DA:1058,3480
DA:1060,3480
DA:1062,3480
DA:1066,3480
DA:1067,3480
DA:1077,3481
DA:1078,3481
DA:1079,3481
DA:1080,3481
DA:1081,3481
DA:1082,3255
DA:1083,3254
DA:1085,226
DA:1086,226
DA:1087,226
DA:1093,226
DA:1094,226
DA:1096,3480
DA:1100,301
DA:1104,3481
DA:1108,4
DA:1109,4
DA:1122,2
DA:1123,2
DA:1124,1
DA:1125,1
DA:1126,1
DA:1134,3
DA:1135,3
DA:1136,3
DA:1155,3
DA:1158,3
DA:1159,3
DA:1161,3
DA:1162,9
DA:1163,9
DA:1164,3
DA:1165,3
DA:1166,3
DA:1167,3
DA:1168,3
DA:1169,6
DA:1173,6
DA:1174,6
DA:1179,3
DA:1180,3
DA:1182,3
DA:1185,6
DA:1187,6
DA:1189,6
DA:1194,9
DA:1199,40
DA:1207,10
DA:1208,10
LF:264
LH:256
BRDA:200,1,0,335
BRDA:200,1,1,0
BRDA:203,2,0,47
BRDA:203,2,1,1
BRDA:220,3,0,130
BRDA:220,3,1,4
BRDA:224,4,0,7224
BRDA:224,4,1,1
BRDA:228,5,0,91
BRDA:228,5,1,3
BRDA:235,6,0,5
BRDA:235,6,1,1
BRDA:235,7,0,4
BRDA:235,7,1,1
BRDA:244,8,0,2
BRDA:244,8,1,1
BRDA:244,9,0,1
BRDA:244,9,1,1
BRDA:249,10,0,76
BRDA:249,10,1,9
BRDA:254,11,0,2
BRDA:254,11,1,0
BRDA:269,12,0,137
BRDA:269,12,1,14
BRDA:294,13,0,84
BRDA:294,13,1,8
BRDA:295,14,0,82
BRDA:295,14,1,2
BRDA:353,15,0,52
BRDA:353,15,1,310
BRDA:371,16,0,5
BRDA:371,16,1,79
BRDA:373,17,0,1
BRDA:373,17,1,83
BRDA:426,18,0,0
BRDA:426,18,1,1
BRDA:466,19,0,29
BRDA:466,19,1,246
BRDA:486,20,0,84
BRDA:486,20,1,0
BRDA:509,21,0,75
BRDA:509,21,1,9
BRDA:521,22,0,294
BRDA:521,22,1,0
BRDA:551,23,0,0
BRDA:551,23,1,5
BRDA:573,24,0,72
BRDA:573,24,1,100
BRDA:591,25,0,13
BRDA:591,25,1,0
BRDA:687,26,0,4
BRDA:687,26,1,0
BRDA:765,27,0,3
BRDA:765,27,1,1
BRDA:776,28,0,1
BRDA:776,28,1,0
BRDA:841,29,0,1
BRDA:841,29,1,9
BRDA:851,30,0,1
BRDA:851,30,1,0
BRDA:864,31,0,0
BRDA:864,31,1,0
BRDA:878,32,0,3
BRDA:878,32,1,0
BRDA:906,33,0,291
BRDA:906,33,1,33
BRDA:916,34,0,30
BRDA:916,34,1,3
BRDA:955,35,0,3
BRDA:955,35,1,0
BRDA:966,36,0,3
BRDA:966,36,1,0
BRDA:998,37,0,1
BRDA:998,37,1,1
BRDA:1016,38,0,1
BRDA:1016,38,1,1
BRDA:1030,39,0,2
BRDA:1030,39,1,1
BRDA:1034,40,0,52
BRDA:1034,40,1,0
BRDA:1058,41,0,0
BRDA:1058,41,1,3480
BRDA:1058,42,0,0
BRDA:1058,42,1,0
BRDA:1081,43,0,3255
BRDA:1081,43,1,226
BRDA:1081,44,0,3255
BRDA:1081,44,1,0
BRDA:1107,45,0,4
BRDA:1107,45,1,0
BRDA:1121,46,0,3
BRDA:1121,46,1,1
BRDA:1121,47,0,2
BRDA:1121,47,1,1
BRDA:1135,48,0,3
BRDA:1135,48,1,0
BRDA:1153,49,0,3
BRDA:1153,49,1,1
BRDA:1163,50,0,3
BRDA:1163,50,1,6
BRDA:1173,51,0,6
BRDA:1173,51,1,0
BRDA:1174,52,0,3
BRDA:1174,52,1,3
BRDA:1199,53,0,40
BRDA:1199,53,1,0
BRF:106
BRH:82
end_of_record
TN:
SF:C:\Users\Rakhi\afi-audit\contracts\AFiPassiveRebalanceStrategies.sol
FN:126,contractUnpaused
FN:131,contractPaused
FN:136,onlySpecificAddress
FN:145,pause
FN:154,unPause
FN:168,updateGlobalFees
FN:174,getGlobalFee
FN:198,applyRebalForProportions
FN:215,getPauseStatus
FN:224,getRebalStrategyNumber
FN:237,updateRebalStrategyNumberByOwner
FN:247,setStorage
FN:257,setManager
FN:268,getPool
FN:273,swapData
FN:279,swapDataMultiHop
FN:293,uniswapV3Oracle
FN:357,initUniStructure
FN:398,updateUniTok
FN:402,encodePoolData
FN:413,setPriceOracle
FN:435,removeToken
FN:446,getMinimumAmountOut
FN:489,estimateAmounts
FN:505,estimateAmountOut
FN:519,estimateAmountOutMin
FN:529,getAmountOutMin
FN:571,setDexForTokenPair
FN:581,getDexType
FN:589,getPriceOracle
FN:599,intializeStalePriceDelay
FN:614,setSPDelay
FN:619,setstalepriceWindowLimit
FN:623,getstalepriceWindowLimit
FN:632,getStalePriceDelay
FN:642,updateOracleData
FN:647,greaterComparison
FN:651,csDistribution
FN:686,updateMidToken
FN:706,updateSecAgo
FN:710,getSecAgo
FN:714,getMidToken
FN:718,addressZero
FNF:43
FNH:43
FNDA:26,contractUnpaused
FNDA:9,contractPaused
FNDA:490,onlySpecificAddress
FNDA:7,pause
FNDA:6,unPause
FNDA:2,updateGlobalFees
FNDA:4,getGlobalFee
FNDA:4,applyRebalForProportions
FNDA:2,getPauseStatus
FNDA:90,getRebalStrategyNumber
FNDA:9,updateRebalStrategyNumberByOwner
FNDA:61,setStorage
FNDA:40,setManager
FNDA:454,getPool
FNDA:84,swapData
FNDA:400,swapDataMultiHop
FNDA:484,uniswapV3Oracle
FNDA:87,initUniStructure
FNDA:1748,updateUniTok
FNDA:81,encodePoolData
FNDA:53,setPriceOracle
FNDA:8,removeToken
FNDA:226,getMinimumAmountOut
FNDA:452,estimateAmounts
FNDA:1,estimateAmountOut
FNDA:453,estimateAmountOutMin
FNDA:452,getAmountOutMin
FNDA:5,setDexForTokenPair
FNDA:489,getDexType
FNDA:3481,getPriceOracle
FNDA:76,intializeStalePriceDelay
FNDA:393,setSPDelay
FNDA:2,setstalepriceWindowLimit
FNDA:1,getstalepriceWindowLimit
FNDA:3481,getStalePriceDelay
FNDA:13,updateOracleData
FNDA:84,greaterComparison
FNDA:84,csDistribution
FNDA:73,updateMidToken
FNDA:1,updateSecAgo
FNDA:1,getSecAgo
FNDA:340,getMidToken
FNDA:938,addressZero
DA:127,26
DA:128,24
DA:132,9
DA:133,7
DA:137,490
DA:138,488
DA:146,7
DA:147,7
DA:155,6
DA:156,6
DA:169,2
DA:170,2
DA:178,4
DA:201,4
DA:202,4
DA:203,4
DA:208,3
DA:216,2
DA:225,90
DA:238,9
DA:239,9
DA:248,61
DA:249,60
DA:258,40
DA:259,39
DA:269,454
DA:276,84
DA:282,400
DA:294,484
DA:295,484
DA:296,84
DA:297,29
DA:299,55
DA:301,84
DA:316,84
DA:318,0
DA:319,0
DA:321,0
DA:323,0
DA:338,0
DA:340,400
DA:353,400
DA:361,87
DA:367,86
DA:368,86
DA:369,86
DA:370,86
DA:371,86
DA:372,298
DA:377,298
DA:384,86
DA:385,86
DA:386,258
DA:387,894
DA:393,258
DA:399,1748
DA:405,81
DA:414,53
DA:415,53
DA:416,53
DA:419,53
DA:420,53
DA:421,215
DA:422,6
DA:423,6
DA:425,6
DA:427,209
DA:428,153
DA:430,209
DA:439,8
DA:440,8
DA:441,8
DA:443,0
DA:452,226
DA:454,226
DA:455,0
DA:460,0
DA:461,0
DA:462,0
DA:464,0
DA:471,226
DA:472,226
DA:474,226
DA:480,226
DA:495,452
DA:496,452
DA:510,1
DA:515,1
DA:516,0
DA:525,453
DA:526,452
DA:535,452
DA:536,452
DA:537,452
DA:541,452
DA:545,452
DA:549,452
DA:562,452
DA:565,0
DA:568,452
DA:576,5
DA:577,5
DA:578,5
DA:585,489
DA:586,489
DA:590,3481
DA:603,76
DA:608,69
DA:609,66
DA:610,393
DA:615,393
DA:616,393
DA:620,2
DA:624,1
DA:633,3481
DA:643,13
DA:644,12
DA:648,84
DA:655,84
DA:657,84
DA:658,275
DA:669,84
DA:670,84
DA:672,84
DA:673,3
DA:680,3
DA:682,48
DA:687,73
DA:693,73
DA:694,242
DA:695,242
DA:696,242
DA:707,1
DA:711,1
DA:715,340
DA:719,938
LF:136
LH:123
BRDA:127,1,0,24
BRDA:127,1,1,2
BRDA:132,2,0,7
BRDA:132,2,1,2
BRDA:137,3,0,488
BRDA:137,3,1,2
BRDA:145,4,0,8
BRDA:145,4,1,1
BRDA:145,5,0,7
BRDA:145,5,1,1
BRDA:154,6,0,7
BRDA:154,6,1,2
BRDA:154,7,0,6
BRDA:154,7,1,1
BRDA:168,8,0,2
BRDA:168,8,1,1
BRDA:197,9,0,6
BRDA:197,9,1,0
BRDA:198,10,0,4
BRDA:198,10,1,2
BRDA:202,11,0,4
BRDA:202,11,1,0
BRDA:237,12,0,10
BRDA:237,12,1,1
BRDA:237,13,0,9
BRDA:237,13,1,1
BRDA:247,14,0,61
BRDA:247,14,1,1
BRDA:248,15,0,60
BRDA:248,15,1,1
BRDA:257,16,0,40
BRDA:257,16,1,1
BRDA:258,17,0,39
BRDA:258,17,1,1
BRDA:293,18,0,484
BRDA:293,18,1,0
BRDA:295,19,0,84
BRDA:295,19,1,400
BRDA:295,20,0,29
BRDA:295,20,1,55
BRDA:296,21,0,29
BRDA:296,21,1,55
BRDA:317,22,0,0
BRDA:317,22,1,400
BRDA:317,23,0,0
BRDA:317,23,1,0
BRDA:318,24,0,0
BRDA:318,24,1,0
BRDA:361,25,0,86
BRDA:361,25,1,1
BRDA:362,26,0,81
BRDA:362,26,1,0
BRDA:362,27,0,0
BRDA:362,27,1,5
BRDA:413,28,0,53
BRDA:413,28,1,2
BRDA:417,29,0,51
BRDA:417,29,1,2
BRDA:421,30,0,6
BRDA:421,30,1,209
BRDA:422,31,0,6
BRDA:422,31,1,0
BRDA:427,32,0,153
BRDA:427,32,1,56
BRDA:440,33,0,8
BRDA:440,33,1,0
BRDA:454,34,0,0
BRDA:454,34,1,226
BRDA:454,35,0,0
BRDA:454,35,1,0
BRDA:456,36,0,0
BRDA:456,36,1,226
BRDA:457,37,0,0
BRDA:457,37,1,0
BRDA:461,38,0,0
BRDA:461,38,1,0
BRDA:562,39,0,0
BRDA:562,39,1,452
BRDA:576,40,0,5
BRDA:576,40,1,0
BRDA:577,41,0,5
BRDA:577,41,1,0
BRDA:586,42,0,0
BRDA:586,42,1,489
BRDA:603,43,0,69
BRDA:603,43,1,7
BRDA:604,44,0,69
BRDA:604,44,1,0
BRDA:608,45,0,66
BRDA:608,45,1,3
BRDA:615,46,0,393
BRDA:615,46,1,0
BRDA:619,47,0,2
BRDA:619,47,1,1
BRDA:643,48,0,12
BRDA:643,48,1,1
BRDA:643,49,0,1
BRDA:643,49,1,11
BRDA:648,50,0,84
BRDA:648,50,1,0
BRDA:672,51,0,3
BRDA:672,51,1,81
BRDA:681,52,0,48
BRDA:681,52,1,33
BRDA:681,53,0,46
BRDA:681,53,1,2
BRDA:687,54,0,73
BRDA:687,54,1,0
BRDA:688,55,0,68
BRDA:688,55,1,5
BRDA:688,56,0,5
BRDA:688,56,1,0
BRDA:706,57,0,1
BRDA:706,57,1,1
BRDA:719,58,0,936
BRDA:719,58,1,2
BRF:116
BRH:87
end_of_record
TN:
SF:C:\Users\Rakhi\afi-audit\contracts\AFiStorage.sol
FN:174,constructor
FN:189,validateAddress
FN:194,aFiVaultCaller
FN:214,addTeamWallet
FN:240,deactivateTeamWallet
FN:258,reActivateTeamWallet
FN:269,getTotalActiveWallets
FN:283,setTeamWallets
FN:312,validateEqual
FN:316,setActiveRebalancedStatus
FN:332,getTeamWalletDetails
FN:347,getTeamWalletsOfAFi
FN:353,isAFiActiveRebalanced
FN:359,compareTwoAddress
FN:369,setAFiActive
FN:384,afiSync
FN:407,balanceAave
FN:411,balancedForce
FN:430,balance
FN:440,balanceCompV3
FN:454,setAFiManager
FN:466,calcPoolValue
FN:479,tvlRead
FN:494,balanceOfUnderlyingInPoolsAndContract
FN:525,calcPoolValueSomeRead
FN:544,validateAndGetDecimals
FN:555,validateCaller
FN:563,validateFlag
FN:572,validateGreaterEqual
FN:576,validateGreater
FN:585,rearrange
FN:663,getStakedStatus
FN:670,calculateShares
FN:706,handleRedemption
FN:769,swapForOtherProduct
FN:795,callinputTokenUSD
FN:803,getCSwapCounterFromVault
FN:809,calculateRedemptionFromContract
FN:858,withdrawFromPools
FN:891,internalSwap
FN:920,_withdrawSome
FN:985,insufficientRevert
FN:994,getPriceInUSD
FN:1005,checkIfTokenPresent
FN:1048,swapInternal
FN:1118,_withdrawAll
FN:1167,withdrawFromAave
FN:1171,withdrawFromdForce
FN:1175,withdrawFromDolomite
FN:1179,withdrawFromCompoundV3
FN:1183,withdrawFromSilo
FN:1187,getAFiOracle
FN:1191,convertInUSDAndTok
FN:1210,setStablesWithdrawalLimit
FN:1215,setMaxSwapFee
FN:1221,setPreDepositedInputToken
FN:1236,setPreDepositedInputTokenInRebalance
FN:1246,setPreDepositedInputTokenInReInitialize
FN:1256,deletePreDepositedInputToken
FN:1279,withdrawStableTokens
FN:1351,handleSmallSwap
FN:1377,checkUnderlyingToken
FN:1432,getPreSwapDepositsTokens
FN:1450,_distributeProfitShare
FN:1468,profitDistribution
FN:1520,calculatePoolInUsd
FN:1556,callSwap
FN:1578,doSwapForThewhiteListRemoval
FN:1608,pauseSwapMethods
FN:1624,isSwapMethodPaused
FN:1631,balanceDolomite
FN:1647,balanceSilo
FN:1661,setSiloCollatralStatus
FNF:73
FNH:72
FNDA:156,constructor
FNDA:818,validateAddress
FNDA:128,aFiVaultCaller
FNDA:6,addTeamWallet
FNDA:5,deactivateTeamWallet
FNDA:4,reActivateTeamWallet
FNDA:6,getTotalActiveWallets
FNDA:61,setTeamWallets
FNDA:145,validateEqual
FNDA:61,setActiveRebalancedStatus
FNDA:16,getTeamWalletDetails
FNDA:10,getTeamWalletsOfAFi
FNDA:15,isAFiActiveRebalanced
FNDA:213,compareTwoAddress
FNDA:66,setAFiActive
FNDA:232,afiSync
FNDA:131,balanceAave
FNDA:27,balancedForce
FNDA:2307,balance
FNDA:8,balanceCompV3
FNDA:9,setAFiManager
FNDA:1594,calcPoolValue
FNDA:1608,tvlRead
FNDA:1608,balanceOfUnderlyingInPoolsAndContract
FNDA:15,calcPoolValueSomeRead
FNDA:3527,validateAndGetDecimals
FNDA:529,validateCaller
FNDA:89,validateFlag
FNDA:3527,validateGreaterEqual
FNDA:191,validateGreater
FNDA:85,rearrange
FNDA:121,getStakedStatus
FNDA:153,calculateShares
FNDA:32,handleRedemption
FNDA:30,swapForOtherProduct
FNDA:31,callinputTokenUSD
FNDA:549,getCSwapCounterFromVault
FNDA:121,calculateRedemptionFromContract
FNDA:15,withdrawFromPools
FNDA:15,internalSwap
FNDA:15,_withdrawSome
FNDA:0,insufficientRevert
FNDA:3403,getPriceInUSD
FNDA:30,checkIfTokenPresent
FNDA:30,swapInternal
FNDA:82,_withdrawAll
FNDA:14,withdrawFromAave
FNDA:4,withdrawFromdForce
FNDA:1,withdrawFromDolomite
FNDA:2,withdrawFromCompoundV3
FNDA:1,withdrawFromSilo
FNDA:126,getAFiOracle
FNDA:1412,convertInUSDAndTok
FNDA:74,setStablesWithdrawalLimit
FNDA:3,setMaxSwapFee
FNDA:153,setPreDepositedInputToken
FNDA:65,setPreDepositedInputTokenInRebalance
FNDA:2,setPreDepositedInputTokenInReInitialize
FNDA:3,deletePreDepositedInputToken
FNDA:5,withdrawStableTokens
FNDA:1,handleSmallSwap
FNDA:1,checkUnderlyingToken
FNDA:1126,getPreSwapDepositsTokens
FNDA:1,_distributeProfitShare
FNDA:1,profitDistribution
FNDA:392,calculatePoolInUsd
FNDA:121,callSwap
FNDA:3,doSwapForThewhiteListRemoval
FNDA:3,pauseSwapMethods
FNDA:1,isSwapMethodPaused
FNDA:2,balanceDolomite
FNDA:13,balanceSilo
FNDA:2,setSiloCollatralStatus
DA:180,156
DA:181,156
DA:182,156
DA:183,156
DA:184,156
DA:185,156
DA:186,156
DA:190,818
DA:195,128
DA:215,6
DA:216,6
DA:217,5
DA:218,5
DA:219,4
DA:220,3
DA:221,3
DA:223,3
DA:224,2
DA:225,2
DA:227,3
DA:229,4
DA:242,5
DA:243,5
DA:244,5
DA:246,5
DA:247,5
DA:260,4
DA:261,4
DA:262,4
DA:263,3
DA:265,3
DA:266,3
DA:272,6
DA:284,61
DA:285,60
DA:287,60
DA:288,60
DA:290,60
DA:291,60
DA:292,120
DA:293,120
DA:295,120
DA:296,120
DA:297,120
DA:298,120
DA:299,120
DA:302,120
DA:303,120
DA:306,0
DA:309,60
DA:313,145
DA:320,61
DA:321,61
DA:322,61
DA:336,16
DA:350,10
DA:356,15
DA:360,213
DA:370,66
DA:372,65
DA:373,63
DA:374,63
DA:393,232
DA:394,232
DA:395,232
DA:396,232
DA:397,232
DA:398,232
DA:408,131
DA:415,27
DA:416,27
DA:417,27
DA:420,0
DA:431,2307
DA:444,8
DA:445,8
DA:455,9
DA:456,8
DA:457,8
DA:470,1594
DA:471,1593
DA:472,1593
DA:473,1593
DA:474,1593
DA:476,1593
DA:483,1608
DA:484,1608
DA:485,1608
DA:498,1608
DA:501,109
DA:503,1608
DA:507,4
DA:509,1608
DA:512,19
DA:514,1608
DA:515,0
DA:517,1608
DA:518,9
DA:521,1608
DA:531,15
DA:532,15
DA:533,15
DA:534,15
DA:536,15
DA:545,3527
DA:546,3527
DA:547,3527
DA:556,529
DA:564,89
DA:573,3527
DA:577,191
DA:590,85
DA:591,84
DA:592,84
DA:593,67
DA:595,67
DA:596,252
DA:597,252
DA:599,252
DA:600,50
DA:601,50
DA:603,252
DA:605,251
DA:607,28
DA:608,28
DA:609,28
DA:616,10
DA:617,2
DA:619,2
DA:625,6
DA:626,5
DA:628,5
DA:634,1
DA:635,1
DA:641,4
DA:642,4
DA:643,4
DA:644,4
DA:652,252
DA:667,121
DA:679,153
DA:680,153
DA:681,153
DA:682,153
DA:683,153
DA:685,153
DA:686,47
DA:688,106
DA:689,106
DA:692,153
DA:693,61
DA:694,47
DA:696,14
DA:699,92
DA:700,92
DA:712,32
DA:713,32
DA:714,32
DA:715,1
DA:726,4
DA:736,27
DA:747,31
DA:748,31
DA:749,1
DA:758,31
DA:778,30
DA:779,30
DA:780,30
DA:781,30
DA:782,30
DA:783,30
DA:789,30
DA:790,30
DA:791,30
DA:792,30
DA:796,31
DA:806,549
DA:825,121
DA:826,121
DA:827,121
DA:828,121
DA:831,121
DA:832,121
DA:833,121
DA:834,121
DA:835,121
DA:837,121
DA:840,121
DA:841,121
DA:868,15
DA:869,15
DA:875,15
DA:876,15
DA:879,15
DA:881,15
DA:899,15
DA:900,14
DA:901,14
DA:912,1
DA:925,15
DA:928,8
DA:929,8
DA:930,0
DA:932,8
DA:935,8
DA:937,7
DA:940,4
DA:941,4
DA:942,0
DA:944,4
DA:947,4
DA:949,3
DA:953,1
DA:954,1
DA:955,0
DA:957,1
DA:960,1
DA:962,2
DA:963,1
DA:964,1
DA:965,0
DA:967,1
DA:970,1
DA:972,1
DA:973,1
DA:974,1
DA:975,0
DA:977,1
DA:978,1
DA:981,1
DA:986,0
DA:995,3403
DA:1013,30
DA:1014,30
DA:1015,30
DA:1016,30
DA:1017,30
DA:1018,30
DA:1019,30
DA:1020,2
DA:1027,2
DA:1028,1
DA:1030,2
DA:1031,1
DA:1032,1
DA:1055,30
DA:1056,30
DA:1057,30
DA:1058,30
DA:1059,30
DA:1060,30
DA:1061,115
DA:1068,115
DA:1069,99
DA:1071,99
DA:1072,99
DA:1082,0
DA:1093,99
DA:1095,16
DA:1096,14
DA:1097,14
DA:1122,82
DA:1124,82
DA:1125,82
DA:1128,6
DA:1129,6
DA:1130,6
DA:1133,82
DA:1137,2
DA:1138,2
DA:1139,1
DA:1142,82
DA:1145,0
DA:1146,0
DA:1149,82
DA:1150,0
DA:1151,0
DA:1158,82
DA:1159,0
DA:1160,0
DA:1161,0
DA:1164,82
DA:1168,14
DA:1172,4
DA:1176,1
DA:1180,2
DA:1184,1
DA:1188,126
DA:1196,1412
DA:1198,1412
DA:1199,1412
DA:1200,1409
DA:1202,3
DA:1211,74
DA:1212,73
DA:1216,3
DA:1217,3
DA:1218,2
DA:1226,153
DA:1242,65
DA:1243,65
DA:1252,2
DA:1253,2
DA:1261,3
DA:1262,3
DA:1288,5
DA:1289,5
DA:1290,5
DA:1291,5
DA:1293,5
DA:1294,2
DA:1295,2
DA:1297,3
DA:1298,3
DA:1299,3
DA:1300,3
DA:1301,3
DA:1302,7
DA:1305,7
DA:1306,1
DA:1307,1
DA:1308,0
DA:1317,0
DA:1318,0
DA:1320,1
DA:1332,1
DA:1338,5
DA:1339,4
DA:1340,4
DA:1344,1
DA:1346,3
DA:1362,1
DA:1363,1
DA:1372,1
DA:1373,1
DA:1374,1
DA:1387,1
DA:1388,1
DA:1389,1
DA:1391,1
DA:1392,1
DA:1393,1
DA:1399,1
DA:1400,4
DA:1406,4
DA:1409,4
DA:1410,4
DA:1420,0
DA:1422,0
DA:1437,1126
DA:1457,1
DA:1458,1
DA:1459,1
DA:1460,1
DA:1461,1
DA:1464,1
DA:1474,1
DA:1475,1
DA:1476,1
DA:1477,1
DA:1480,1
DA:1481,1
DA:1482,1
DA:1487,1
DA:1488,2
DA:1490,2
DA:1491,2
DA:1496,1
DA:1497,1
DA:1499,1
DA:1502,2
DA:1504,2
DA:1510,2
DA:1523,392
DA:1524,392
DA:1525,392
DA:1526,392
DA:1527,392
DA:1528,392
DA:1529,392
DA:1530,1435
DA:1531,318
DA:1532,279
DA:1534,318
DA:1539,318
DA:1541,1117
DA:1542,807
DA:1547,807
DA:1550,1117
DA:1553,392
DA:1565,121
DA:1566,121
DA:1575,121
DA:1586,3
DA:1587,3
DA:1588,3
DA:1597,3
DA:1598,3
DA:1599,3
DA:1613,3
DA:1614,2
DA:1615,2
DA:1628,1
DA:1635,2
DA:1640,2
DA:1644,2
DA:1648,13
DA:1649,0
DA:1657,13
DA:1662,2
DA:1663,2
LF:411
LH:388
BRDA:190,1,0,817
BRDA:190,1,1,1
BRDA:195,2,0,128
BRDA:195,2,1,0
BRDA:197,3,0,38
BRDA:197,3,1,90
BRDA:214,4,0,6
BRDA:214,4,1,0
BRDA:219,5,0,3
BRDA:219,5,1,1
BRDA:223,6,0,2
BRDA:223,6,1,1
BRDA:240,7,0,5
BRDA:240,7,1,1
BRDA:240,8,0,5
BRDA:240,8,1,0
BRDA:258,9,0,4
BRDA:258,9,1,1
BRDA:258,10,0,4
BRDA:258,10,1,0
BRDA:283,11,0,61
BRDA:283,11,1,0
BRDA:295,12,0,120
BRDA:295,12,1,0
BRDA:313,13,0,144
BRDA:313,13,1,1
BRDA:360,14,0,212
BRDA:360,14,1,1
BRDA:360,15,0,125
BRDA:360,15,1,87
BRDA:372,16,0,63
BRDA:372,16,1,2
BRDA:415,17,0,27
BRDA:415,17,1,0
BRDA:444,18,0,8
BRDA:444,18,1,0
BRDA:454,19,0,9
BRDA:454,19,1,1
BRDA:472,20,0,1593
BRDA:472,20,1,0
BRDA:498,21,0,109
BRDA:498,21,1,1499
BRDA:503,22,0,4
BRDA:503,22,1,1604
BRDA:509,23,0,19
BRDA:509,23,1,1589
BRDA:514,24,0,0
BRDA:514,24,1,1608
BRDA:517,25,0,9
BRDA:517,25,1,1599
BRDA:532,26,0,15
BRDA:532,26,1,0
BRDA:556,27,0,527
BRDA:556,27,1,2
BRDA:564,28,0,87
BRDA:564,28,1,2
BRDA:573,29,0,3527
BRDA:573,29,1,0
BRDA:577,30,0,188
BRDA:577,30,1,3
BRDA:592,31,0,67
BRDA:592,31,1,17
BRDA:599,32,0,50
BRDA:599,32,1,202
BRDA:603,33,0,251
BRDA:603,33,1,1
BRDA:605,34,0,28
BRDA:605,34,1,223
BRDA:607,35,0,28
BRDA:607,35,1,0
BRDA:614,36,0,10
BRDA:614,36,1,213
BRDA:616,37,0,2
BRDA:616,37,1,8
BRDA:624,38,0,6
BRDA:624,38,1,207
BRDA:625,39,0,5
BRDA:625,39,1,1
BRDA:633,40,0,1
BRDA:633,40,1,206
BRDA:640,41,0,4
BRDA:640,41,1,202
BRDA:641,42,0,4
BRDA:641,42,1,0
BRDA:685,43,0,47
BRDA:685,43,1,106
BRDA:692,44,0,61
BRDA:692,44,1,92
BRDA:693,45,0,47
BRDA:693,45,1,14
BRDA:714,46,0,1
BRDA:714,46,1,31
BRDA:725,47,0,4
BRDA:725,47,1,27
BRDA:748,48,0,1
BRDA:748,48,1,30
BRDA:831,49,0,121
BRDA:831,49,1,0
BRDA:899,50,0,14
BRDA:899,50,1,1
BRDA:900,51,0,14
BRDA:900,51,1,0
BRDA:925,52,0,8
BRDA:925,52,1,7
BRDA:928,53,0,8
BRDA:928,53,1,0
BRDA:929,54,0,0
BRDA:929,54,1,8
BRDA:937,55,0,4
BRDA:937,55,1,3
BRDA:940,56,0,4
BRDA:940,56,1,0
BRDA:941,57,0,0
BRDA:941,57,1,4
BRDA:949,58,0,1
BRDA:949,58,1,2
BRDA:953,59,0,1
BRDA:953,59,1,0
BRDA:954,60,0,0
BRDA:954,60,1,1
BRDA:962,61,0,1
BRDA:962,61,1,1
BRDA:963,62,0,1
BRDA:963,62,1,0
BRDA:964,63,0,0
BRDA:964,63,1,1
BRDA:972,64,0,1
BRDA:972,64,1,0
BRDA:973,65,0,1
BRDA:973,65,1,0
BRDA:974,66,0,0
BRDA:974,66,1,1
BRDA:1019,67,0,2
BRDA:1019,67,1,28
BRDA:1027,68,0,1
BRDA:1027,68,1,1
BRDA:1030,69,0,1
BRDA:1030,69,1,1
BRDA:1031,70,0,1
BRDA:1031,70,1,0
BRDA:1068,71,0,99
BRDA:1068,71,1,16
BRDA:1069,72,0,99
BRDA:1069,72,1,0
BRDA:1071,73,0,99
BRDA:1071,73,1,0
BRDA:1095,74,0,14
BRDA:1095,74,1,2
BRDA:1096,75,0,14
BRDA:1096,75,1,0
BRDA:1125,76,0,6
BRDA:1125,76,1,76
BRDA:1129,77,0,6
BRDA:1129,77,1,0
BRDA:1133,78,0,2
BRDA:1133,78,1,80
BRDA:1138,79,0,1
BRDA:1138,79,1,1
BRDA:1142,80,0,0
BRDA:1142,80,1,82
BRDA:1145,81,0,0
BRDA:1145,81,1,0
BRDA:1149,82,0,0
BRDA:1149,82,1,82
BRDA:1150,83,0,0
BRDA:1150,83,1,0
BRDA:1158,84,0,0
BRDA:1158,84,1,82
BRDA:1159,85,0,0
BRDA:1159,85,1,0
BRDA:1199,86,0,1409
BRDA:1199,86,1,3
BRDA:1210,87,0,74
BRDA:1210,87,1,1
BRDA:1215,88,0,3
BRDA:1215,88,1,1
BRDA:1293,89,0,2
BRDA:1293,89,1,3
BRDA:1305,90,0,1
BRDA:1305,90,1,6
BRDA:1307,91,0,0
BRDA:1307,91,1,1
BRDA:1338,92,0,4
BRDA:1338,92,1,1
BRDA:1340,93,0,1
BRDA:1340,93,1,3
BRDA:1389,94,0,1
BRDA:1389,94,1,0
BRDA:1389,95,0,0
BRDA:1389,95,1,1
BRDA:1409,96,0,4
BRDA:1409,96,1,0
BRDA:1419,97,0,0
BRDA:1419,97,1,0
BRDA:1460,98,0,1
BRDA:1460,98,1,0
BRDA:1481,99,0,1
BRDA:1481,99,1,0
BRDA:1490,100,0,2
BRDA:1490,100,1,0
BRDA:1491,101,0,1
BRDA:1491,101,1,1
BRDA:1526,102,0,286
BRDA:1526,102,1,106
BRDA:1530,103,0,318
BRDA:1530,103,1,1117
BRDA:1531,104,0,279
BRDA:1531,104,1,39
BRDA:1541,105,0,807
BRDA:1541,105,1,310
BRDA:1648,106,0,0
BRDA:1648,106,1,13
BRF:212
BRH:161
end_of_record
TN:
SF:C:\Users\Rakhi\afi-audit\contracts\DataConsumerWithSequencerCheck.sol
FN:83,constructor
FN:89,updateSequencerUptimeFeed
FN:95,updateGracePeriod
FN:101,isValid
FN:128,getPrice
FNF:5
FNH:5
FNDA:156,constructor
FNDA:2,updateSequencerUptimeFeed
FNDA:2,updateGracePeriod
FNDA:3481,isValid
FNDA:3481,getPrice
DA:84,156
DA:90,2
DA:92,1
DA:96,2
DA:98,1
DA:103,3481
DA:113,3481
DA:114,3481
DA:115,0
DA:120,3481
DA:121,3481
DA:122,0
DA:124,3481
DA:130,3481
LF:14
LH:12
BRDA:89,1,0,2
BRDA:89,1,1,1
BRDA:90,2,0,1
BRDA:90,2,1,1
BRDA:95,3,0,2
BRDA:95,3,1,1
BRDA:96,4,0,1
BRDA:96,4,1,1
BRDA:114,5,0,0
BRDA:114,5,1,3481
BRDA:121,6,0,0
BRDA:121,6,1,3481
BRDA:128,7,0,3481
BRDA:128,7,1,0
BRF:14
BRH:11
end_of_record
TN:
SF:C:\Users\Rakhi\afi-audit\contracts\Interfaces\Address.sol
FN:36,isContract
FN:60,sendValue
FN:85,functionCall
FN:95,functionCall
FN:114,functionCallWithValue
FN:128,functionCallWithValue
FN:145,functionStaticCall
FN:155,functionStaticCall
FN:170,functionDelegateCall
FN:180,functionDelegateCall
FN:195,verifyCallResultFromTarget
FN:219,verifyCallResult
FN:231,_revert
FNF:13
FNH:3
FNDA:0,isContract
FNDA:0,sendValue
FNDA:0,functionCall
FNDA:1143,functionCall
FNDA:0,functionCallWithValue
FNDA:1143,functionCallWithValue
FNDA:0,functionStaticCall
FNDA:0,functionStaticCall
FNDA:0,functionDelegateCall
FNDA:0,functionDelegateCall
FNDA:1143,verifyCallResultFromTarget
FNDA:0,verifyCallResult
FNDA:0,_revert
DA:41,0
DA:61,0
DA:63,0
DA:64,0
DA:86,0
DA:100,1143
DA:119,0
DA:134,1143
DA:135,1143
DA:136,1143
DA:146,0
DA:160,0
DA:161,0
DA:171,0
DA:185,0
DA:186,0
DA:201,1143
DA:202,1143
DA:205,0
DA:207,1143
DA:209,0
DA:224,0
DA:225,0
DA:227,0
DA:233,0
DA:236,0
DA:241,0
LF:27
LH:7
BRDA:61,1,0,0
BRDA:61,1,1,0
BRDA:64,2,0,0
BRDA:64,2,1,0
BRDA:134,3,0,1143
BRDA:134,3,1,0
BRDA:201,4,0,1143
BRDA:201,4,1,0
BRDA:202,5,0,0
BRDA:202,5,1,1143
BRDA:205,6,0,0
BRDA:205,6,1,0
BRDA:224,7,0,0
BRDA:224,7,1,0
BRDA:233,8,0,0
BRDA:233,8,1,0
BRF:16
BRH:3
end_of_record
TN:
SF:C:\Users\Rakhi\afi-audit\contracts\Interfaces\AggregatorV3Interface.sol
FNF:0
FNH:0
LF:0
LH:0
BRF:0
BRH:0
end_of_record
TN:
SF:C:\Users\Rakhi\afi-audit\contracts\Interfaces\Clones.sol
FN:25,clone
FN:45,cloneDeterministic
FN:61,predictDeterministicAddress
FN:82,predictDeterministicAddress
FNF:4
FNH:1
FNDA:59,clone
FNDA:0,cloneDeterministic
FNDA:0,predictDeterministicAddress
FNDA:0,predictDeterministicAddress
DA:27,59
DA:35,59
DA:47,0
DA:55,0
DA:67,0
DA:87,0
LF:6
LH:2
BRDA:35,1,0,59
BRDA:35,1,1,0
BRDA:55,2,0,0
BRDA:55,2,1,0
BRF:4
BRH:1
end_of_record
TN:
SF:C:\Users\Rakhi\afi-audit\contracts\Interfaces\Context.sol
FN:17,_msgSender
FN:21,_msgData
FNF:2
FNH:1
FNDA:2070,_msgSender
FNDA:0,_msgData
DA:18,2070
DA:22,0
LF:2
LH:1
BRF:0
BRH:0
end_of_record
TN:
SF:C:\Users\Rakhi\afi-audit\contracts\Interfaces\CustomizeIERC20.sol
FNF:0
FNH:0
LF:0
LH:0
BRF:0
BRH:0
end_of_record
TN:
SF:C:\Users\Rakhi\afi-audit\contracts\Interfaces\DataTypes.sol
FNF:0
FNH:0
LF:0
LH:0
BRF:0
BRH:0
end_of_record
TN:
SF:C:\Users\Rakhi\afi-audit\contracts\Interfaces\draft-IERC20Permit.sol
FNF:0
FNH:0
LF:0
LH:0
BRF:0
BRH:0
end_of_record
TN:
SF:C:\Users\Rakhi\afi-audit\contracts\Interfaces\ERC20.sol
FN:54,constructor
FN:62,name
FN:70,symbol
FN:87,decimals
FN:94,totalSupply
FN:101,balanceOf
FN:113,transfer
FN:122,allowance
FN:136,approve
FN:158,transferFrom
FN:181,increaseAllowance
FN:201,decreaseAllowance
FN:226,_transfer
FN:259,_mint
FN:287,_approve
FN:307,_spendAllowance
FN:335,_beforeTokenTransfer
FN:351,_afterTokenTransfer
FNF:18
FNH:11
FNDA:156,constructor
FNDA:0,name
FNDA:0,symbol
FNDA:0,decimals
FNDA:166,totalSupply
FNDA:64,balanceOf
FNDA:0,transfer
FNDA:3,allowance
FNDA:0,approve
FNDA:0,transferFrom
FNDA:1,increaseAllowance
FNDA:0,decreaseAllowance
FNDA:2,_transfer
FNDA:153,_mint
FNDA:2,_approve
FNDA:1,_spendAllowance
FNDA:155,_beforeTokenTransfer
FNDA:155,_afterTokenTransfer
DA:55,156
DA:56,156
DA:63,0
DA:71,0
DA:88,0
DA:95,166
DA:102,64
DA:114,0
DA:115,0
DA:116,0
DA:123,3
DA:137,0
DA:138,0
DA:139,0
DA:163,0
DA:164,0
DA:165,0
DA:166,0
DA:182,1
DA:183,1
DA:184,1
DA:202,0
DA:203,0
DA:204,0
DA:205,0
DA:206,0
DA:209,0
DA:231,2
DA:232,2
DA:234,2
DA:236,2
DA:237,2
DA:238,2
DA:239,2
DA:242,2
DA:245,2
DA:247,2
DA:260,153
DA:262,153
DA:264,153
DA:265,153
DA:267,153
DA:269,153
DA:271,153
DA:292,2
DA:293,2
DA:295,2
DA:296,2
DA:312,1
DA:313,1
DA:314,1
DA:315,1
DA:316,1
LF:53
LH:34
BRDA:204,1,0,0
BRDA:204,1,1,0
BRDA:231,2,0,2
BRDA:231,2,1,0
BRDA:232,3,0,2
BRDA:232,3,1,0
BRDA:237,4,0,2
BRDA:237,4,1,0
BRDA:260,5,0,153
BRDA:260,5,1,0
BRDA:292,6,0,2
BRDA:292,6,1,0
BRDA:293,7,0,2
BRDA:293,7,1,0
BRDA:313,8,0,1
BRDA:313,8,1,0
BRDA:314,9,0,1
BRDA:314,9,1,0
BRF:18
BRH:8
end_of_record
TN:
SF:C:\Users\Rakhi\afi-audit\contracts\Interfaces\IAFi.sol
FNF:0
FNH:0
LF:0
LH:0
BRF:0
BRH:0
end_of_record
TN:
SF:C:\Users\Rakhi\afi-audit\contracts\Interfaces\IAFiFactory.sol
FNF:0
FNH:0
LF:0
LH:0
BRF:0
BRH:0
end_of_record
TN:
SF:C:\Users\Rakhi\afi-audit\contracts\Interfaces\IAFiStorage.sol
FNF:0
FNH:0
LF:0
LH:0
BRF:0
BRH:0
end_of_record
TN:
SF:C:\Users\Rakhi\afi-audit\contracts\Interfaces\IDolomiteMargin.sol
FNF:0
FNH:0
LF:0
LH:0
BRF:0
BRH:0
end_of_record
TN:
SF:C:\Users\Rakhi\afi-audit\contracts\Interfaces\IERC20.sol
FNF:0
FNH:0
LF:0
LH:0
BRF:0
BRH:0
end_of_record
TN:
SF:C:\Users\Rakhi\afi-audit\contracts\Interfaces\IERC20Extended.sol
FNF:0
FNH:0
LF:0
LH:0
BRF:0
BRH:0
end_of_record
TN:
SF:C:\Users\Rakhi\afi-audit\contracts\Interfaces\IERC20Metadata.sol
FNF:0
FNH:0
LF:0
LH:0
BRF:0
BRH:0
end_of_record
TN:
SF:C:\Users\Rakhi\afi-audit\contracts\Interfaces\ILendingPool.sol
FNF:0
FNH:0
LF:0
LH:0
BRF:0
BRH:0
end_of_record
TN:
SF:C:\Users\Rakhi\afi-audit\contracts\Interfaces\ILendingPoolAddressesProvider.sol
FNF:0
FNH:0
LF:0
LH:0
BRF:0
BRH:0
end_of_record
TN:
SF:C:\Users\Rakhi\afi-audit\contracts\Interfaces\IPassiveRebal.sol
FNF:0
FNH:0
LF:0
LH:0
BRF:0
BRH:0
end_of_record
TN:
SF:C:\Users\Rakhi\afi-audit\contracts\Interfaces\ISwapRouter.sol
FNF:0
FNH:0
LF:0
LH:0
BRF:0
BRH:0
end_of_record
TN:
SF:C:\Users\Rakhi\afi-audit\contracts\Interfaces\IUNISWAP.sol
FNF:0
FNH:0
LF:0
LH:0
BRF:0
BRH:0
end_of_record
TN:
SF:C:\Users\Rakhi\afi-audit\contracts\Interfaces\IUniswapV3.sol
FNF:0
FNH:0
LF:0
LH:0
BRF:0
BRH:0
end_of_record
TN:
SF:C:\Users\Rakhi\afi-audit\contracts\Interfaces\IUniswapV3Factory.sol
FNF:0
FNH:0
LF:0
LH:0
BRF:0
BRH:0
end_of_record
TN:
SF:C:\Users\Rakhi\afi-audit\contracts\Interfaces\Ownable.sol
FN:28,constructor
FN:35,onlyOwner
FN:43,owner
FN:50,_checkOwner
FN:61,renounceOwnership
FN:69,transferOwnership
FN:78,_transferOwnership
FNF:7
FNH:6
FNDA:1092,constructor
FNDA:973,onlyOwner
FNDA:1299,owner
FNDA:973,_checkOwner
FNDA:1,renounceOwnership
FNDA:0,transferOwnership
FNDA:1152,_transferOwnership
DA:29,1092
DA:36,973
DA:37,914
DA:44,1299
DA:51,973
DA:62,1
DA:70,0
DA:71,0
DA:79,1152
DA:80,1152
DA:81,1152
LF:11
LH:9
BRDA:51,1,0,914
BRDA:51,1,1,59
BRDA:61,2,0,1
BRDA:61,2,1,0
BRDA:69,3,0,0
BRDA:69,3,1,0
BRDA:70,4,0,0
BRDA:70,4,1,0
BRF:8
BRH:3
end_of_record
TN:
SF:C:\Users\Rakhi\afi-audit\contracts\Interfaces\Ownable2Step.sol
FN:27,pendingOwner
FN:35,_transferOwnership
FN:43,acceptOwnership
FNF:3
FNH:1
FNDA:0,pendingOwner
FNDA:1152,_transferOwnership
FNDA:0,acceptOwnership
DA:28,0
DA:36,1152
DA:37,1152
DA:44,0
DA:45,0
DA:46,0
LF:6
LH:2
BRDA:45,1,0,0
BRDA:45,1,1,0
BRF:2
BRH:0
end_of_record
TN:
SF:C:\Users\Rakhi\afi-audit\contracts\Interfaces\OwnableDelayModule.sol
FN:9,constructor
FN:13,isDelayModule
FN:17,setDelayModule
FN:23,getDelayModule
FN:31,transferOwnership
FNF:5
FNH:3
FNDA:1092,constructor
FNDA:1,isDelayModule
FNDA:0,setDelayModule
FNDA:0,getDelayModule
FNDA:1,transferOwnership
DA:10,1092
DA:14,1
DA:18,0
DA:19,0
DA:20,0
DA:24,0
DA:32,1
DA:33,0
DA:34,0
LF:9
LH:3
BRDA:14,1,0,0
BRDA:14,1,1,1
BRDA:19,2,0,0
BRDA:19,2,1,0
BRF:4
BRH:1
end_of_record
TN:
SF:C:\Users\Rakhi\afi-audit\contracts\Interfaces\ReentrancyGuard.sol
FN:39,constructor
FN:50,nonReentrant
FN:56,_nonReentrantBefore
FN:64,_nonReentrantAfter
FNF:4
FNH:4
FNDA:624,constructor
FNDA:462,nonReentrant
FNDA:462,_nonReentrantBefore
FNDA:426,_nonReentrantAfter
DA:40,624
DA:51,462
DA:52,462
DA:53,426
DA:58,462
DA:61,462
DA:67,426
LF:7
LH:7
BRDA:58,1,0,462
BRDA:58,1,1,0
BRF:2
BRH:1
end_of_record
TN:
SF:C:\Users\Rakhi\afi-audit\contracts\Interfaces\SafeCast.sol
FN:35,toUint248
FN:52,toUint240
FN:69,toUint232
FN:86,toUint224
FN:103,toUint216
FN:120,toUint208
FN:137,toUint200
FN:154,toUint192
FN:171,toUint184
FN:188,toUint176
FN:205,toUint168
FN:222,toUint160
FN:239,toUint152
FN:256,toUint144
FN:273,toUint136
FN:290,toUint128
FN:307,toUint120
FN:324,toUint112
FN:341,toUint104
FN:358,toUint96
FN:375,toUint88
FN:392,toUint80
FN:409,toUint72
FN:426,toUint64
FN:443,toUint56
FN:460,toUint48
FN:477,toUint40
FN:494,toUint32
FN:511,toUint24
FN:528,toUint16
FN:545,toUint8
FN:559,toUint256
FN:577,toInt248
FN:595,toInt240
FN:613,toInt232
FN:631,toInt224
FN:649,toInt216
FN:667,toInt208
FN:685,toInt200
FN:703,toInt192
FN:721,toInt184
FN:739,toInt176
FN:757,toInt168
FN:775,toInt160
FN:793,toInt152
FN:811,toInt144
FN:829,toInt136
FN:847,toInt128
FN:865,toInt120
FN:883,toInt112
FN:901,toInt104
FN:919,toInt96
FN:937,toInt88
FN:955,toInt80
FN:973,toInt72
FN:991,toInt64
FN:1009,toInt56
FN:1027,toInt48
FN:1045,toInt40
FN:1063,toInt32
FN:1081,toInt24
FN:1099,toInt16
FN:1117,toInt8
FN:1131,toInt256
FNF:64
FNH:1
FNDA:0,toUint248
FNDA:0,toUint240
FNDA:0,toUint232
FNDA:0,toUint224
FNDA:0,toUint216
FNDA:0,toUint208
FNDA:0,toUint200
FNDA:0,toUint192
FNDA:0,toUint184
FNDA:0,toUint176
FNDA:0,toUint168
FNDA:0,toUint160
FNDA:0,toUint152
FNDA:0,toUint144
FNDA:0,toUint136
FNDA:0,toUint128
FNDA:0,toUint120
FNDA:0,toUint112
FNDA:0,toUint104
FNDA:0,toUint96
FNDA:0,toUint88
FNDA:0,toUint80
FNDA:0,toUint72
FNDA:0,toUint64
FNDA:0,toUint56
FNDA:0,toUint48
FNDA:0,toUint40
FNDA:0,toUint32
FNDA:0,toUint24
FNDA:0,toUint16
FNDA:0,toUint8
FNDA:3480,toUint256
FNDA:0,toInt248
FNDA:0,toInt240
FNDA:0,toInt232
FNDA:0,toInt224
FNDA:0,toInt216
FNDA:0,toInt208
FNDA:0,toInt200
FNDA:0,toInt192
FNDA:0,toInt184
FNDA:0,toInt176
FNDA:0,toInt168
FNDA:0,toInt160
FNDA:0,toInt152
FNDA:0,toInt144
FNDA:0,toInt136
FNDA:0,toInt128
FNDA:0,toInt120
FNDA:0,toInt112
FNDA:0,toInt104
FNDA:0,toInt96
FNDA:0,toInt88
FNDA:0,toInt80
FNDA:0,toInt72
FNDA:0,toInt64
FNDA:0,toInt56
FNDA:0,toInt48
FNDA:0,toInt40
FNDA:0,toInt32
FNDA:0,toInt24
FNDA:0,toInt16
FNDA:0,toInt8
FNDA:0,toInt256
DA:36,0
DA:37,0
DA:53,0
DA:54,0
DA:70,0
DA:71,0
DA:87,0
DA:88,0
DA:104,0
DA:105,0
DA:121,0
DA:122,0
DA:138,0
DA:139,0
DA:155,0
DA:156,0
DA:172,0
DA:173,0
DA:189,0
DA:190,0
DA:206,0
DA:207,0
DA:223,0
DA:224,0
DA:240,0
DA:241,0
DA:257,0
DA:258,0
DA:274,0
DA:275,0
DA:291,0
DA:292,0
DA:308,0
DA:309,0
DA:325,0
DA:326,0
DA:342,0
DA:343,0
DA:359,0
DA:360,0
DA:376,0
DA:377,0
DA:393,0
DA:394,0
DA:410,0
DA:411,0
DA:427,0
DA:428,0
DA:444,0
DA:445,0
DA:461,0
DA:462,0
DA:478,0
DA:479,0
DA:495,0
DA:496,0
DA:512,0
DA:513,0
DA:529,0
DA:530,0
DA:546,0
DA:547,0
DA:560,3480
DA:561,3480
DA:578,0
DA:579,0
DA:596,0
DA:597,0
DA:614,0
DA:615,0
DA:632,0
DA:633,0
DA:650,0
DA:651,0
DA:668,0
DA:669,0
DA:686,0
DA:687,0
DA:704,0
DA:705,0
DA:722,0
DA:723,0
DA:740,0
DA:741,0
DA:758,0
DA:759,0
DA:776,0
DA:777,0
DA:794,0
DA:795,0
DA:812,0
DA:813,0
DA:830,0
DA:831,0
DA:848,0
DA:849,0
DA:866,0
DA:867,0
DA:884,0
DA:885,0
DA:902,0
DA:903,0
DA:920,0
DA:921,0
DA:938,0
DA:939,0
DA:956,0
DA:957,0
DA:974,0
DA:975,0
DA:992,0
DA:993,0
DA:1010,0
DA:1011,0
DA:1028,0
DA:1029,0
DA:1046,0
DA:1047,0
DA:1064,0
DA:1065,0
DA:1082,0
DA:1083,0
DA:1100,0
DA:1101,0
DA:1118,0
DA:1119,0
DA:1133,0
DA:1134,0
LF:128
LH:2
BRDA:36,1,0,0
BRDA:36,1,1,0
BRDA:53,2,0,0
BRDA:53,2,1,0
BRDA:70,3,0,0
BRDA:70,3,1,0
BRDA:87,4,0,0
BRDA:87,4,1,0
BRDA:104,5,0,0
BRDA:104,5,1,0
BRDA:121,6,0,0
BRDA:121,6,1,0
BRDA:138,7,0,0
BRDA:138,7,1,0
BRDA:155,8,0,0
BRDA:155,8,1,0
BRDA:172,9,0,0
BRDA:172,9,1,0
BRDA:189,10,0,0
BRDA:189,10,1,0
BRDA:206,11,0,0
BRDA:206,11,1,0
BRDA:223,12,0,0
BRDA:223,12,1,0
BRDA:240,13,0,0
BRDA:240,13,1,0
BRDA:257,14,0,0
BRDA:257,14,1,0
BRDA:274,15,0,0
BRDA:274,15,1,0
BRDA:291,16,0,0
BRDA:291,16,1,0
BRDA:308,17,0,0
BRDA:308,17,1,0
BRDA:325,18,0,0
BRDA:325,18,1,0
BRDA:342,19,0,0
BRDA:342,19,1,0
BRDA:359,20,0,0
BRDA:359,20,1,0
BRDA:376,21,0,0
BRDA:376,21,1,0
BRDA:393,22,0,0
BRDA:393,22,1,0
BRDA:410,23,0,0
BRDA:410,23,1,0
BRDA:427,24,0,0
BRDA:427,24,1,0
BRDA:444,25,0,0
BRDA:444,25,1,0
BRDA:461,26,0,0
BRDA:461,26,1,0
BRDA:478,27,0,0
BRDA:478,27,1,0
BRDA:495,28,0,0
BRDA:495,28,1,0
BRDA:512,29,0,0
BRDA:512,29,1,0
BRDA:529,30,0,0
BRDA:529,30,1,0
BRDA:546,31,0,0
BRDA:546,31,1,0
BRDA:560,32,0,3480
BRDA:560,32,1,0
BRDA:579,33,0,0
BRDA:579,33,1,0
BRDA:597,34,0,0
BRDA:597,34,1,0
BRDA:615,35,0,0
BRDA:615,35,1,0
BRDA:633,36,0,0
BRDA:633,36,1,0
BRDA:651,37,0,0
BRDA:651,37,1,0
BRDA:669,38,0,0
BRDA:669,38,1,0
BRDA:687,39,0,0
BRDA:687,39,1,0
BRDA:705,40,0,0
BRDA:705,40,1,0
BRDA:723,41,0,0
BRDA:723,41,1,0
BRDA:741,42,0,0
BRDA:741,42,1,0
BRDA:759,43,0,0
BRDA:759,43,1,0
BRDA:777,44,0,0
BRDA:777,44,1,0
BRDA:795,45,0,0
BRDA:795,45,1,0
BRDA:813,46,0,0
BRDA:813,46,1,0
BRDA:831,47,0,0
BRDA:831,47,1,0
BRDA:849,48,0,0
BRDA:849,48,1,0
BRDA:867,49,0,0
BRDA:867,49,1,0
BRDA:885,50,0,0
BRDA:885,50,1,0
BRDA:903,51,0,0
BRDA:903,51,1,0
BRDA:921,52,0,0
BRDA:921,52,1,0
BRDA:939,53,0,0
BRDA:939,53,1,0
BRDA:957,54,0,0
BRDA:957,54,1,0
BRDA:975,55,0,0
BRDA:975,55,1,0
BRDA:993,56,0,0
BRDA:993,56,1,0
BRDA:1011,57,0,0
BRDA:1011,57,1,0
BRDA:1029,58,0,0
BRDA:1029,58,1,0
BRDA:1047,59,0,0
BRDA:1047,59,1,0
BRDA:1065,60,0,0
BRDA:1065,60,1,0
BRDA:1083,61,0,0
BRDA:1083,61,1,0
BRDA:1101,62,0,0
BRDA:1101,62,1,0
BRDA:1119,63,0,0
BRDA:1119,63,1,0
BRDA:1133,64,0,0
BRDA:1133,64,1,0
BRF:128
BRH:1
end_of_record
TN:
SF:C:\Users\Rakhi\afi-audit\contracts\Interfaces\SafeERC20.sol
FN:22,safeTransfer
FN:30,safeTransferFrom
FN:46,safeApprove
FN:61,safeIncreaseAllowance
FN:70,safeDecreaseAllowance
FN:83,safePermit
FN:105,_callOptionalReturn
FNF:7
FNH:5
FNDA:204,safeTransfer
FNDA:228,safeTransferFrom
FNDA:182,safeApprove
FNDA:529,safeIncreaseAllowance
FNDA:0,safeDecreaseAllowance
FNDA:0,safePermit
FNDA:1143,_callOptionalReturn
DA:27,204
DA:36,228
DA:54,182
DA:58,182
DA:66,529
DA:67,529
DA:75,0
DA:76,0
DA:77,0
DA:78,0
DA:79,0
DA:93,0
DA:94,0
DA:95,0
DA:96,0
DA:110,1143
DA:111,1143
DA:113,1143
LF:18
LH:9
BRDA:54,1,0,182
BRDA:54,1,1,0
BRDA:55,2,0,4
BRDA:55,2,1,178
BRDA:77,3,0,0
BRDA:77,3,1,0
BRDA:96,4,0,0
BRDA:96,4,1,0
BRDA:111,5,0,1143
BRDA:111,5,1,0
BRDA:113,6,0,1143
BRDA:113,6,1,0
BRF:12
BRH:5
end_of_record
TN:
SF:C:\Users\Rakhi\afi-audit\contracts\Interfaces\SafeMath.sol
FN:22,tryAdd
FN:35,trySub
FN:47,tryMul
FN:64,tryDiv
FN:76,tryMod
FN:93,add
FN:107,sub
FN:121,mul
FN:135,div
FN:151,mod
FN:168,sub
FN:191,div
FN:217,mod
FNF:13
FNH:0
FNDA:0,tryAdd
FNDA:0,trySub
FNDA:0,tryMul
FNDA:0,tryDiv
FNDA:0,tryMod
FNDA:0,add
FNDA:0,sub
FNDA:0,mul
FNDA:0,div
FNDA:0,mod
FNDA:0,sub
FNDA:0,div
FNDA:0,mod
DA:23,0
DA:24,0
DA:25,0
DA:26,0
DA:36,0
DA:37,0
DA:38,0
DA:48,0
DA:52,0
DA:53,0
DA:54,0
DA:55,0
DA:65,0
DA:66,0
DA:67,0
DA:77,0
DA:78,0
DA:79,0
DA:94,0
DA:108,0
DA:122,0
DA:136,0
DA:152,0
DA:173,0
DA:174,0
DA:175,0
DA:196,0
DA:197,0
DA:198,0
DA:222,0
DA:223,0
DA:224,0
LF:32
LH:0
BRDA:25,1,0,0
BRDA:25,1,1,0
BRDA:37,2,0,0
BRDA:37,2,1,0
BRDA:52,3,0,0
BRDA:52,3,1,0
BRDA:54,4,0,0
BRDA:54,4,1,0
BRDA:66,5,0,0
BRDA:66,5,1,0
BRDA:78,6,0,0
BRDA:78,6,1,0
BRDA:174,7,0,0
BRDA:174,7,1,0
BRDA:197,8,0,0
BRDA:197,8,1,0
BRDA:223,9,0,0
BRDA:223,9,1,0
BRF:18
BRH:0
end_of_record
TN:
SF:C:\Users\Rakhi\afi-audit\contracts\Interfaces\TimeDelayModule.sol
FN:17,constructor
FN:26,onlyAdmin
FN:31,onlyRescindController
FN:36,onlyRescindChangeController
FN:47,queueTransaction
FN:62,cancelTransaction
FN:74,executeTransaction
FN:91,updateRescindController
FN:95,updateAdmin
FN:100,updateDelay
FN:105,updateExpirationPeriod
FN:110,encodeEmergencyWithdraw
FN:115,encodeTransferOwnership
FN:120,encodeUpdateAdmin
FN:125,encodepauseWithdraw
FNF:15
FNH:1
FNDA:123,constructor
FNDA:0,onlyAdmin
FNDA:0,onlyRescindController
FNDA:0,onlyRescindChangeController
FNDA:0,queueTransaction
FNDA:0,cancelTransaction
FNDA:0,executeTransaction
FNDA:0,updateRescindController
FNDA:0,updateAdmin
FNDA:0,updateDelay
FNDA:0,updateExpirationPeriod
FNDA:0,encodeEmergencyWithdraw
FNDA:0,encodeTransferOwnership
FNDA:0,encodeUpdateAdmin
FNDA:0,encodepauseWithdraw
DA:18,123
DA:19,123
DA:20,123
DA:21,123
DA:22,123
DA:23,123
DA:27,0
DA:28,0
DA:32,0
DA:33,0
DA:37,0
DA:38,0
DA:48,0
DA:50,0
DA:51,0
DA:53,0
DA:54,0
DA:63,0
DA:64,0
DA:65,0
DA:66,0
DA:75,0
DA:76,0
DA:78,0
DA:79,0
DA:81,0
DA:83,0
DA:84,0
DA:86,0
DA:88,0
DA:92,0
DA:96,0
DA:97,0
DA:101,0
DA:102,0
DA:106,0
DA:107,0
DA:111,0
DA:112,0
DA:116,0
DA:117,0
DA:121,0
DA:122,0
DA:126,0
DA:127,0
LF:45
LH:6
BRDA:18,1,0,123
BRDA:18,1,1,0
BRDA:27,2,0,0
BRDA:27,2,1,0
BRDA:32,3,0,0
BRDA:32,3,1,0
BRDA:37,4,0,0
BRDA:37,4,1,0
BRDA:47,5,0,0
BRDA:47,5,1,0
BRDA:48,6,0,0
BRDA:48,6,1,0
BRDA:62,7,0,0
BRDA:62,7,1,0
BRDA:64,8,0,0
BRDA:64,8,1,0
BRDA:74,9,0,0
BRDA:74,9,1,0
BRDA:76,10,0,0
BRDA:76,10,1,0
BRDA:78,11,0,0
BRDA:78,11,1,0
BRDA:79,12,0,0
BRDA:79,12,1,0
BRDA:84,13,0,0
BRDA:84,13,1,0
BRDA:91,14,0,0
BRDA:91,14,1,0
BRDA:96,15,0,0
BRDA:96,15,1,0
BRDA:100,16,0,0
BRDA:100,16,1,0
BRDA:101,17,0,0
BRDA:101,17,1,0
BRDA:105,18,0,0
BRDA:105,18,1,0
BRDA:106,19,0,0
BRDA:106,19,1,0
BRF:38
BRH:1
end_of_record
TN:
SF:C:\Users\Rakhi\afi-audit\contracts\Interfaces\TransferHelper.sol
FN:7,safeApprove
FN:20,safeTransfer
FN:33,safeTransferFrom
FN:47,safeTransferETH
FNF:4
FNH:0
FNDA:0,safeApprove
FNDA:0,safeTransfer
FNDA:0,safeTransferFrom
FNDA:0,safeTransferETH
DA:13,0
DA:14,0
DA:26,0
DA:27,0
DA:40,0
DA:41,0
DA:48,0
DA:49,0
LF:8
LH:0
BRDA:14,1,0,0
BRDA:14,1,1,0
BRDA:15,2,0,0
BRDA:15,2,1,0
BRDA:27,3,0,0
BRDA:27,3,1,0
BRDA:28,4,0,0
BRDA:28,4,1,0
BRDA:41,5,0,0
BRDA:41,5,1,0
BRDA:42,6,0,0
BRDA:42,6,1,0
BRDA:49,7,0,0
BRDA:49,7,1,0
BRF:14
BRH:0
end_of_record
TN:
SF:C:\Users\Rakhi\afi-audit\contracts\Libraries\ArrayUtils.sol
FN:12,sPopAddress
FN:25,sPopUint256
FN:38,sumOfMArrays
FN:55,indexOf
FN:71,contains
FN:81,hasDuplicate
FN:100,remove
FN:117,removeStorage
FN:136,pop
FN:158,extend
FN:181,validatePairsWithArray
FN:193,validatePairsWithArray
FN:205,validatePairsWithArray
FN:217,validatePairsWithArray
FN:232,validatePairsWithArray
FN:242,_validateLengthAndUniqueness
FNF:16
FNH:3
FNDA:0,sPopAddress
FNDA:0,sPopUint256
FNDA:0,sumOfMArrays
FNDA:485,indexOf
FNDA:0,contains
FNDA:0,hasDuplicate
FNDA:9,remove
FNDA:0,removeStorage
FNDA:9,pop
FNDA:0,extend
FNDA:0,validatePairsWithArray
FNDA:0,validatePairsWithArray
FNDA:0,validatePairsWithArray
FNDA:0,validatePairsWithArray
FNDA:0,validatePairsWithArray
FNDA:0,_validateLengthAndUniqueness
DA:13,0
DA:14,0
DA:15,0
DA:18,0
DA:19,0
DA:21,0
DA:26,0
DA:27,0
DA:28,0
DA:31,0
DA:32,0
DA:34,0
DA:42,0
DA:43,0
DA:44,0
DA:46,0
DA:56,485
DA:57,485
DA:58,1359
DA:59,97
DA:62,388
DA:72,0
DA:73,0
DA:82,0
DA:84,0
DA:85,0
DA:86,0
DA:87,0
DA:88,0
DA:92,0
DA:104,9
DA:105,9
DA:106,0
DA:108,9
DA:109,9
DA:118,0
DA:119,0
DA:120,0
DA:122,0
DA:123,0
DA:124,0
DA:126,0
DA:140,9
DA:141,9
DA:142,9
DA:143,9
DA:144,2
DA:146,9
DA:147,9
DA:149,9
DA:162,0
DA:163,0
DA:164,0
DA:165,0
DA:166,0
DA:168,0
DA:169,0
DA:171,0
DA:182,0
DA:183,0
DA:194,0
DA:195,0
DA:206,0
DA:207,0
DA:221,0
DA:222,0
DA:233,0
DA:234,0
DA:243,0
DA:244,0
LF:70
LH:17
BRDA:14,1,0,0
BRDA:14,1,1,0
BRDA:27,2,0,0
BRDA:27,2,1,0
BRDA:58,3,0,97
BRDA:58,3,1,1262
BRDA:82,4,0,0
BRDA:82,4,1,0
BRDA:87,5,0,0
BRDA:87,5,1,0
BRDA:105,6,0,0
BRDA:105,6,1,9
BRDA:119,7,0,0
BRDA:119,7,1,0
BRDA:123,8,0,0
BRDA:123,8,1,0
BRDA:141,9,0,9
BRDA:141,9,1,0
BRDA:182,10,0,0
BRDA:182,10,1,0
BRDA:194,11,0,0
BRDA:194,11,1,0
BRDA:206,12,0,0
BRDA:206,12,1,0
BRDA:221,13,0,0
BRDA:221,13,1,0
BRDA:233,14,0,0
BRDA:233,14,1,0
BRDA:243,15,0,0
BRDA:243,15,1,0
BRDA:244,16,0,0
BRDA:244,16,1,0
BRF:32
BRH:4
end_of_record
TN:
SF:C:\Users\Rakhi\afi-audit\contracts\Libraries\FullMath.sol
FN:14,mulDiv
FN:115,mulDivRoundingUp
FNF:2
FNH:1
FNDA:452,mulDiv
FNDA:0,mulDivRoundingUp
DA:19,452
DA:25,452
DA:26,452
DA:27,452
DA:34,452
DA:35,382
DA:36,382
DA:39,382
DA:44,70
DA:52,70
DA:53,70
DA:57,70
DA:65,70
DA:67,70
DA:72,70
DA:78,70
DA:81,70
DA:88,70
DA:92,70
DA:93,70
DA:94,70
DA:95,70
DA:96,70
DA:97,70
DA:105,70
DA:106,70
DA:120,0
DA:121,0
DA:122,0
DA:123,0
DA:124,0
LF:31
LH:26
BRDA:34,1,0,382
BRDA:34,1,1,70
BRDA:35,2,0,382
BRDA:35,2,1,0
BRDA:44,3,0,70
BRDA:44,3,1,0
BRDA:122,4,0,0
BRDA:122,4,1,0
BRDA:123,5,0,0
BRDA:123,5,1,0
BRF:10
BRH:4
end_of_record
TN:
SF:C:\Users\Rakhi\afi-audit\contracts\Libraries\OracleLibrary.sol
FN:15,getQuoteAtTick
FNF:1
FNH:1
FNDA:452,getQuoteAtTick
DA:21,452
DA:24,452
DA:25,452
DA:26,452
DA:30,0
DA:31,0
LF:6
LH:4
BRDA:24,1,0,452
BRDA:24,1,1,0
BRDA:27,2,0,226
BRDA:27,2,1,226
BRDA:32,3,0,0
BRDA:32,3,1,0
BRF:6
BRH:3
end_of_record
TN:
SF:C:\Users\Rakhi\afi-audit\contracts\Libraries\TickMath.sol
FN:26,getSqrtRatioAtTick
FN:68,getTickAtSqrtRatio
FNF:2
FNH:1
FNDA:452,getSqrtRatioAtTick
FNDA:0,getTickAtSqrtRatio
DA:27,452
DA:28,452
DA:29,452
DA:31,452
DA:34,452
DA:35,452
DA:36,452
DA:37,452
DA:38,452
DA:39,452
DA:40,452
DA:41,452
DA:42,452
DA:43,452
DA:44,452
DA:45,452
DA:46,452
DA:47,452
DA:48,452
DA:49,452
DA:50,452
DA:51,452
DA:52,452
DA:54,452
DA:59,452
DA:69,0
DA:71,0
DA:72,0
DA:74,0
DA:75,0
DA:77,0
DA:82,0
DA:87,0
DA:92,0
DA:97,0
DA:102,0
DA:107,0
DA:112,0
DA:117,0
DA:120,0
DA:122,0
DA:128,0
DA:134,0
DA:140,0
DA:146,0
DA:152,0
DA:158,0
DA:164,0
DA:170,0
DA:176,0
DA:182,0
DA:188,0
DA:194,0
DA:200,0
DA:206,0
DA:208,0
DA:209,0
DA:211,0
LF:58
LH:25
BRDA:28,1,0,0
BRDA:28,1,1,452
BRDA:29,2,0,0
BRDA:29,2,1,452
BRDA:32,3,0,172
BRDA:32,3,1,280
BRDA:34,4,0,188
BRDA:34,4,1,264
BRDA:35,5,0,118
BRDA:35,5,1,334
BRDA:36,6,0,172
BRDA:36,6,1,280
BRDA:37,7,0,190
BRDA:37,7,1,262
BRDA:38,8,0,115
BRDA:38,8,1,337
BRDA:39,9,0,128
BRDA:39,9,1,324
BRDA:40,10,0,74
BRDA:40,10,1,378
BRDA:41,11,0,122
BRDA:41,11,1,330
BRDA:42,12,0,305
BRDA:42,12,1,147
BRDA:43,13,0,166
BRDA:43,13,1,286
BRDA:44,14,0,90
BRDA:44,14,1,362
BRDA:45,15,0,160
BRDA:45,15,1,292
BRDA:46,16,0,136
BRDA:46,16,1,316
BRDA:47,17,0,226
BRDA:47,17,1,226
BRDA:48,18,0,226
BRDA:48,18,1,226
BRDA:49,19,0,226
BRDA:49,19,1,226
BRDA:50,20,0,0
BRDA:50,20,1,452
BRDA:51,21,0,0
BRDA:51,21,1,452
BRDA:52,22,0,0
BRDA:52,22,1,452
BRDA:54,23,0,452
BRDA:54,23,1,0
BRDA:71,24,0,0
BRDA:71,24,1,0
BRDA:117,25,0,0
BRDA:117,25,1,0
BRDA:211,26,0,0
BRDA:211,26,1,0
BRDA:211,27,0,0
BRDA:211,27,1,0
BRF:54
BRH:40
end_of_record
TN:
SF:C:\Users\Rakhi\afi-audit\contracts\mockcontracts\AFiExchangeMock.sol
FN:14,constructor
FN:20,swapUSDTForAFi
FN:32,depositAFiToken
FNF:3
FNH:0
FNDA:0,constructor
FNDA:0,swapUSDTForAFi
FNDA:0,depositAFiToken
DA:15,0
DA:16,0
DA:21,0
DA:24,0
DA:26,0
DA:28,0
DA:33,0
DA:34,0
LF:8
LH:0
BRDA:21,1,0,0
BRDA:21,1,1,0
BRDA:26,2,0,0
BRDA:26,2,1,0
BRDA:28,3,0,0
BRDA:28,3,1,0
BRDA:33,4,0,0
BRDA:33,4,1,0
BRF:8
BRH:0
end_of_record
TN:
SF:C:\Users\Rakhi\afi-audit\contracts\mockcontracts\OneInch.sol
FN:39,constructor
FN:44,swapTokensOneInchV6
FN:73,
FNF:3
FNH:0
FNDA:0,constructor
FNDA:0,swapTokensOneInchV6
FNDA:0,
DA:40,0
DA:41,0
DA:49,0
DA:51,0
DA:52,0
DA:54,0
DA:55,0
DA:59,0
DA:60,0
DA:62,0
DA:63,0
DA:66,0
DA:67,0
DA:69,0
LF:14
LH:0
BRDA:40,1,0,0
BRDA:40,1,1,0
BRDA:49,2,0,0
BRDA:49,2,1,0
BRDA:51,3,0,0
BRDA:51,3,1,0
BRDA:60,4,0,0
BRDA:60,4,1,0
BRDA:62,5,0,0
BRDA:62,5,1,0
BRDA:66,6,0,0
BRDA:66,6,1,0
BRF:12
BRH:0
end_of_record
TN:
SF:C:\Users\Rakhi\afi-audit\contracts\mockcontracts\TestToken.sol
FN:9,constructor
FN:12,mint
FNF:2
FNH:0
FNDA:0,constructor
FNDA:0,mint
DA:13,0
LF:1
LH:0
BRF:0
BRH:0
end_of_record
